2025-07-16 14:03:38,741 - INFO - Driver initialized, starting test cases
2025-07-16 14:03:39,855 - INFO - 成功保存第1张图片: 32025070710124600011506.jpg
2025-07-16 14:03:40,944 - INFO - 成功保存第2张图片: 32025061009383600015014.jpg
2025-07-16 14:03:41,422 - INFO - 成功保存第3张图片: 32025061216075200014766.jpg
2025-07-16 14:03:41,815 - INFO - 成功保存第4张图片: 32025061216081500017524.jpg
2025-07-16 14:03:42,167 - INFO - 成功保存第5张图片: 32025061216084500012882.jpg
2025-07-16 14:03:42,167 - INFO - 图片处理完成，共尝试下载5张，成功5张
2025-07-16 14:03:44,858 - INFO - 成功保存截图到：D:\huan\Print_APP\screenshots\app_banner\banner_1752645824.png
2025-07-16 14:03:48,101 - INFO - 图片已经被保存过，跳过。
2025-07-16 14:03:50,035 - INFO - 成功保存截图到：D:\huan\Print_APP\screenshots\app_banner\banner_1752645829.png
2025-07-16 14:03:53,187 - INFO - 图片已经被保存过，跳过。
2025-07-16 14:03:54,991 - INFO - 成功保存截图到：D:\huan\Print_APP\screenshots\app_banner\banner_1752645834.png
2025-07-16 14:03:58,149 - INFO - 图片已经被保存过，跳过。
2025-07-16 14:04:00,108 - INFO - 成功保存截图到：D:\huan\Print_APP\screenshots\app_banner\banner_1752645839.png
2025-07-16 14:04:03,936 - INFO - 图片已经被保存过，跳过。
2025-07-16 14:04:05,315 - INFO - 成功保存截图到：D:\huan\Print_APP\screenshots\app_banner\banner_1752645845.png
2025-07-16 14:04:07,325 - INFO - 共截取并保存了 5 张唯一的banner截图。
2025-07-16 14:04:07,440 - INFO - APP保存的图片与接口返回的图片有95%以上相似，无需手动确认
2025-07-16 14:04:07,463 - INFO - APP保存的图片与接口返回的图片有95%以上相似，无需手动确认
2025-07-16 14:04:07,603 - INFO - APP保存的图片与接口返回的图片有95%以上相似，无需手动确认
2025-07-16 14:04:07,730 - INFO - APP保存的图片与接口返回的图片有95%以上相似，无需手动确认
2025-07-16 14:04:07,853 - INFO - APP保存的图片与接口返回的图片有95%以上相似，无需手动确认
2025-07-16 14:04:07,880 - INFO - Test case execution finished
