2025-07-18 10:17:44,936 - INFO - Driver initialized, starting test cases
2025-07-18 10:17:45,625 - INFO - 开始测试设备: P21
2025-07-18 10:17:45,625 - INFO - 开始处理设备: P21
2025-07-18 10:17:45,625 - INFO - 正在选择设备: P21
2025-07-18 10:17:49,143 - INFO - 点击P21    =>定位值: ('id', 'com.nelko.printer:id/tv_printer_model'), 
2025-07-18 10:17:50,338 - INFO - 点击P21    =>定位值: ('xpath', '//android.widget.TextView[@resource-id="com.nelko.printer:id/text_device_name" and @text="P21"]'), 
2025-07-18 10:17:51,175 - INFO - 点击确定    =>定位值: ('id', 'com.nelko.printer:id/tv_ok'), 
2025-07-18 10:17:51,228 - INFO - 设备 P21 选择完成
2025-07-18 10:17:52,578 - INFO - 点击AI图库    =>定位值: ('xpath', '//android.widget.TextView[@resource-id="com.nelko.printer:id/view_menu_title" and @text="AI图库"]'), 
2025-07-18 10:17:56,652 - INFO - 完整API模板: ['黑白', '动物', '特色', '饮料', '节日', '食物', '日记', '自然', '运动', '旅行']
2025-07-18 10:17:56,652 - INFO - 完整APP模板: ['黑白', '动物', '特色', '饮料', '节日', '食物', '日记', '自然', '运动', '旅行']
2025-07-18 10:17:57,097 - INFO - 点击全部    =>定位值: ('xpath', '//android.widget.TextView[@text="全部"]'), 
2025-07-18 10:17:58,020 - INFO - 点击[无可见文本]    =>定位值: ('xpath', '(//android.widget.ImageView[@resource-id="com.nelko.printer:id/item_aigallery_image"])[1]'), 
2025-07-18 10:17:59,903 - INFO - 点击789    =>定位值: ('id', 'com.nelko.printer:id/act_ai_detail_cv_tv'), 
2025-07-18 10:18:03,673 - INFO - 点击邮箱    =>定位值: ('id', 'com.nelko.printer:id/edit_email'), 
2025-07-18 10:18:07,703 - INFO - 点击密码    =>定位值: ('id', 'com.nelko.printer:id/edit_password'), 
2025-07-18 10:18:11,375 - INFO - 点击[无可见文本]    =>定位值: ('id', 'com.nelko.printer:id/checkBox_agreement'), 
2025-07-18 10:18:12,138 - INFO - 点击登录    =>定位值: ('id', 'com.nelko.printer:id/sign_in'), 
2025-07-18 10:18:14,959 - INFO - 点击789    =>定位值: ('id', 'com.nelko.printer:id/act_ai_detail_cv_tv'), 
2025-07-18 10:18:16,834 - ERROR - 执行返回
2025-07-18 10:18:18,046 - ERROR - 执行返回
2025-07-18 10:18:19,274 - ERROR - 执行返回
2025-07-18 10:18:19,274 - INFO - 设备 P21 处理完成
2025-07-18 10:18:19,274 - INFO - 设备 P21 测试完成
2025-07-18 10:18:19,274 - INFO - 开始测试设备: P31S
2025-07-18 10:18:19,274 - INFO - 开始处理设备: P31S
2025-07-18 10:18:19,275 - INFO - 正在选择设备: P31S
2025-07-18 10:18:21,701 - INFO - 点击P21    =>定位值: ('id', 'com.nelko.printer:id/tv_printer_model'), 
2025-07-18 10:18:23,069 - INFO - 点击P31S    =>定位值: ('xpath', '//android.widget.TextView[@resource-id="com.nelko.printer:id/text_device_name" and @text="P31S"]'), 
2025-07-18 10:18:23,929 - INFO - 点击确定    =>定位值: ('id', 'com.nelko.printer:id/tv_ok'), 
2025-07-18 10:18:23,973 - INFO - 设备 P31S 选择完成
2025-07-18 10:18:29,005 - ERROR - 元素 ('xpath', '//android.widget.TextView[@resource-id="com.nelko.printer:id/view_menu_title" and @text="AI打印"]') 超时未找到
2025-07-18 10:18:29,005 - INFO - 获取位置失败 ('xpath', '//android.widget.TextView[@resource-id="com.nelko.printer:id/view_menu_title" and @text="AI打印"]'), 点击事件执行失败
2025-07-18 10:18:29,006 - INFO - 开始测试设备: PM220
2025-07-18 10:18:29,007 - INFO - 开始处理设备: PM220
2025-07-18 10:18:29,007 - INFO - 正在选择设备: PM220
2025-07-18 10:18:29,300 - INFO - 点击P31S    =>定位值: ('id', 'com.nelko.printer:id/tv_printer_model'), 
2025-07-18 10:18:31,111 - INFO - 点击PM220    =>定位值: ('xpath', '//android.widget.TextView[@resource-id="com.nelko.printer:id/text_device_name" and @text="PM220"]'), 
2025-07-18 10:18:31,923 - INFO - 点击确定    =>定位值: ('id', 'com.nelko.printer:id/tv_ok'), 
2025-07-18 10:18:31,960 - INFO - 设备 PM220 选择完成
2025-07-18 10:18:35,729 - INFO - 点击AI打印    =>定位值: ('xpath', '//android.widget.TextView[@resource-id="com.nelko.printer:id/view_menu_title" and @text="AI打印"]'), 
2025-07-18 10:18:41,162 - ERROR - 元素 ('xpath', '//androidx.recyclerview.widget.RecyclerView[@resource-id="com.nelko.printer:id/act_ai_category_rcv"]') 超时未找到
2025-07-18 10:18:46,370 - ERROR - 元素 ('xpath', '//androidx.recyclerview.widget.RecyclerView[@resource-id="com.nelko.printer:id/act_ai_category_rcv"]') 超时未找到
2025-07-18 10:18:46,372 - INFO - 执行第二个测试用例
2025-07-18 10:18:46,372 - INFO - Test case execution finished
