logger.py [line:37] DEBUG 点击文本:P21=>定位值: com.nelko.printer:id/tv_printer_model, 
logger.py [line:37] DEBUG 点击文本:[无可见文本]=>定位值: (//android.widget.RelativeLayout[@resource-id="com.nelko.printer:id/rela"])[1], 
logger.py [line:37] DEBUG 点击文本:确定=>定位值: com.nelko.printer:id/tv_ok, 
logger.py [line:37] DEBUG 点击文本:[无可见文本]=>定位值: (//android.widget.ImageView[@resource-id="com.nelko.printer:id/view_menu_icon"])[1], 
logger.py [line:37] DEBUG P21完整API模板: ['存储', '零售', '工作', '名字', '医疗', '祝福', '开关', '课程', '地址', '其他']
logger.py [line:37] DEBUG P21完整APP模板: ['存储', '零售', '工作', '名字', '医疗', '祝福', '开关', '课程', '地址', '其他']
logger.py [line:37] DEBUG 点击文本:全部尺寸=>定位值: com.nelko.printer:id/text_size, 
logger.py [line:37] DEBUG P21接口返回尺寸: ['14x40', '40x14', '40x15']
logger.py [line:37] DEBUG P21APP展示尺寸: ['14x40', '40x14', '40x15']
logger.py [line:37] DEBUG 获取到模板名称: 圣诞节
logger.py [line:37] DEBUG 点击文本:搜索=>定位值: com.nelko.printer:id/view_et_content, 
logger.py [line:37] DEBUG 点击文本:请输入搜索内容=>定位值: com.nelko.printer:id/view_et_content, 
logger.py [line:37] DEBUG 名称比对: 原始[圣诞节] vs 搜索[圣诞节] 一致
logger.py [line:37] DEBUG 点击文本:全部尺寸=>定位值: com.nelko.printer:id/text_size, 
logger.py [line:37] DEBUG 点击文本:40x14=>定位值: //android.widget.CheckBox[@text="40x14"], 
logger.py [line:37] DEBUG 点击文本:确定=>定位值: com.nelko.printer:id/btn_selected, 
logger.py [line:37] DEBUG 尺寸验证通过: 选择[40x14] ↔ 显示[40x14]
logger.py [line:37] DEBUG 点击文本:P21=>定位值: com.nelko.printer:id/tv_printer_model, 
logger.py [line:37] DEBUG 点击文本:[无可见文本]=>定位值: (//android.widget.RelativeLayout[@resource-id="com.nelko.printer:id/rela"])[2], 
logger.py [line:37] DEBUG 点击文本:确定=>定位值: com.nelko.printer:id/tv_ok, 
logger.py [line:37] DEBUG 点击文本:[无可见文本]=>定位值: (//android.widget.ImageView[@resource-id="com.nelko.printer:id/view_menu_icon"])[1], 
logger.py [line:37] DEBUG P31S完整API模板: ['存储', '零售', '工作', '名字', '医疗', '祝福', '开关', '课程', '地址', '其他']
logger.py [line:37] DEBUG P31S完整APP模板: ['存储', '零售', '工作', '名字', '医疗', '祝福', '开关', '课程', '地址', '其他']
logger.py [line:37] DEBUG 点击文本:全部尺寸=>定位值: com.nelko.printer:id/text_size, 
logger.py [line:37] DEBUG P31S接口返回尺寸: ['14x40', '40x14', '40x15']
logger.py [line:37] DEBUG P31SAPP展示尺寸: ['14x40', '40x14', '40x15']
logger.py [line:37] DEBUG 获取到模板名称: 圣诞节
logger.py [line:37] DEBUG 点击文本:搜索=>定位值: com.nelko.printer:id/view_et_content, 
logger.py [line:37] DEBUG 点击文本:请输入搜索内容=>定位值: com.nelko.printer:id/view_et_content, 
logger.py [line:37] DEBUG 名称比对: 原始[圣诞节] vs 搜索[圣诞节] 一致
logger.py [line:37] DEBUG 点击文本:全部尺寸=>定位值: com.nelko.printer:id/text_size, 
logger.py [line:37] DEBUG 点击文本:40x14=>定位值: //android.widget.CheckBox[@text="40x14"], 
logger.py [line:37] DEBUG 点击文本:确定=>定位值: com.nelko.printer:id/btn_selected, 
logger.py [line:37] DEBUG 尺寸验证通过: 选择[40x14] ↔ 显示[40x14]
logger.py [line:37] DEBUG 点击文本:P31S=>定位值: com.nelko.printer:id/tv_printer_model, 
logger.py [line:37] DEBUG 点击文本:[无可见文本]=>定位值: (//android.widget.RelativeLayout[@resource-id="com.nelko.printer:id/rela"])[3], 
logger.py [line:37] DEBUG 点击文本:确定=>定位值: com.nelko.printer:id/tv_ok, 
logger.py [line:37] DEBUG 点击文本:[无可见文本]=>定位值: (//android.widget.ImageView[@resource-id="com.nelko.printer:id/view_menu_icon"])[1], 
logger.py [line:37] DEBUG PM220完整API模板: ['存储', '零售', '工作', '名字', '医疗', '祝福', '条码', '地址', 'DIY', '家居']
logger.py [line:37] DEBUG PM220完整APP模板: ['存储', '零售', '工作', '名字', '医疗', '祝福', '条码', '地址', 'DIY', '家居']
logger.py [line:37] DEBUG 点击文本:全部尺寸=>定位值: com.nelko.printer:id/text_size, 
logger.py [line:37] DEBUG PM220接口返回尺寸: ['30x20', '30x40', '30x50', '31x31', '40x30', '40x60', '50x30', '50x50', '50x80', '51x51', '60x40', '70x80', '80x50']
logger.py [line:37] DEBUG PM220APP展示尺寸: ['30x20', '30x40', '30x50', '31x31', '40x30', '40x60', '50x30', '50x50', '50x80', '51x51', '60x40', '70x80', '80x50']
logger.py [line:37] DEBUG 获取到模板名称: Back to school
logger.py [line:37] DEBUG 点击文本:搜索=>定位值: com.nelko.printer:id/view_et_content, 
logger.py [line:37] DEBUG 点击文本:请输入搜索内容=>定位值: com.nelko.printer:id/view_et_content, 
logger.py [line:37] DEBUG 名称比对: 原始[Back to school] vs 搜索[Back to school] 一致
logger.py [line:37] DEBUG 点击文本:全部尺寸=>定位值: com.nelko.printer:id/text_size, 
logger.py [line:37] DEBUG 点击文本:50x30=>定位值: //android.widget.CheckBox[@text="50x30"], 
logger.py [line:37] DEBUG 点击文本:确定=>定位值: com.nelko.printer:id/btn_selected, 
logger.py [line:37] DEBUG 尺寸验证通过: 选择[50x30] ↔ 显示[50x30]
logger.py [line:37] DEBUG 点击文本:PM220=>定位值: com.nelko.printer:id/tv_printer_model, 
logger.py [line:37] DEBUG 点击文本:[无可见文本]=>定位值: (//android.widget.RelativeLayout[@resource-id="com.nelko.printer:id/rela"])[2], 
logger.py [line:37] DEBUG 点击文本:确定=>定位值: com.nelko.printer:id/tv_ok, 
logger.py [line:37] DEBUG 点击文本:[无可见文本]=>定位值: (//android.widget.ImageView[@resource-id="com.nelko.printer:id/view_menu_icon"])[1], 
logger.py [line:37] DEBUG PM220S完整API模板: ['存储', '零售', '工作', '名字', '医疗', '祝福', '条码', '地址', 'DIY', '家居']
logger.py [line:37] DEBUG PM220S完整APP模板: ['存储', '零售', '工作', '名字', '医疗', '祝福', '条码', '地址', 'DIY', '家居']
logger.py [line:37] DEBUG 点击文本:全部尺寸=>定位值: com.nelko.printer:id/text_size, 
logger.py [line:37] DEBUG PM220S接口返回尺寸: ['30x20', '30x40', '30x50', '31x31', '40x30', '40x60', '50x30', '50x50', '50x80', '51x51', '60x40', '70x80', '80x50']
logger.py [line:37] DEBUG PM220SAPP展示尺寸: ['30x20', '30x40', '30x50', '31x31', '40x30', '40x60', '50x30', '50x50', '50x80', '51x51', '60x40', '70x80', '80x50']
logger.py [line:37] DEBUG 获取到模板名称: Back to school
logger.py [line:37] DEBUG 点击文本:搜索=>定位值: com.nelko.printer:id/view_et_content, 
logger.py [line:37] DEBUG 点击文本:请输入搜索内容=>定位值: com.nelko.printer:id/view_et_content, 
logger.py [line:37] DEBUG 名称比对: 原始[Back to school] vs 搜索[Back to school] 一致
logger.py [line:37] DEBUG 点击文本:全部尺寸=>定位值: com.nelko.printer:id/text_size, 
logger.py [line:37] DEBUG 点击文本:50x30=>定位值: //android.widget.CheckBox[@text="50x30"], 
logger.py [line:37] DEBUG 点击文本:确定=>定位值: com.nelko.printer:id/btn_selected, 
logger.py [line:37] DEBUG 尺寸验证通过: 选择[50x30] ↔ 显示[50x30]
logger.py [line:37] DEBUG 点击文本:PM220S=>定位值: com.nelko.printer:id/tv_printer_model, 
logger.py [line:37] DEBUG 点击文本:[无可见文本]=>定位值: (//android.widget.RelativeLayout[@resource-id="com.nelko.printer:id/rela"])[3], 
logger.py [line:37] DEBUG 点击文本:确定=>定位值: com.nelko.printer:id/tv_ok, 
logger.py [line:37] DEBUG 点击文本:[无可见文本]=>定位值: (//android.widget.ImageView[@resource-id="com.nelko.printer:id/view_menu_icon"])[2], 
logger.py [line:37] DEBUG PM230完整API模板: ['存储', '零售', '工作', '名片', '待办清单', '便利贴', '艺术', '自然植物']
logger.py [line:37] DEBUG PM230完整APP模板: ['存储', '零售', '工作', '名片', '待办清单', '便利贴', '艺术', '自然植物']
logger.py [line:37] DEBUG 点击文本:全部尺寸=>定位值: com.nelko.printer:id/text_size, 
logger.py [line:37] DEBUG PM230接口返回尺寸: ['115x54', '54x166', '54x24', '54x31', '54x35', '54x36', '54x37', '54x38', '54x41', '54x46', '54x47', '54x48', '54x50', '54x52', '54x54', '54x56', '54x58', '54x60', '54x62', '54x64', '54x67', '54x68', '54x70', '54x73', '54x74', '54x75', '54x76', '54x77', '54x79', '54x80', '54x85', '54x87', '54x90', '86x54']
logger.py [line:37] DEBUG PM230APP展示尺寸: ['115x54', '54x166', '54x24', '54x31', '54x35', '54x36', '54x37', '54x38', '54x41', '54x46', '54x47', '54x48', '54x50', '54x52', '54x54', '54x56', '54x58', '54x60', '54x62', '54x64', '54x67', '54x68', '54x70', '54x73', '54x74', '54x75', '54x76', '54x77', '54x79', '54x80', '54x85', '54x87', '54x90', '86x54']
logger.py [line:37] DEBUG 获取到模板名称: Flowers Rectangular Label
logger.py [line:37] DEBUG 点击文本:搜索=>定位值: com.nelko.printer:id/view_et_content, 
logger.py [line:37] DEBUG 点击文本:请输入搜索内容=>定位值: com.nelko.printer:id/view_et_content, 
logger.py [line:37] DEBUG 名称比对: 原始[Flowers Rectangular Label] vs 搜索[Flowers Rectangular Label] 一致
logger.py [line:37] DEBUG 点击文本:全部尺寸=>定位值: com.nelko.printer:id/text_size, 
logger.py [line:37] DEBUG 点击文本:115x54=>定位值: //android.widget.CheckBox[@text="115x54"], 
logger.py [line:41] ERROR 元素 ('id', 'com.nelko.printer:id/btn_selected') 超时未找到
logger.py [line:41] ERROR 获取位置失败com.nelko.printer:id/btn_selected,点击事件执行失败
logger.py [line:37] DEBUG 尺寸验证通过: 选择[115x54] ↔ 显示[115x54]
logger.py [line:37] DEBUG 点击文本:PM230=>定位值: com.nelko.printer:id/tv_printer_model, 
logger.py [line:37] DEBUG 点击文本:[无可见文本]=>定位值: (//android.widget.RelativeLayout[@resource-id="com.nelko.printer:id/rela"])[2], 
logger.py [line:37] DEBUG 点击文本:确定=>定位值: com.nelko.printer:id/tv_ok, 
logger.py [line:37] DEBUG 点击文本:[无可见文本]=>定位值: (//android.widget.ImageView[@resource-id="com.nelko.printer:id/view_menu_icon"])[2], 
logger.py [line:37] DEBUG PL70e-BT完整API模板: ['存储', '零售', '文件', '条码', '地址']
logger.py [line:37] DEBUG PL70e-BT完整APP模板: ['存储', '零售', '文件', '条码', '地址']
logger.py [line:37] DEBUG 点击文本:全部尺寸=>定位值: com.nelko.printer:id/text_size, 
logger.py [line:37] DEBUG PL70e-BT接口返回尺寸: ['102x57', '25x51', '51x25', '51x76', '57x32', '76x25', '76x51']
logger.py [line:37] DEBUG PL70e-BTAPP展示尺寸: ['102x57', '25x51', '51x25', '51x76', '57x32', '76x25', '76x51']
logger.py [line:37] DEBUG 获取到模板名称: Product inventory 
logger.py [line:37] DEBUG 点击文本:搜索=>定位值: com.nelko.printer:id/view_et_content, 
logger.py [line:37] DEBUG 点击文本:请输入搜索内容=>定位值: com.nelko.printer:id/view_et_content, 
logger.py [line:37] DEBUG 名称比对: 原始[Product inventory ] vs 搜索[Product inventory ] 一致
logger.py [line:37] DEBUG 点击文本:全部尺寸=>定位值: com.nelko.printer:id/text_size, 
logger.py [line:37] DEBUG 点击文本:76x51=>定位值: //android.widget.CheckBox[@text="76x51"], 
logger.py [line:37] DEBUG 点击文本:确定=>定位值: com.nelko.printer:id/btn_selected, 
logger.py [line:37] DEBUG 尺寸验证通过: 选择[76x51] ↔ 显示[76x51]
logger.py [line:37] DEBUG 点击文本:PL70e-BT=>定位值: com.nelko.printer:id/tv_printer_model, 
logger.py [line:37] DEBUG 点击文本:[无可见文本]=>定位值: (//android.widget.RelativeLayout[@resource-id="com.nelko.printer:id/rela"])[3], 
logger.py [line:37] DEBUG 点击文本:确定=>定位值: com.nelko.printer:id/tv_ok, 
logger.py [line:37] DEBUG 点击文本:[无可见文本]=>定位值: (//android.widget.ImageView[@resource-id="com.nelko.printer:id/view_menu_icon"])[1], 
logger.py [line:37] DEBUG PM360完整API模板: ['存储', '零售', '工作', '名字', '医疗', '祝福', '条码', '地址', 'DIY', '家居']
logger.py [line:37] DEBUG PM360完整APP模板: ['存储', '零售', '工作', '名字', '医疗', '祝福', '条码', '地址', 'DIY', '家居']
logger.py [line:37] DEBUG 点击文本:全部尺寸=>定位值: com.nelko.printer:id/text_size, 
logger.py [line:37] DEBUG PM360接口返回尺寸: ['30x20', '30x40', '30x50', '31x31', '40x30', '40x60', '50x30', '50x50', '50x80', '51x51', '60x40', '70x40', '70x80', '80x50', '80x70']
logger.py [line:37] DEBUG PM360APP展示尺寸: ['30x20', '30x40', '30x50', '31x31', '40x30', '40x60', '50x30', '50x50', '50x80', '51x51', '60x40', '70x40', '70x80', '80x50', '80x70']
logger.py [line:37] DEBUG 获取到模板名称: Back to school
logger.py [line:37] DEBUG 点击文本:搜索=>定位值: com.nelko.printer:id/view_et_content, 
logger.py [line:37] DEBUG 点击文本:请输入搜索内容=>定位值: com.nelko.printer:id/view_et_content, 
logger.py [line:37] DEBUG 名称比对: 原始[Back to school] vs 搜索[Back to school] 一致
logger.py [line:37] DEBUG 点击文本:全部尺寸=>定位值: com.nelko.printer:id/text_size, 
logger.py [line:37] DEBUG 点击文本:50x30=>定位值: //android.widget.CheckBox[@text="50x30"], 
logger.py [line:37] DEBUG 点击文本:确定=>定位值: com.nelko.printer:id/btn_selected, 
logger.py [line:37] DEBUG 尺寸验证通过: 选择[50x30] ↔ 显示[50x30]
logger.py [line:37] DEBUG 点击文本:PM360=>定位值: com.nelko.printer:id/tv_printer_model, 
logger.py [line:37] DEBUG 点击文本:[无可见文本]=>定位值: (//android.widget.RelativeLayout[@resource-id="com.nelko.printer:id/rela"])[2], 
logger.py [line:37] DEBUG 点击文本:确定=>定位值: com.nelko.printer:id/tv_ok, 
logger.py [line:37] DEBUG 点击文本:[无可见文本]=>定位值: (//android.widget.ImageView[@resource-id="com.nelko.printer:id/view_menu_icon"])[1], 
logger.py [line:37] DEBUG P22完整API模板: ['存储', '零售', '工作', '名字', '医疗', '祝福', '开关', '课程', '其他']
logger.py [line:37] DEBUG P22完整APP模板: ['存储', '零售', '工作', '名字', '医疗', '祝福', '开关', '课程', '其他']
logger.py [line:37] DEBUG 点击文本:全部尺寸=>定位值: com.nelko.printer:id/text_size, 
logger.py [line:37] DEBUG P22接口返回尺寸: ['14x40', '40x14', '40x15']
logger.py [line:37] DEBUG P22APP展示尺寸: ['14x40', '40x14', '40x15']
logger.py [line:37] DEBUG 获取到模板名称: 圣诞节
logger.py [line:37] DEBUG 点击文本:搜索=>定位值: com.nelko.printer:id/view_et_content, 
logger.py [line:37] DEBUG 点击文本:请输入搜索内容=>定位值: com.nelko.printer:id/view_et_content, 
logger.py [line:37] DEBUG 名称比对: 原始[圣诞节] vs 搜索[圣诞节] 一致
logger.py [line:37] DEBUG 点击文本:全部尺寸=>定位值: com.nelko.printer:id/text_size, 
logger.py [line:37] DEBUG 点击文本:40x14=>定位值: //android.widget.CheckBox[@text="40x14"], 
logger.py [line:37] DEBUG 点击文本:确定=>定位值: com.nelko.printer:id/btn_selected, 
logger.py [line:37] DEBUG 尺寸验证通过: 选择[40x14] ↔ 显示[40x14]
logger.py [line:37] DEBUG 点击文本:P22=>定位值: com.nelko.printer:id/tv_printer_model, 
logger.py [line:37] DEBUG 点击文本:[无可见文本]=>定位值: (//android.widget.RelativeLayout[@resource-id="com.nelko.printer:id/rela"])[3], 
logger.py [line:37] DEBUG 点击文本:确定=>定位值: com.nelko.printer:id/tv_ok, 
logger.py [line:37] DEBUG 点击文本:[无可见文本]=>定位值: (//android.widget.ImageView[@resource-id="com.nelko.printer:id/view_menu_icon"])[2], 
logger.py [line:37] DEBUG PL80E完整API模板: ['存储', '零售', '文件', '条码', '地址']
logger.py [line:37] DEBUG PL80E完整APP模板: ['存储', '零售', '文件', '条码', '地址']
logger.py [line:37] DEBUG 点击文本:全部尺寸=>定位值: com.nelko.printer:id/text_size, 
logger.py [line:37] DEBUG PL80E接口返回尺寸: ['102x57', '25x51', '51x25', '51x76', '57x32', '76x25', '76x51']
logger.py [line:37] DEBUG PL80EAPP展示尺寸: ['102x57', '25x51', '51x25', '51x76', '57x32', '76x25', '76x51']
logger.py [line:37] DEBUG 获取到模板名称: Product inventory 
logger.py [line:37] DEBUG 点击文本:搜索=>定位值: com.nelko.printer:id/view_et_content, 
logger.py [line:37] DEBUG 点击文本:请输入搜索内容=>定位值: com.nelko.printer:id/view_et_content, 
logger.py [line:37] DEBUG 名称比对: 原始[Product inventory ] vs 搜索[Product inventory ] 一致
logger.py [line:37] DEBUG 点击文本:全部尺寸=>定位值: com.nelko.printer:id/text_size, 
logger.py [line:37] DEBUG 点击文本:76x51=>定位值: //android.widget.CheckBox[@text="76x51"], 
logger.py [line:37] DEBUG 点击文本:确定=>定位值: com.nelko.printer:id/btn_selected, 
logger.py [line:37] DEBUG 尺寸验证通过: 选择[76x51] ↔ 显示[76x51]
logger.py [line:37] DEBUG 点击文本:同意=>定位值: com.nelko.printer:id/tv_ui_confirm, 
logger.py [line:37] DEBUG 点击文本:稍后连接=>定位值: //android.widget.TextView[@resource-id="com.nelko.printer:id/connect_later_tv"], 
logger.py [line:37] DEBUG 点击文本:确定=>定位值: //android.widget.TextView[@resource-id="com.nelko.printer:id/tv_ok"], 
logger.py [line:37] DEBUG 点击文本:[无可见文本]=>定位值: com.nelko.printer:id/iv_back, 
logger.py [line:37] DEBUG 点击文本:我知道了=>定位值: com.nelko.printer:id/hint_more_btn_ok, 
logger.py [line:37] DEBUG 点击文本:P21=>定位值: com.nelko.printer:id/tv_printer_model, 
logger.py [line:37] DEBUG 点击文本:[无可见文本]=>定位值: (//android.widget.RelativeLayout[@resource-id="com.nelko.printer:id/rela"])[1], 
logger.py [line:37] DEBUG 点击文本:确定=>定位值: com.nelko.printer:id/tv_ok, 
logger.py [line:37] DEBUG 点击文本:[无可见文本]=>定位值: (//android.widget.ImageView[@resource-id="com.nelko.printer:id/view_menu_icon"])[1], 
logger.py [line:37] DEBUG P21完整API模板: ['存储', '零售', '工作', '名字', '医疗', '祝福', '开关', '课程', '地址', '其他']
logger.py [line:37] DEBUG P21完整APP模板: ['存储', '零售', '工作', '名字', '医疗', '祝福', '开关', '课程', '地址', '其他']
logger.py [line:37] DEBUG 点击文本:全部尺寸=>定位值: com.nelko.printer:id/text_size, 
logger.py [line:41] ERROR 测试失败: 'Template' object has no attribute '_testMethodName'
logger.py [line:41] ERROR 元素 ('id', 'com.nelko.printer:id/tv_printer_model') 超时未找到
logger.py [line:41] ERROR 获取位置失败com.nelko.printer:id/tv_printer_model,点击事件执行失败
logger.py [line:41] ERROR 元素 ('xpath', '(//android.widget.RelativeLayout[@resource-id="com.nelko.printer:id/rela"])[2]') 超时未找到
logger.py [line:41] ERROR 获取位置失败(//android.widget.RelativeLayout[@resource-id="com.nelko.printer:id/rela"])[2],点击事件执行失败
logger.py [line:41] ERROR 元素 ('id', 'com.nelko.printer:id/tv_ok') 超时未找到
logger.py [line:41] ERROR 获取位置失败com.nelko.printer:id/tv_ok,点击事件执行失败
logger.py [line:41] ERROR 元素 ('xpath', '(//android.widget.ImageView[@resource-id="com.nelko.printer:id/view_menu_icon"])[1]') 超时未找到
logger.py [line:41] ERROR 获取位置失败(//android.widget.ImageView[@resource-id="com.nelko.printer:id/view_menu_icon"])[1],点击事件执行失败
logger.py [line:41] ERROR 元素 ('xpath', '//androidx.recyclerview.widget.RecyclerView[@resource-id="com.nelko.printer:id/act_ai_category_rcv"]') 超时未找到
logger.py [line:41] ERROR 测试失败: 'NoneType' object has no attribute 'find_elements'
logger.py [line:41] ERROR 元素 ('id', 'com.nelko.printer:id/tv_printer_model') 超时未找到
logger.py [line:41] ERROR 获取位置失败com.nelko.printer:id/tv_printer_model,点击事件执行失败
logger.py [line:41] ERROR 元素 ('xpath', '(//android.widget.RelativeLayout[@resource-id="com.nelko.printer:id/rela"])[3]') 超时未找到
logger.py [line:41] ERROR 获取位置失败(//android.widget.RelativeLayout[@resource-id="com.nelko.printer:id/rela"])[3],点击事件执行失败
logger.py [line:41] ERROR 元素 ('id', 'com.nelko.printer:id/tv_ok') 超时未找到
logger.py [line:41] ERROR 获取位置失败com.nelko.printer:id/tv_ok,点击事件执行失败
logger.py [line:41] ERROR 元素 ('xpath', '(//android.widget.ImageView[@resource-id="com.nelko.printer:id/view_menu_icon"])[1]') 超时未找到
logger.py [line:41] ERROR 获取位置失败(//android.widget.ImageView[@resource-id="com.nelko.printer:id/view_menu_icon"])[1],点击事件执行失败
logger.py [line:41] ERROR 元素 ('xpath', '//androidx.recyclerview.widget.RecyclerView[@resource-id="com.nelko.printer:id/act_ai_category_rcv"]') 超时未找到
logger.py [line:41] ERROR 测试失败: 'NoneType' object has no attribute 'find_elements'
logger.py [line:37] DEBUG 点击文本:P21=>定位值: com.nelko.printer:id/tv_printer_model, 
logger.py [line:37] DEBUG 点击文本:[无可见文本]=>定位值: (//android.widget.RelativeLayout[@resource-id="com.nelko.printer:id/rela"])[1], 
logger.py [line:37] DEBUG 点击文本:确定=>定位值: com.nelko.printer:id/tv_ok, 
logger.py [line:37] DEBUG 点击文本:[无可见文本]=>定位值: (//android.widget.ImageView[@resource-id="com.nelko.printer:id/view_menu_icon"])[1], 
logger.py [line:37] DEBUG P21完整API模板: ['存储', '零售', '工作', '名字', '医疗', '祝福', '开关', '课程', '地址', '其他']
logger.py [line:37] DEBUG P21完整APP模板: ['存储', '零售', '工作', '名字', '医疗', '祝福', '开关', '课程', '地址', '其他']
logger.py [line:37] DEBUG 点击文本:全部尺寸=>定位值: com.nelko.printer:id/text_size, 
logger.py [line:37] DEBUG P21接口返回尺寸: ['14x40', '40x14', '40x15']
logger.py [line:37] DEBUG P21APP展示尺寸: ['14x40', '40x14', '40x15']
logger.py [line:37] DEBUG 获取到模板名称: 圣诞节
logger.py [line:37] DEBUG 点击文本:搜索=>定位值: com.nelko.printer:id/view_et_content, 
logger.py [line:37] DEBUG 点击文本:请输入搜索内容=>定位值: com.nelko.printer:id/view_et_content, 
logger.py [line:37] DEBUG 名称比对: 原始[圣诞节] vs 搜索[圣诞节] 一致
logger.py [line:37] DEBUG 点击文本:全部尺寸=>定位值: com.nelko.printer:id/text_size, 
logger.py [line:37] DEBUG 点击文本:40x14=>定位值: //android.widget.CheckBox[@text="40x14"], 
logger.py [line:37] DEBUG 点击文本:确定=>定位值: com.nelko.printer:id/btn_selected, 
logger.py [line:37] DEBUG 尺寸验证通过: 选择[40x14] ↔ 显示[40x14]
logger.py [line:37] DEBUG 点击文本:P21=>定位值: com.nelko.printer:id/tv_printer_model, 
logger.py [line:37] DEBUG 点击文本:[无可见文本]=>定位值: (//android.widget.RelativeLayout[@resource-id="com.nelko.printer:id/rela"])[2], 
logger.py [line:37] DEBUG 点击文本:确定=>定位值: com.nelko.printer:id/tv_ok, 
logger.py [line:37] DEBUG 点击文本:[无可见文本]=>定位值: (//android.widget.ImageView[@resource-id="com.nelko.printer:id/view_menu_icon"])[1], 
logger.py [line:37] DEBUG P31S完整API模板: ['存储', '零售', '工作', '名字', '医疗', '祝福', '开关', '课程', '地址', '其他']
logger.py [line:37] DEBUG P31S完整APP模板: ['存储', '零售', '工作', '名字', '医疗', '祝福', '开关', '课程', '地址', '其他']
logger.py [line:37] DEBUG 点击文本:全部尺寸=>定位值: com.nelko.printer:id/text_size, 
logger.py [line:37] DEBUG P31S接口返回尺寸: ['14x40', '40x14', '40x15']
logger.py [line:37] DEBUG P31SAPP展示尺寸: ['14x40', '40x14', '40x15']
logger.py [line:37] DEBUG 获取到模板名称: 圣诞节
logger.py [line:37] DEBUG 点击文本:搜索=>定位值: com.nelko.printer:id/view_et_content, 
logger.py [line:37] DEBUG 点击文本:请输入搜索内容=>定位值: com.nelko.printer:id/view_et_content, 
logger.py [line:37] DEBUG 名称比对: 原始[圣诞节] vs 搜索[圣诞节] 一致
logger.py [line:37] DEBUG 点击文本:全部尺寸=>定位值: com.nelko.printer:id/text_size, 
logger.py [line:37] DEBUG 点击文本:40x14=>定位值: //android.widget.CheckBox[@text="40x14"], 
logger.py [line:37] DEBUG 点击文本:确定=>定位值: com.nelko.printer:id/btn_selected, 
logger.py [line:37] DEBUG 尺寸验证通过: 选择[40x14] ↔ 显示[40x14]
logger.py [line:37] DEBUG 点击文本:P31S=>定位值: com.nelko.printer:id/tv_printer_model, 
logger.py [line:37] DEBUG 点击文本:[无可见文本]=>定位值: (//android.widget.RelativeLayout[@resource-id="com.nelko.printer:id/rela"])[3], 
logger.py [line:37] DEBUG 点击文本:确定=>定位值: com.nelko.printer:id/tv_ok, 
logger.py [line:37] DEBUG 点击文本:[无可见文本]=>定位值: (//android.widget.ImageView[@resource-id="com.nelko.printer:id/view_menu_icon"])[1], 
logger.py [line:37] DEBUG PM220完整API模板: ['存储', '零售', '工作', '名字', '医疗', '祝福', '条码', '地址', 'DIY', '家居']
logger.py [line:37] DEBUG PM220完整APP模板: ['存储', '零售', '工作', '名字', '医疗', '祝福', '条码', '地址', 'DIY', '家居']
logger.py [line:37] DEBUG 点击文本:全部尺寸=>定位值: com.nelko.printer:id/text_size, 
logger.py [line:37] DEBUG PM220接口返回尺寸: ['30x20', '30x40', '30x50', '31x31', '40x30', '40x60', '50x30', '50x50', '50x80', '51x51', '60x40', '70x80', '80x50']
logger.py [line:37] DEBUG PM220APP展示尺寸: ['30x20', '30x40', '30x50', '31x31', '40x30', '40x60', '50x30', '50x50', '50x80', '51x51', '60x40', '70x80', '80x50']
logger.py [line:37] DEBUG 获取到模板名称: Back to school
logger.py [line:37] DEBUG 点击文本:搜索=>定位值: com.nelko.printer:id/view_et_content, 
logger.py [line:37] DEBUG 点击文本:请输入搜索内容=>定位值: com.nelko.printer:id/view_et_content, 
logger.py [line:37] DEBUG 名称比对: 原始[Back to school] vs 搜索[Back to school] 一致
logger.py [line:37] DEBUG 点击文本:全部尺寸=>定位值: com.nelko.printer:id/text_size, 
logger.py [line:37] DEBUG 点击文本:50x30=>定位值: //android.widget.CheckBox[@text="50x30"], 
logger.py [line:37] DEBUG 点击文本:确定=>定位值: com.nelko.printer:id/btn_selected, 
logger.py [line:37] DEBUG 尺寸验证通过: 选择[50x30] ↔ 显示[50x30]
logger.py [line:37] DEBUG 点击文本:PM220=>定位值: com.nelko.printer:id/tv_printer_model, 
logger.py [line:37] DEBUG 点击文本:[无可见文本]=>定位值: (//android.widget.RelativeLayout[@resource-id="com.nelko.printer:id/rela"])[2], 
logger.py [line:37] DEBUG 点击文本:确定=>定位值: com.nelko.printer:id/tv_ok, 
logger.py [line:37] DEBUG 点击文本:[无可见文本]=>定位值: (//android.widget.ImageView[@resource-id="com.nelko.printer:id/view_menu_icon"])[1], 
logger.py [line:37] DEBUG PM220S完整API模板: ['存储', '零售', '工作', '名字', '医疗', '祝福', '条码', '地址', 'DIY', '家居']
logger.py [line:37] DEBUG PM220S完整APP模板: ['存储', '零售', '工作', '名字', '医疗', '祝福', '条码', '地址', 'DIY', '家居']
logger.py [line:37] DEBUG 点击文本:全部尺寸=>定位值: com.nelko.printer:id/text_size, 
logger.py [line:37] DEBUG PM220S接口返回尺寸: ['30x20', '30x40', '30x50', '31x31', '40x30', '40x60', '50x30', '50x50', '50x80', '51x51', '60x40', '70x80', '80x50']
logger.py [line:37] DEBUG PM220SAPP展示尺寸: ['30x20', '30x40', '30x50', '31x31', '40x30', '40x60', '50x30', '50x50', '50x80', '51x51', '60x40', '70x80', '80x50']
logger.py [line:37] DEBUG 获取到模板名称: Back to school
logger.py [line:37] DEBUG 点击文本:搜索=>定位值: com.nelko.printer:id/view_et_content, 
logger.py [line:37] DEBUG 点击文本:请输入搜索内容=>定位值: com.nelko.printer:id/view_et_content, 
logger.py [line:37] DEBUG 名称比对: 原始[Back to school] vs 搜索[Back to school] 一致
logger.py [line:37] DEBUG 点击文本:全部尺寸=>定位值: com.nelko.printer:id/text_size, 
logger.py [line:37] DEBUG 点击文本:50x30=>定位值: //android.widget.CheckBox[@text="50x30"], 
logger.py [line:37] DEBUG 点击文本:确定=>定位值: com.nelko.printer:id/btn_selected, 
logger.py [line:37] DEBUG 尺寸验证通过: 选择[50x30] ↔ 显示[50x30]
logger.py [line:37] DEBUG 点击文本:PM220S=>定位值: com.nelko.printer:id/tv_printer_model, 
logger.py [line:37] DEBUG 点击文本:[无可见文本]=>定位值: (//android.widget.RelativeLayout[@resource-id="com.nelko.printer:id/rela"])[3], 
logger.py [line:37] DEBUG 点击文本:确定=>定位值: com.nelko.printer:id/tv_ok, 
logger.py [line:37] DEBUG 点击文本:确定=>定位值: com.nelko.printer:id/more_btn_ok, 
logger.py [line:37] DEBUG 点击文本:[无可见文本]=>定位值: (//android.widget.ImageView[@resource-id="com.nelko.printer:id/view_menu_icon"])[2], 
logger.py [line:37] DEBUG PM230完整API模板: ['存储', '零售', '工作', '名片', '待办清单', '便利贴', '艺术', '自然植物']
logger.py [line:37] DEBUG PM230完整APP模板: ['存储', '零售', '工作', '名片', '待办清单', '便利贴', '艺术', '自然植物']
logger.py [line:37] DEBUG 点击文本:全部尺寸=>定位值: com.nelko.printer:id/text_size, 
logger.py [line:37] DEBUG PM230接口返回尺寸: ['115x54', '54x166', '54x24', '54x31', '54x35', '54x36', '54x37', '54x38', '54x41', '54x46', '54x47', '54x48', '54x50', '54x52', '54x54', '54x56', '54x58', '54x60', '54x62', '54x64', '54x67', '54x68', '54x70', '54x73', '54x74', '54x75', '54x76', '54x77', '54x79', '54x80', '54x85', '54x87', '54x90', '86x54']
logger.py [line:37] DEBUG PM230APP展示尺寸: ['115x54', '54x166', '54x24', '54x31', '54x35', '54x36', '54x37', '54x38', '54x41', '54x46', '54x47', '54x48', '54x50', '54x52', '54x54', '54x56', '54x58', '54x60', '54x62', '54x64', '54x67', '54x68', '54x70', '54x73', '54x74', '54x75', '54x76', '54x77', '54x79', '54x80', '54x85', '54x87', '54x90', '86x54']
logger.py [line:37] DEBUG 获取到模板名称: Flowers Rectangular Label
logger.py [line:37] DEBUG 点击文本:搜索=>定位值: com.nelko.printer:id/view_et_content, 
logger.py [line:37] DEBUG 点击文本:请输入搜索内容=>定位值: com.nelko.printer:id/view_et_content, 
logger.py [line:37] DEBUG 名称比对: 原始[Flowers Rectangular Label] vs 搜索[Flowers Rectangular Label] 一致
logger.py [line:37] DEBUG 点击文本:全部尺寸=>定位值: com.nelko.printer:id/text_size, 
logger.py [line:37] DEBUG 点击文本:115x54=>定位值: //android.widget.CheckBox[@text="115x54"], 
logger.py [line:41] ERROR 元素 ('id', 'com.nelko.printer:id/btn_selected') 超时未找到
logger.py [line:41] ERROR 获取位置失败com.nelko.printer:id/btn_selected,点击事件执行失败
logger.py [line:37] DEBUG 尺寸验证通过: 选择[115x54] ↔ 显示[115x54]
logger.py [line:37] DEBUG 点击文本:PM230=>定位值: com.nelko.printer:id/tv_printer_model, 
logger.py [line:37] DEBUG 点击文本:[无可见文本]=>定位值: (//android.widget.RelativeLayout[@resource-id="com.nelko.printer:id/rela"])[2], 
logger.py [line:37] DEBUG 点击文本:确定=>定位值: com.nelko.printer:id/tv_ok, 
logger.py [line:37] DEBUG 点击文本:我知道了=>定位值: com.nelko.printer:id/btn_ok, 
logger.py [line:37] DEBUG 点击文本:[无可见文本]=>定位值: (//android.widget.ImageView[@resource-id="com.nelko.printer:id/view_menu_icon"])[2], 
logger.py [line:37] DEBUG PL70e-BT完整API模板: ['存储', '零售', '文件', '条码', '地址']
logger.py [line:37] DEBUG PL70e-BT完整APP模板: ['存储', '零售', '文件', '条码', '地址']
logger.py [line:37] DEBUG 点击文本:全部尺寸=>定位值: com.nelko.printer:id/text_size, 
logger.py [line:37] DEBUG PL70e-BT接口返回尺寸: ['102x57', '25x51', '51x25', '51x76', '57x32', '76x25', '76x51']
logger.py [line:37] DEBUG PL70e-BTAPP展示尺寸: ['102x57', '25x51', '51x25', '51x76', '57x32', '76x25', '76x51']
logger.py [line:37] DEBUG 获取到模板名称: Product inventory 
logger.py [line:37] DEBUG 点击文本:搜索=>定位值: com.nelko.printer:id/view_et_content, 
logger.py [line:37] DEBUG 点击文本:请输入搜索内容=>定位值: com.nelko.printer:id/view_et_content, 
logger.py [line:37] DEBUG 名称比对: 原始[Product inventory ] vs 搜索[Product inventory ] 一致
logger.py [line:37] DEBUG 点击文本:全部尺寸=>定位值: com.nelko.printer:id/text_size, 
logger.py [line:37] DEBUG 点击文本:76x51=>定位值: //android.widget.CheckBox[@text="76x51"], 
logger.py [line:37] DEBUG 点击文本:确定=>定位值: com.nelko.printer:id/btn_selected, 
logger.py [line:37] DEBUG 尺寸验证通过: 选择[76x51] ↔ 显示[76x51]
logger.py [line:37] DEBUG 点击文本:PL70e-BT=>定位值: com.nelko.printer:id/tv_printer_model, 
logger.py [line:37] DEBUG 点击文本:[无可见文本]=>定位值: (//android.widget.RelativeLayout[@resource-id="com.nelko.printer:id/rela"])[3], 
logger.py [line:37] DEBUG 点击文本:确定=>定位值: com.nelko.printer:id/tv_ok, 
logger.py [line:37] DEBUG 点击文本:[无可见文本]=>定位值: (//android.widget.ImageView[@resource-id="com.nelko.printer:id/view_menu_icon"])[1], 
logger.py [line:37] DEBUG PM360完整API模板: ['存储', '零售', '工作', '名字', '医疗', '祝福', '条码', '地址', 'DIY', '家居']
logger.py [line:37] DEBUG PM360完整APP模板: ['存储', '零售', '工作', '名字', '医疗', '祝福', '条码', '地址', 'DIY', '家居']
logger.py [line:37] DEBUG 点击文本:全部尺寸=>定位值: com.nelko.printer:id/text_size, 
logger.py [line:37] DEBUG PM360接口返回尺寸: ['30x20', '30x40', '30x50', '31x31', '40x30', '40x60', '50x30', '50x50', '50x80', '51x51', '60x40', '70x40', '70x80', '80x50', '80x70']
logger.py [line:37] DEBUG PM360APP展示尺寸: ['30x20', '30x40', '30x50', '31x31', '40x30', '40x60', '50x30', '50x50', '50x80', '51x51', '60x40', '70x40', '70x80', '80x50', '80x70']
logger.py [line:37] DEBUG 获取到模板名称: Back to school
logger.py [line:37] DEBUG 点击文本:搜索=>定位值: com.nelko.printer:id/view_et_content, 
logger.py [line:37] DEBUG 点击文本:请输入搜索内容=>定位值: com.nelko.printer:id/view_et_content, 
logger.py [line:37] DEBUG 名称比对: 原始[Back to school] vs 搜索[Back to school] 一致
logger.py [line:37] DEBUG 点击文本:全部尺寸=>定位值: com.nelko.printer:id/text_size, 
logger.py [line:37] DEBUG 点击文本:50x30=>定位值: //android.widget.CheckBox[@text="50x30"], 
logger.py [line:37] DEBUG 点击文本:确定=>定位值: com.nelko.printer:id/btn_selected, 
logger.py [line:37] DEBUG 尺寸验证通过: 选择[50x30] ↔ 显示[50x30]
logger.py [line:37] DEBUG 点击文本:PM360=>定位值: com.nelko.printer:id/tv_printer_model, 
logger.py [line:37] DEBUG 点击文本:[无可见文本]=>定位值: (//android.widget.RelativeLayout[@resource-id="com.nelko.printer:id/rela"])[2], 
logger.py [line:37] DEBUG 点击文本:确定=>定位值: com.nelko.printer:id/tv_ok, 
logger.py [line:37] DEBUG 点击文本:[无可见文本]=>定位值: (//android.widget.ImageView[@resource-id="com.nelko.printer:id/view_menu_icon"])[1], 
logger.py [line:37] DEBUG P22完整API模板: ['存储', '零售', '工作', '名字', '医疗', '祝福', '开关', '课程', '其他']
logger.py [line:37] DEBUG P22完整APP模板: ['存储', '零售', '工作', '名字', '医疗', '祝福', '开关', '课程', '其他']
logger.py [line:37] DEBUG 点击文本:全部尺寸=>定位值: com.nelko.printer:id/text_size, 
logger.py [line:37] DEBUG P22接口返回尺寸: ['14x40', '40x14', '40x15']
logger.py [line:37] DEBUG P22APP展示尺寸: ['14x40', '40x14', '40x15']
logger.py [line:37] DEBUG 获取到模板名称: 圣诞节
logger.py [line:37] DEBUG 点击文本:搜索=>定位值: com.nelko.printer:id/view_et_content, 
logger.py [line:37] DEBUG 点击文本:请输入搜索内容=>定位值: com.nelko.printer:id/view_et_content, 
logger.py [line:37] DEBUG 名称比对: 原始[圣诞节] vs 搜索[圣诞节] 一致
logger.py [line:37] DEBUG 点击文本:全部尺寸=>定位值: com.nelko.printer:id/text_size, 
logger.py [line:37] DEBUG 点击文本:40x14=>定位值: //android.widget.CheckBox[@text="40x14"], 
logger.py [line:37] DEBUG 点击文本:确定=>定位值: com.nelko.printer:id/btn_selected, 
logger.py [line:37] DEBUG 尺寸验证通过: 选择[40x14] ↔ 显示[40x14]
logger.py [line:37] DEBUG 点击文本:P22=>定位值: com.nelko.printer:id/tv_printer_model, 
logger.py [line:37] DEBUG 点击文本:[无可见文本]=>定位值: (//android.widget.RelativeLayout[@resource-id="com.nelko.printer:id/rela"])[3], 
logger.py [line:37] DEBUG 点击文本:确定=>定位值: com.nelko.printer:id/tv_ok, 
logger.py [line:37] DEBUG 点击文本:[无可见文本]=>定位值: (//android.widget.ImageView[@resource-id="com.nelko.printer:id/view_menu_icon"])[2], 
logger.py [line:37] DEBUG PL80E完整API模板: ['存储', '零售', '文件', '条码', '地址']
logger.py [line:37] DEBUG PL80E完整APP模板: ['存储', '零售', '文件', '条码', '地址']
logger.py [line:37] DEBUG 点击文本:全部尺寸=>定位值: com.nelko.printer:id/text_size, 
logger.py [line:37] DEBUG PL80E接口返回尺寸: ['102x57', '25x51', '51x25', '51x76', '57x32', '76x25', '76x51']
logger.py [line:37] DEBUG PL80EAPP展示尺寸: ['102x57', '25x51', '51x25', '51x76', '57x32', '76x25', '76x51']
logger.py [line:37] DEBUG 获取到模板名称: Product inventory 
logger.py [line:37] DEBUG 点击文本:搜索=>定位值: com.nelko.printer:id/view_et_content, 
logger.py [line:37] DEBUG 点击文本:请输入搜索内容=>定位值: com.nelko.printer:id/view_et_content, 
logger.py [line:37] DEBUG 名称比对: 原始[Product inventory ] vs 搜索[Product inventory ] 一致
logger.py [line:37] DEBUG 点击文本:全部尺寸=>定位值: com.nelko.printer:id/text_size, 
logger.py [line:37] DEBUG 点击文本:76x51=>定位值: //android.widget.CheckBox[@text="76x51"], 
logger.py [line:37] DEBUG 点击文本:确定=>定位值: com.nelko.printer:id/btn_selected, 
logger.py [line:37] DEBUG 尺寸验证通过: 选择[76x51] ↔ 显示[76x51]
