2025-07-15 18:02:15,506 - INFO - Driver initialized, starting test cases
2025-07-15 18:02:15,950 - ERROR - P21
2025-07-15 18:02:19,213 - INFO - 点击P21    =>定位值: ('id', 'com.nelko.printer:id/tv_printer_model'), 
2025-07-15 18:02:20,245 - INFO - 点击P21    =>定位值: ('xpath', '//android.widget.TextView[@resource-id="com.nelko.printer:id/text_device_name" and @text="P21"]'), 
2025-07-15 18:02:21,029 - INFO - 点击确定    =>定位值: ('id', 'com.nelko.printer:id/tv_ok'), 
2025-07-15 18:02:22,542 - INFO - 点击模板    =>定位值: ('xpath', '//android.widget.TextView[@resource-id="com.nelko.printer:id/view_menu_title" and @text="模板"]'), 
2025-07-15 18:02:23,220 - ERROR - P21模板类型在接口但不在APP中: 名字, 地址, 工作, 医疗, 零售, 免费, 祝福, 日常生活, 存储, 学习, 其他, 开关
2025-07-15 18:02:23,220 - INFO - P21完整API模板: ['免费', '存储', '零售', '工作', '学习', '名字', '医疗', '祝福', '开关', '地址', '日常生活', '其他']
2025-07-15 18:02:23,220 - INFO - P21完整APP模板: []
2025-07-15 18:02:23,283 - INFO - 点击全部尺寸    =>定位值: ('id', 'com.nelko.printer:id/text_size'), 
2025-07-15 18:02:26,768 - INFO - P21接口返回尺寸: ['14x40', '30x14', '40x12', '40x14', '40x15', '50x14', '75x14']
2025-07-15 18:02:26,768 - INFO - P21APP展示尺寸: ['14x40', '30x14', '40x12', '40x14', '40x15', '50x14', '75x14']
2025-07-15 18:02:27,666 - ERROR - 执行返回
2025-07-15 18:02:27,932 - INFO - 点击搜索    =>定位值: ('id', 'com.nelko.printer:id/view_et_content'), 
2025-07-15 18:02:29,359 - INFO - 点击请输入搜索内容    =>定位值: ('id', 'com.nelko.printer:id/view_et_content'), 
2025-07-15 18:02:35,317 - INFO - 点击全部尺寸    =>定位值: ('id', 'com.nelko.printer:id/text_size'), 
2025-07-15 18:02:36,496 - INFO - 点击40x14    =>定位值: ('xpath', '//android.widget.CheckBox[@text="40x14"]'), 
2025-07-15 18:02:37,201 - INFO - 点击确定    =>定位值: ('id', 'com.nelko.printer:id/btn_selected'), 
2025-07-15 18:02:38,907 - ERROR - 执行返回
2025-07-15 18:02:40,123 - ERROR - 执行返回
2025-07-15 18:02:42,321 - ERROR - 执行返回
2025-07-15 18:02:42,321 - ERROR - PM220
2025-07-15 18:02:42,570 - INFO - 点击P21    =>定位值: ('id', 'com.nelko.printer:id/tv_printer_model'), 
2025-07-15 18:02:43,899 - INFO - 点击PM220    =>定位值: ('xpath', '//android.widget.TextView[@resource-id="com.nelko.printer:id/text_device_name" and @text="PM220"]'), 
2025-07-15 18:02:44,657 - INFO - 点击确定    =>定位值: ('id', 'com.nelko.printer:id/tv_ok'), 
2025-07-15 18:02:46,805 - INFO - 点击模板    =>定位值: ('xpath', '//android.widget.TextView[@resource-id="com.nelko.printer:id/view_menu_title" and @text="模板"]'), 
2025-07-15 18:02:47,597 - ERROR - PM220模板类型在接口但不在APP中: 名字, 地址, 工作, 医疗, 零售, 免费, 祝福, 条码, 存储, 家居, 学习, DIY, 名片
2025-07-15 18:02:47,597 - INFO - PM220完整API模板: ['免费', '存储', '零售', '工作', '名片', '学习', '名字', '医疗', '祝福', '条码', '地址', 'DIY', '家居']
2025-07-15 18:02:47,597 - INFO - PM220完整APP模板: []
2025-07-15 18:02:47,648 - INFO - 点击全部尺寸    =>定位值: ('id', 'com.nelko.printer:id/text_size'), 
2025-07-15 18:02:50,705 - INFO - PM220接口返回尺寸: ['30x20', '30x40', '30x50', '31x31', '40x30', '40x60', '50x30', '50x50', '50x80', '51x51', '80x50']
2025-07-15 18:02:50,705 - INFO - PM220APP展示尺寸: ['30x20', '30x40', '30x50', '31x31', '40x30', '40x60', '50x30', '50x50', '50x80', '51x51', '80x50']
2025-07-15 18:02:51,589 - ERROR - 执行返回
2025-07-15 18:02:51,834 - INFO - 点击搜索    =>定位值: ('id', 'com.nelko.printer:id/view_et_content'), 
2025-07-15 18:02:52,947 - INFO - 点击请输入搜索内容    =>定位值: ('id', 'com.nelko.printer:id/view_et_content'), 
2025-07-15 18:02:58,538 - INFO - 点击全部尺寸    =>定位值: ('id', 'com.nelko.printer:id/text_size'), 
2025-07-15 18:03:00,439 - INFO - 点击50x30    =>定位值: ('xpath', '//android.widget.CheckBox[@text="50x30"]'), 
2025-07-15 18:03:01,150 - INFO - 点击确定    =>定位值: ('id', 'com.nelko.printer:id/btn_selected'), 
2025-07-15 18:03:02,841 - ERROR - 执行返回
2025-07-15 18:03:05,061 - ERROR - 执行返回
2025-07-15 18:03:06,358 - ERROR - 执行返回
2025-07-15 18:03:06,358 - ERROR - PM230
2025-07-15 18:03:06,776 - INFO - 点击PM220    =>定位值: ('id', 'com.nelko.printer:id/tv_printer_model'), 
2025-07-15 18:03:08,445 - INFO - 点击PM230    =>定位值: ('xpath', '//android.widget.TextView[@resource-id="com.nelko.printer:id/text_device_name" and @text="PM230"]'), 
2025-07-15 18:03:09,241 - INFO - 点击确定    =>定位值: ('id', 'com.nelko.printer:id/tv_ok'), 
2025-07-15 18:03:11,266 - INFO - 点击模板    =>定位值: ('xpath', '//android.widget.TextView[@resource-id="com.nelko.printer:id/view_menu_title" and @text="模板"]'), 
2025-07-15 18:03:11,920 - ERROR - PM230模板类型在接口但不在APP中: 工作, 零售, 待办清单, 免费, 艺术, 存储, 学习, 食物, 自然植物, 名片
2025-07-15 18:03:11,920 - INFO - PM230完整API模板: ['免费', '存储', '零售', '工作', '名片', '待办清单', '艺术', '学习', '自然植物', '食物']
2025-07-15 18:03:11,920 - INFO - PM230完整APP模板: []
2025-07-15 18:03:11,969 - INFO - 点击全部尺寸    =>定位值: ('id', 'com.nelko.printer:id/text_size'), 
2025-07-15 18:03:15,907 - ERROR - PM230接口返回但APP未展示的尺寸: 64x54, 80x54, 86x54, 54x90, 54x80, 54x85, 54x87, 54x79
2025-07-15 18:03:15,907 - INFO - PM230接口返回尺寸: ['100x54', '110x54', '115x54', '120x54', '130x54', '54x104', '54x110', '54x166', '54x24', '54x31', '54x35', '54x36', '54x37', '54x38', '54x41', '54x45', '54x47', '54x50', '54x52', '54x54', '54x56', '54x58', '54x60', '54x62', '54x64', '54x67', '54x68', '54x70', '54x73', '54x74', '54x75', '54x76', '54x77', '54x79', '54x80', '54x85', '54x87', '54x90', '64x54', '80x54', '86x54']
2025-07-15 18:03:15,907 - INFO - PM230APP展示尺寸: ['100x54', '110x54', '115x54', '120x54', '130x54', '54x104', '54x110', '54x166', '54x24', '54x31', '54x35', '54x36', '54x37', '54x38', '54x41', '54x45', '54x47', '54x50', '54x52', '54x54', '54x56', '54x58', '54x60', '54x62', '54x64', '54x67', '54x68', '54x70', '54x73', '54x74', '54x75', '54x76', '54x77']
2025-07-15 18:03:16,793 - ERROR - 执行返回
2025-07-15 18:03:17,033 - INFO - 点击搜索    =>定位值: ('id', 'com.nelko.printer:id/view_et_content'), 
2025-07-15 18:03:18,164 - INFO - 点击请输入搜索内容    =>定位值: ('id', 'com.nelko.printer:id/view_et_content'), 
2025-07-15 18:03:23,735 - INFO - 点击全部尺寸    =>定位值: ('id', 'com.nelko.printer:id/text_size'), 
2025-07-15 18:03:24,976 - INFO - 点击54x50    =>定位值: ('xpath', '//android.widget.CheckBox[@text="54x50"]'), 
2025-07-15 18:03:25,756 - INFO - 点击确定    =>定位值: ('id', 'com.nelko.printer:id/btn_selected'), 
2025-07-15 18:03:27,434 - ERROR - 执行返回
2025-07-15 18:03:28,648 - ERROR - 执行返回
2025-07-15 18:03:30,861 - ERROR - 执行返回
2025-07-15 18:03:30,861 - INFO - Test case execution finished
