2025-07-18 09:08:56,322 - INFO - Driver initialized, starting test cases
2025-07-18 09:08:57,296 - INFO - 成功保存第1张图片: 32025070710124600011506.jpg
2025-07-18 09:08:57,721 - INFO - 成功保存第2张图片: 32025061009383600015014.jpg
2025-07-18 09:08:58,038 - INFO - 成功保存第3张图片: 32025061216075200014766.jpg
2025-07-18 09:08:58,371 - INFO - 成功保存第4张图片: 32025061216081500017524.jpg
2025-07-18 09:08:58,730 - INFO - 成功保存第5张图片: 32025061216084500012882.jpg
2025-07-18 09:08:58,730 - INFO - 图片处理完成，共尝试下载5张，成功5张
2025-07-18 09:09:00,593 - INFO - 成功保存截图到：D:\huan\Print_APP\screenshots\app_banner\banner_1752800940.png
2025-07-18 09:09:04,120 - INFO - 成功保存截图到：D:\huan\Print_APP\screenshots\app_banner\banner_1752800943.png
2025-07-18 09:09:07,931 - INFO - 成功保存截图到：D:\huan\Print_APP\screenshots\app_banner\banner_1752800947.png
2025-07-18 09:09:11,606 - INFO - 图片已经被保存过，跳过。
2025-07-18 09:09:12,923 - INFO - 成功保存截图到：D:\huan\Print_APP\screenshots\app_banner\banner_1752800952.png
2025-07-18 09:09:16,587 - INFO - 图片已经被保存过，跳过。
2025-07-18 09:09:17,931 - INFO - 成功保存截图到：D:\huan\Print_APP\screenshots\app_banner\banner_1752800957.png
2025-07-18 09:09:19,937 - INFO - 共截取并保存了 5 张唯一的banner截图。
2025-07-18 09:09:20,094 - INFO - APP保存的图片与接口返回的图片有95%以上相似，无需手动确认
2025-07-18 09:09:20,117 - INFO - APP保存的图片与接口返回的图片有95%以上相似，无需手动确认
2025-07-18 09:09:20,244 - INFO - APP保存的图片与接口返回的图片有95%以上相似，无需手动确认
2025-07-18 09:09:20,352 - INFO - APP保存的图片与接口返回的图片有95%以上相似，无需手动确认
2025-07-18 09:09:20,389 - INFO - APP保存的图片与接口返回的图片存在不相似，需要手动确认
2025-07-18 09:09:20,389 - INFO - Test case execution finished
