2025-07-16 14:06:20,763 - INFO - Driver initialized, starting test cases
2025-07-16 14:06:22,272 - INFO - 成功保存第1张图片: 32025070710124600011506.jpg
2025-07-16 14:06:22,596 - INFO - 成功保存第2张图片: 32025061009383600015014.jpg
2025-07-16 14:06:22,914 - INFO - 成功保存第3张图片: 32025061216075200014766.jpg
2025-07-16 14:06:23,458 - INFO - 成功保存第4张图片: 32025061216081500017524.jpg
2025-07-16 14:06:23,813 - INFO - 成功保存第5张图片: 32025061216084500012882.jpg
2025-07-16 14:06:23,813 - INFO - 图片处理完成，共尝试下载5张，成功5张
2025-07-16 14:06:25,517 - INFO - 成功保存截图到：D:\huan\Print_APP\screenshots\app_banner\banner_1752645985.png
2025-07-16 14:06:28,966 - INFO - 成功保存截图到：D:\huan\Print_APP\screenshots\app_banner\banner_1752645988.png
2025-07-16 14:06:32,340 - INFO - 成功保存截图到：D:\huan\Print_APP\screenshots\app_banner\banner_1752645992.png
2025-07-16 14:06:35,863 - INFO - 图片已经被保存过，跳过。
2025-07-16 14:06:37,086 - INFO - 成功保存截图到：D:\huan\Print_APP\screenshots\app_banner\banner_1752645996.png
2025-07-16 14:06:40,833 - INFO - 图片已经被保存过，跳过。
2025-07-16 14:06:42,123 - INFO - 成功保存截图到：D:\huan\Print_APP\screenshots\app_banner\banner_1752646001.png
2025-07-16 14:06:44,124 - INFO - 共截取并保存了 5 张唯一的banner截图。
2025-07-16 14:06:44,161 - INFO - APP保存的图片与接口返回的图片有95%以上相似，无需手动确认
2025-07-16 14:06:44,310 - INFO - APP保存的图片与接口返回的图片有95%以上相似，无需手动确认
2025-07-16 14:06:44,525 - INFO - APP保存的图片与接口返回的图片有95%以上相似，无需手动确认
2025-07-16 14:06:44,633 - INFO - APP保存的图片与接口返回的图片存在不相似，需要手动确认
2025-07-16 14:06:44,633 - INFO - Test case execution finished
