2025-06-09 16:25:09,489 - INFO - 测试开始 - 设备: 6ebb6b77, 版本: 12
2025-06-09 16:25:24,962 - INFO - P21
2025-06-09 16:25:25,057 - INFO - 点击P21    =>定位值: com.nelko.printer:id/tv_printer_model, 
2025-06-09 16:25:26,797 - INFO - 点击P21    =>定位值: //android.widget.TextView[@resource-id="com.nelko.printer:id/text_device_name" and @text="P21"], 
2025-06-09 16:25:27,578 - INFO - 点击确定    =>定位值: com.nelko.printer:id/tv_ok, 
2025-06-09 16:25:28,964 - INFO - 点击模板    =>定位值: //android.widget.TextView[@resource-id="com.nelko.printer:id/view_menu_title" and @text="模板"], 
2025-06-09 16:25:30,974 - INFO - P21完整API模板: ['存储', '零售', '工作', '学习', '名字', '医疗', '祝福', '开关', '地址', '日常生活', '其他']
2025-06-09 16:25:30,979 - INFO - P21完整APP模板: ['存储', '零售', '工作', '学习', '名字', '医疗', '祝福', '开关', '地址', '日常生活', '其他']
2025-06-09 16:25:31,388 - INFO - 点击全部尺寸    =>定位值: com.nelko.printer:id/text_size, 
2025-06-09 16:25:34,273 - INFO - P21接口返回尺寸: ['14x40', '30x14', '40x12', '40x14', '40x15', '50x14', '75x14']
2025-06-09 16:25:34,273 - INFO - P21APP展示尺寸: ['14x40', '30x14', '40x12', '40x14', '40x15', '50x14', '75x14']
2025-06-09 16:25:35,223 - INFO - 执行返回
2025-06-09 16:25:36,112 - INFO - 点击搜索    =>定位值: com.nelko.printer:id/view_et_content, 
2025-06-09 16:25:38,156 - INFO - 点击请输入搜索内容    =>定位值: com.nelko.printer:id/view_et_content, 
2025-06-09 16:25:44,033 - INFO - 点击全部尺寸    =>定位值: com.nelko.printer:id/text_size, 
2025-06-09 16:25:45,969 - INFO - 点击40x14    =>定位值: //android.widget.CheckBox[@text="40x14"], 
2025-06-09 16:25:47,091 - INFO - 点击确定    =>定位值: com.nelko.printer:id/btn_selected, 
2025-06-09 16:25:48,843 - INFO - 执行返回
2025-06-09 16:25:50,090 - INFO - 执行返回
2025-06-09 16:25:52,387 - INFO - 执行返回
2025-06-09 16:25:52,387 - INFO - PM220
2025-06-09 16:25:52,878 - INFO - 点击P21    =>定位值: com.nelko.printer:id/tv_printer_model, 
2025-06-09 16:25:54,381 - INFO - 点击PM220    =>定位值: //android.widget.TextView[@resource-id="com.nelko.printer:id/text_device_name" and @text="PM220"], 
2025-06-09 16:25:55,109 - INFO - 点击确定    =>定位值: com.nelko.printer:id/tv_ok, 
2025-06-09 16:25:56,944 - INFO - 点击模板    =>定位值: //android.widget.TextView[@resource-id="com.nelko.printer:id/view_menu_title" and @text="模板"], 
2025-06-09 16:25:59,291 - INFO - PM220完整API模板: ['存储', '零售', '工作', '名片', '学习', '名字', '医疗', '祝福', '条码', '地址', 'DIY', '家居']
2025-06-09 16:25:59,291 - INFO - PM220完整APP模板: ['存储', '零售', '工作', '名片', '学习', '名字', '医疗', '祝福', '条码', '地址', 'DIY', '家居']
2025-06-09 16:25:59,444 - INFO - 点击全部尺寸    =>定位值: com.nelko.printer:id/text_size, 
2025-06-09 16:26:01,869 - INFO - PM220接口返回尺寸: ['30x20', '30x40', '30x50', '31x31', '40x30', '40x60', '50x30', '50x50', '50x80', '51x51', '80x50']
2025-06-09 16:26:01,869 - INFO - PM220APP展示尺寸: ['30x20', '30x40', '30x50', '31x31', '40x30', '40x60', '50x30', '50x50', '50x80', '51x51', '80x50']
2025-06-09 16:26:02,879 - INFO - 执行返回
2025-06-09 16:26:03,917 - INFO - 点击搜索    =>定位值: com.nelko.printer:id/view_et_content, 
2025-06-09 16:26:05,418 - INFO - 点击请输入搜索内容    =>定位值: com.nelko.printer:id/view_et_content, 
2025-06-09 16:26:12,105 - INFO - 点击全部尺寸    =>定位值: com.nelko.printer:id/text_size, 
2025-06-09 16:26:13,550 - INFO - 点击80x50    =>定位值: //android.widget.CheckBox[@text="80x50"], 
2025-06-09 16:26:14,266 - INFO - 点击确定    =>定位值: com.nelko.printer:id/btn_selected, 
2025-06-09 16:26:17,541 - INFO - 执行返回
2025-06-09 16:26:18,684 - INFO - 执行返回
2025-06-09 16:26:20,181 - INFO - 执行返回
2025-06-09 16:26:20,181 - INFO - PM230
2025-06-09 16:26:20,555 - INFO - 点击PM220    =>定位值: com.nelko.printer:id/tv_printer_model, 
2025-06-09 16:26:22,356 - INFO - 点击PM230    =>定位值: //android.widget.TextView[@resource-id="com.nelko.printer:id/text_device_name" and @text="PM230"], 
2025-06-09 16:26:23,139 - INFO - 点击确定    =>定位值: com.nelko.printer:id/tv_ok, 
2025-06-09 16:26:38,492 - INFO - 点击模板    =>定位值: //android.widget.TextView[@resource-id="com.nelko.printer:id/view_menu_title" and @text="模板"], 
2025-06-09 16:26:41,619 - INFO - PM230完整API模板: ['存储', '零售', '工作', '名片', '待办清单', '艺术', '学习', '自然植物', '食物']
2025-06-09 16:26:41,619 - INFO - PM230完整APP模板: ['存储', '零售', '工作', '名片', '待办清单', '艺术', '学习', '自然植物', '食物']
2025-06-09 16:26:41,748 - INFO - 点击全部尺寸    =>定位值: com.nelko.printer:id/text_size, 
2025-06-09 16:26:44,559 - ERROR - PM230接口返回但APP未展示的尺寸: 80x54, 64x54, 86x54, 54x90, 54x85, 54x87
2025-06-09 16:26:44,559 - INFO - PM230接口返回尺寸: ['100x54', '110x54', '115x54', '120x54', '130x54', '54x104', '54x110', '54x166', '54x24', '54x31', '54x35', '54x36', '54x37', '54x38', '54x41', '54x46', '54x47', '54x48', '54x50', '54x52', '54x54', '54x56', '54x58', '54x60', '54x62', '54x64', '54x67', '54x68', '54x70', '54x73', '54x74', '54x75', '54x76', '54x77', '54x79', '54x80', '54x85', '54x87', '54x90', '64x54', '80x54', '86x54']
2025-06-09 16:26:44,559 - INFO - PM230APP展示尺寸: ['100x54', '110x54', '115x54', '120x54', '130x54', '54x104', '54x110', '54x166', '54x24', '54x31', '54x35', '54x36', '54x37', '54x38', '54x41', '54x46', '54x47', '54x48', '54x50', '54x52', '54x54', '54x56', '54x58', '54x60', '54x62', '54x64', '54x67', '54x68', '54x70', '54x73', '54x74', '54x75', '54x76', '54x77', '54x79', '54x80']
2025-06-09 16:26:45,795 - INFO - 执行返回
2025-06-09 16:26:46,843 - INFO - 点击搜索    =>定位值: com.nelko.printer:id/view_et_content, 
2025-06-09 16:26:47,959 - INFO - 点击请输入搜索内容    =>定位值: com.nelko.printer:id/view_et_content, 
2025-06-09 16:26:52,872 - INFO - 点击全部尺寸    =>定位值: com.nelko.printer:id/text_size, 
2025-06-09 16:27:08,664 - INFO - 元素 ('xpath', '//android.widget.CheckBox[@text="64x54"]') 超时未找到
2025-06-09 16:27:08,664 - ERROR - 获取位置失败 //android.widget.CheckBox[@text="64x54"], 点击事件执行失败
2025-06-09 16:27:08,664 - ERROR - 测试失败: 获取位置失败 //android.widget.CheckBox[@text="64x54"], 点击事件执行失败
2025-06-09 16:27:08,674 - INFO - 测试结束 - 设备: 6ebb6b77, 版本: 12. 结果: 0错误, 1失败
