2025-04-24 16:08:44,647 - INFO - 测试开始 - 设备: a12b830d, 版本: 11
2025-04-24 16:09:05,360 - INFO - 开始测试设备: P21
2025-04-24 16:09:05,360 - INFO - 开始处理设备: P21
2025-04-24 16:09:05,360 - INFO - 正在选择设备: P21
2025-04-24 16:09:05,450 - INFO - 点击P21    =>定位值: com.nelko.printer:id/tv_printer_model, 
2025-04-24 16:09:06,612 - INFO - 点击P21    =>定位值: //android.widget.TextView[@resource-id="com.nelko.printer:id/text_device_name" and @text="P21"], 
2025-04-24 16:09:07,306 - INFO - 点击确定    =>定位值: com.nelko.printer:id/tv_ok, 
2025-04-24 16:09:07,349 - INFO - 设备 P21 选择完成
2025-04-24 16:09:09,494 - INFO - 点击AI打印    =>定位值: //android.widget.TextView[@resource-id="com.nelko.printer:id/view_menu_title" and @text="AI打印"], 
2025-04-24 16:09:10,349 - INFO - 点击AI图库    =>定位值: //android.widget.TextView[@text="AI图库"], 
2025-04-24 16:09:13,493 - INFO - 执行返回
2025-04-24 16:09:13,994 - INFO - 设备 P21 处理完成
2025-04-24 16:09:13,994 - INFO - 设备 P21 测试完成
2025-04-24 16:09:13,994 - INFO - 开始测试设备: P31S
2025-04-24 16:09:13,994 - INFO - 开始处理设备: P31S
2025-04-24 16:09:13,994 - INFO - 正在选择设备: P31S
2025-04-24 16:09:34,532 - INFO - 元素 ('id', 'com.nelko.printer:id/tv_printer_model') 超时未找到
2025-04-24 16:09:34,532 - ERROR - 获取位置失败 com.nelko.printer:id/tv_printer_model, 点击事件执行失败
2025-04-24 16:09:34,542 - INFO - 开始测试设备: PM220
2025-04-24 16:09:34,542 - INFO - 开始处理设备: PM220
2025-04-24 16:09:34,542 - INFO - 正在选择设备: PM220
