2025-04-28 17:24:14,057 - INFO - 测试开始 - 设备: a12b830d, 版本: 11
2025-04-28 17:24:29,203 - INFO - 开始测试设备: P21
2025-04-28 17:24:29,203 - INFO - 开始处理设备: P21
2025-04-28 17:24:29,203 - INFO - 正在选择设备: P21
2025-04-28 17:24:29,351 - INFO - 点击P21    =>定位值: com.nelko.printer:id/tv_printer_model, 
2025-04-28 17:24:30,677 - INFO - 点击P21    =>定位值: //android.widget.TextView[@resource-id="com.nelko.printer:id/text_device_name" and @text="P21"], 
2025-04-28 17:24:31,405 - INFO - 点击确定    =>定位值: com.nelko.printer:id/tv_ok, 
2025-04-28 17:24:31,464 - INFO - 设备 P21 选择完成
2025-04-28 17:24:32,686 - INFO - 点击AI打印    =>定位值: //android.widget.TextView[@resource-id="com.nelko.printer:id/view_menu_title" and @text="AI打印"], 
2025-04-28 17:24:33,526 - INFO - 点击AI图库    =>定位值: //android.widget.TextView[@text="AI图库"], 
2025-04-28 17:24:37,081 - INFO - P21完整API模板: ['黑白', '动物', '特色', '饮料', '节日', '食物', '日记', '自然', '运动', '旅行']
2025-04-28 17:24:37,081 - INFO - P21完整APP模板: ['黑白', '动物', '特色', '饮料', '节日', '食物', '日记', '自然', '运动', '旅行']
2025-04-28 17:24:37,452 - INFO - 点击[无可见文本]    =>定位值: (//android.widget.ImageView[@resource-id="com.nelko.printer:id/item_aigallery_image"])[1], 
2025-04-28 17:24:39,051 - INFO - 执行返回
2025-04-28 17:24:39,934 - INFO - 执行返回
2025-04-28 17:24:40,445 - INFO - 设备 P21 处理完成
2025-04-28 17:24:40,445 - INFO - 设备 P21 测试完成
2025-04-28 17:24:40,445 - INFO - 开始测试设备: P31S
2025-04-28 17:24:40,445 - INFO - 开始处理设备: P31S
2025-04-28 17:24:40,445 - INFO - 正在选择设备: P31S
