2025-07-14 16:55:55,707 - INFO - Driver initialized, starting test cases
2025-07-14 16:55:56,166 - INFO - 开始测试设备: P21
2025-07-14 16:55:56,167 - INFO - 开始处理设备: P21
2025-07-14 16:55:56,167 - INFO - 正在选择设备: P21
2025-07-14 16:55:59,469 - INFO - 点击P21    =>定位值: ('id', 'com.nelko.printer:id/tv_printer_model'), 
2025-07-14 16:56:00,636 - INFO - 点击P21    =>定位值: ('xpath', '//android.widget.TextView[@resource-id="com.nelko.printer:id/text_device_name" and @text="P21"]'), 
2025-07-14 16:56:01,477 - INFO - 点击确定    =>定位值: ('id', 'com.nelko.printer:id/tv_ok'), 
2025-07-14 16:56:01,512 - INFO - 设备 P21 选择完成
2025-07-14 16:56:03,086 - INFO - 点击AI图库    =>定位值: ('xpath', '//android.widget.TextView[@resource-id="com.nelko.printer:id/view_menu_title" and @text="AI图库"]'), 
2025-07-14 16:56:07,789 - INFO - 完整API模板: ['黑白', '动物', '特色', '饮料', '节日', '食物', '日记', '自然', '运动', '旅行']
2025-07-14 16:56:07,789 - INFO - 完整APP模板: ['黑白', '动物', '特色', '饮料', '节日', '食物', '日记', '自然', '运动', '旅行']
2025-07-14 16:56:09,841 - ERROR - 执行返回
2025-07-14 16:56:09,841 - INFO - 设备 P21 处理完成
2025-07-14 16:56:09,841 - INFO - 设备 P21 测试完成
2025-07-14 16:56:09,841 - INFO - 开始测试设备: P31S
2025-07-14 16:56:09,841 - INFO - 开始处理设备: P31S
2025-07-14 16:56:09,841 - INFO - 正在选择设备: P31S
2025-07-14 16:56:10,816 - INFO - 点击P21    =>定位值: ('id', 'com.nelko.printer:id/tv_printer_model'), 
2025-07-14 16:56:12,030 - INFO - 点击P31S    =>定位值: ('xpath', '//android.widget.TextView[@resource-id="com.nelko.printer:id/text_device_name" and @text="P31S"]'), 
2025-07-14 16:56:12,838 - INFO - 点击确定    =>定位值: ('id', 'com.nelko.printer:id/tv_ok'), 
2025-07-14 16:56:12,871 - INFO - 设备 P31S 选择完成
2025-07-14 16:56:18,377 - ERROR - 元素 ('xpath', '//android.widget.TextView[@resource-id="com.nelko.printer:id/view_menu_title" and @text="AI打印"]') 超时未找到
2025-07-14 16:56:18,377 - INFO - 获取位置失败 ('xpath', '//android.widget.TextView[@resource-id="com.nelko.printer:id/view_menu_title" and @text="AI打印"]'), 点击事件执行失败
2025-07-14 16:56:18,378 - INFO - 开始测试设备: PM220
2025-07-14 16:56:18,378 - INFO - 开始处理设备: PM220
2025-07-14 16:56:18,378 - INFO - 正在选择设备: PM220
2025-07-14 16:56:19,881 - INFO - 点击P31S    =>定位值: ('id', 'com.nelko.printer:id/tv_printer_model'), 
2025-07-14 16:56:21,274 - INFO - 点击PM220    =>定位值: ('xpath', '//android.widget.TextView[@resource-id="com.nelko.printer:id/text_device_name" and @text="PM220"]'), 
2025-07-14 16:56:22,235 - INFO - 点击确定    =>定位值: ('id', 'com.nelko.printer:id/tv_ok'), 
2025-07-14 16:56:22,277 - INFO - 设备 PM220 选择完成
2025-07-14 16:56:23,809 - INFO - 点击AI打印    =>定位值: ('xpath', '//android.widget.TextView[@resource-id="com.nelko.printer:id/view_menu_title" and @text="AI打印"]'), 
2025-07-14 16:56:29,192 - ERROR - 元素 ('xpath', '//androidx.recyclerview.widget.RecyclerView[@resource-id="com.nelko.printer:id/act_ai_category_rcv"]') 超时未找到
2025-07-14 16:56:36,363 - INFO - 完整API模板: ['黑白', '动物', '特色', '饮料', '节日', '食物', '日记', '自然', '运动', '旅行']
2025-07-14 16:56:36,363 - INFO - 完整APP模板: ['黑白', '动物', '特色', '饮料', '节日', '食物', '日记', '自然', '运动', '旅行']
2025-07-14 16:56:36,363 - INFO - 执行第二个测试用例
2025-07-14 16:56:36,363 - INFO - Test case execution finished
