2025-07-09 10:58:23,114 - INFO - Driver initialized, starting test cases
2025-07-09 10:58:23,569 - INFO - 开始测试设备: P21
2025-07-09 10:58:23,569 - INFO - 开始处理设备: P21
2025-07-09 10:58:23,569 - INFO - 正在选择设备: P21
2025-07-09 10:58:26,875 - INFO - 点击P21    =>定位值: ('id', 'com.nelko.printer:id/tv_printer_model'), 
2025-07-09 10:58:27,899 - INFO - 点击P21    =>定位值: ('xpath', '//android.widget.TextView[@resource-id="com.nelko.printer:id/text_device_name" and @text="P21"]'), 
2025-07-09 10:58:28,701 - INFO - 点击确定    =>定位值: ('id', 'com.nelko.printer:id/tv_ok'), 
2025-07-09 10:58:28,738 - INFO - 设备 P21 选择完成
2025-07-09 10:58:34,181 - ERROR - 元素 ('xpath', '//android.widget.TextView[@resource-id="com.nelko.printer:id/view_menu_title" and @text="AI打印"]') 超时未找到
2025-07-09 10:58:34,181 - INFO - 获取位置失败 ('xpath', '//android.widget.TextView[@resource-id="com.nelko.printer:id/view_menu_title" and @text="AI打印"]'), 点击事件执行失败
2025-07-09 10:58:34,183 - INFO - 开始测试设备: P31S
2025-07-09 10:58:34,183 - INFO - 开始处理设备: P31S
2025-07-09 10:58:34,183 - INFO - 正在选择设备: P31S
2025-07-09 10:58:34,393 - INFO - 点击P21    =>定位值: ('id', 'com.nelko.printer:id/tv_printer_model'), 
2025-07-09 10:58:35,655 - INFO - 点击P31S    =>定位值: ('xpath', '//android.widget.TextView[@resource-id="com.nelko.printer:id/text_device_name" and @text="P31S"]'), 
2025-07-09 10:58:36,475 - INFO - 点击确定    =>定位值: ('id', 'com.nelko.printer:id/tv_ok'), 
2025-07-09 10:58:36,528 - INFO - 设备 P31S 选择完成
2025-07-09 10:58:41,962 - ERROR - 元素 ('xpath', '//android.widget.TextView[@resource-id="com.nelko.printer:id/view_menu_title" and @text="AI打印"]') 超时未找到
2025-07-09 10:58:41,962 - INFO - 获取位置失败 ('xpath', '//android.widget.TextView[@resource-id="com.nelko.printer:id/view_menu_title" and @text="AI打印"]'), 点击事件执行失败
2025-07-09 10:58:41,963 - INFO - 开始测试设备: PM220
2025-07-09 10:58:41,963 - INFO - 开始处理设备: PM220
2025-07-09 10:58:41,963 - INFO - 正在选择设备: PM220
2025-07-09 10:58:42,903 - INFO - 点击P31S    =>定位值: ('id', 'com.nelko.printer:id/tv_printer_model'), 
2025-07-09 10:58:44,142 - INFO - 点击PM220    =>定位值: ('xpath', '//android.widget.TextView[@resource-id="com.nelko.printer:id/text_device_name" and @text="PM220"]'), 
2025-07-09 10:58:44,961 - INFO - 点击确定    =>定位值: ('id', 'com.nelko.printer:id/tv_ok'), 
2025-07-09 10:58:45,001 - INFO - 设备 PM220 选择完成
2025-07-09 10:58:47,263 - INFO - 点击AI打印    =>定位值: ('xpath', '//android.widget.TextView[@resource-id="com.nelko.printer:id/view_menu_title" and @text="AI打印"]'), 
2025-07-09 10:58:48,109 - INFO - 点击AI图库    =>定位值: ('xpath', '//android.widget.TextView[@text="AI图库"]'), 
2025-07-09 10:58:53,603 - INFO - 完整API模板: ['黑白', '动物', '特色', '饮料', '节日', '食物', '日记', '自然', '运动', '旅行']
2025-07-09 10:58:53,603 - INFO - 完整APP模板: ['黑白', '动物', '特色', '饮料', '节日', '食物', '日记', '自然', '运动', '旅行']
2025-07-09 10:58:54,748 - ERROR - 执行返回
2025-07-09 10:58:54,748 - INFO - 设备 PM220 处理完成
2025-07-09 10:58:54,748 - INFO - 设备 PM220 测试完成
2025-07-09 10:58:54,748 - INFO - Test case execution finished
