2025-07-16 13:51:13,970 - INFO - Driver initialized, starting test cases
2025-07-16 13:51:14,889 - INFO - 成功保存第1张图片: 32025070710124600011506.jpg
2025-07-16 13:51:15,251 - INFO - 成功保存第2张图片: 32025061009383600015014.jpg
2025-07-16 13:51:15,820 - INFO - 成功保存第3张图片: 32025061216075200014766.jpg
2025-07-16 13:51:16,160 - INFO - 成功保存第4张图片: 32025061216081500017524.jpg
2025-07-16 13:51:16,476 - INFO - 成功保存第5张图片: 32025061216084500012882.jpg
2025-07-16 13:51:16,476 - INFO - 图片处理完成，共尝试下载5张，成功5张
2025-07-16 13:51:18,201 - INFO - 成功保存截图到：D:\huan\Print_APP\screenshots\app_banner\banner_1752645078.png
2025-07-16 13:51:21,637 - INFO - 成功保存截图到：D:\huan\Print_APP\screenshots\app_banner\banner_1752645081.png
2025-07-16 13:51:25,282 - INFO - 成功保存截图到：D:\huan\Print_APP\screenshots\app_banner\banner_1752645085.png
2025-07-16 13:51:29,192 - INFO - 图片已经被保存过，跳过。
2025-07-16 13:51:30,406 - INFO - 成功保存截图到：D:\huan\Print_APP\screenshots\app_banner\banner_1752645090.png
2025-07-16 13:51:34,178 - INFO - 图片已经被保存过，跳过。
2025-07-16 13:51:35,426 - INFO - 成功保存截图到：D:\huan\Print_APP\screenshots\app_banner\banner_1752645095.png
2025-07-16 13:51:37,429 - INFO - 共截取并保存了 5 张唯一的banner截图。
2025-07-16 13:51:37,755 - INFO - APP保存的图片与接口返回的图片有95%以上相似，无需手动确认
2025-07-16 13:51:37,794 - INFO - APP保存的图片与接口返回的图片有95%以上相似，无需手动确认
2025-07-16 13:51:37,989 - INFO - APP保存的图片与接口返回的图片有95%以上相似，无需手动确认
2025-07-16 13:51:38,149 - INFO - APP保存的图片与接口返回的图片有95%以上相似，无需手动确认
2025-07-16 13:51:38,195 - INFO - APP保存的图片与接口返回的图片存在不相似，需要手动确认
2025-07-16 13:51:38,195 - INFO - Test case execution finished
