2025-06-09 16:40:24,589 - INFO - 测试开始 - 设备: 6ebb6b77, 版本: 12
2025-06-09 16:40:39,848 - INFO - P21
2025-06-09 16:40:40,863 - INFO - 点击PM220    =>定位值: com.nelko.printer:id/tv_printer_model, 
2025-06-09 16:40:43,099 - INFO - 点击P21    =>定位值: //android.widget.TextView[@resource-id="com.nelko.printer:id/text_device_name" and @text="P21"], 
2025-06-09 16:40:43,788 - INFO - 点击确定    =>定位值: com.nelko.printer:id/tv_ok, 
2025-06-09 16:40:45,362 - INFO - 点击模板    =>定位值: //android.widget.TextView[@resource-id="com.nelko.printer:id/view_menu_title" and @text="模板"], 
2025-06-09 16:40:47,734 - INFO - P21完整API模板: ['存储', '零售', '工作', '学习', '名字', '医疗', '祝福', '开关', '地址', '日常生活', '其他']
2025-06-09 16:40:47,734 - INFO - P21完整APP模板: ['存储', '零售', '工作', '学习', '名字', '医疗', '祝福', '开关', '地址', '日常生活', '其他']
2025-06-09 16:40:48,139 - INFO - 点击全部尺寸    =>定位值: com.nelko.printer:id/text_size, 
2025-06-09 16:40:50,670 - INFO - P21接口返回尺寸: ['14x40', '30x14', '40x12', '40x14', '40x15', '50x14', '75x14']
2025-06-09 16:40:50,670 - INFO - P21APP展示尺寸: ['14x40', '30x14', '40x12', '40x14', '40x15', '50x14', '75x14']
2025-06-09 16:40:51,569 - INFO - 执行返回
2025-06-09 16:40:51,863 - INFO - 点击搜索    =>定位值: com.nelko.printer:id/view_et_content, 
2025-06-09 16:40:52,986 - INFO - 点击请输入搜索内容    =>定位值: com.nelko.printer:id/view_et_content, 
2025-06-09 16:40:59,020 - INFO - 点击全部尺寸    =>定位值: com.nelko.printer:id/text_size, 
2025-06-09 16:41:00,678 - INFO - 点击40x14    =>定位值: //android.widget.CheckBox[@text="40x14"], 
2025-06-09 16:41:01,404 - INFO - 点击确定    =>定位值: com.nelko.printer:id/btn_selected, 
2025-06-09 16:41:03,187 - INFO - 执行返回
2025-06-09 16:41:05,363 - INFO - 执行返回
2025-06-09 16:41:07,513 - INFO - 执行返回
2025-06-09 16:41:07,513 - INFO - PM220
2025-06-09 16:41:07,612 - INFO - 点击P21    =>定位值: com.nelko.printer:id/tv_printer_model, 
2025-06-09 16:41:09,172 - INFO - 点击PM220    =>定位值: //android.widget.TextView[@resource-id="com.nelko.printer:id/text_device_name" and @text="PM220"], 
2025-06-09 16:41:09,940 - INFO - 点击确定    =>定位值: com.nelko.printer:id/tv_ok, 
2025-06-09 16:41:11,458 - INFO - 点击模板    =>定位值: //android.widget.TextView[@resource-id="com.nelko.printer:id/view_menu_title" and @text="模板"], 
2025-06-09 16:41:14,118 - INFO - PM220完整API模板: ['存储', '零售', '工作', '名片', '学习', '名字', '医疗', '祝福', '条码', '地址', 'DIY', '家居']
2025-06-09 16:41:14,118 - INFO - PM220完整APP模板: ['存储', '零售', '工作', '名片', '学习', '名字', '医疗', '祝福', '条码', '地址', 'DIY', '家居']
2025-06-09 16:41:14,200 - INFO - 点击全部尺寸    =>定位值: com.nelko.printer:id/text_size, 
2025-06-09 16:41:17,033 - INFO - PM220接口返回尺寸: ['30x20', '30x40', '30x50', '31x31', '40x30', '40x60', '50x30', '50x50', '50x80', '51x51', '80x50']
2025-06-09 16:41:17,034 - INFO - PM220APP展示尺寸: ['30x20', '30x40', '30x50', '31x31', '40x30', '40x60', '50x30', '50x50', '50x80', '51x51', '80x50']
2025-06-09 16:41:17,943 - INFO - 执行返回
2025-06-09 16:41:18,754 - INFO - 点击搜索    =>定位值: com.nelko.printer:id/view_et_content, 
2025-06-09 16:41:20,188 - INFO - 点击请输入搜索内容    =>定位值: com.nelko.printer:id/view_et_content, 
2025-06-09 16:41:26,419 - INFO - 点击全部尺寸    =>定位值: com.nelko.printer:id/text_size, 
2025-06-09 16:41:27,904 - INFO - 点击80x50    =>定位值: //android.widget.CheckBox[@text="80x50"], 
2025-06-09 16:41:28,627 - INFO - 点击确定    =>定位值: com.nelko.printer:id/btn_selected, 
2025-06-09 16:41:32,201 - INFO - 执行返回
