2025-07-16 13:49:13,937 - INFO - Driver initialized, starting test cases
2025-07-16 13:49:15,699 - INFO - 成功保存第1张图片: 32025070710124600011506.jpg
2025-07-16 13:49:16,466 - INFO - 成功保存第2张图片: 32025061009383600015014.jpg
2025-07-16 13:49:16,830 - INFO - 成功保存第3张图片: 32025061216075200014766.jpg
2025-07-16 13:49:17,146 - INFO - 成功保存第4张图片: 32025061216081500017524.jpg
2025-07-16 13:49:17,624 - INFO - 成功保存第5张图片: 32025061216084500012882.jpg
2025-07-16 13:49:17,624 - INFO - 图片处理完成，共尝试下载5张，成功5张
2025-07-16 13:49:18,178 - INFO - 成功保存截图到：D:\huan\Print_APP\screenshots\app_banner\banner_1752644958.png
2025-07-16 13:49:21,592 - INFO - 成功保存截图到：D:\huan\Print_APP\screenshots\app_banner\banner_1752644961.png
2025-07-16 13:49:25,325 - INFO - 成功保存截图到：D:\huan\Print_APP\screenshots\app_banner\banner_1752644965.png
2025-07-16 13:49:29,269 - INFO - 图片已经被保存过，跳过。
2025-07-16 13:49:30,567 - INFO - 成功保存截图到：D:\huan\Print_APP\screenshots\app_banner\banner_1752644970.png
2025-07-16 13:49:34,207 - INFO - 图片已经被保存过，跳过。
2025-07-16 13:49:35,445 - INFO - 成功保存截图到：D:\huan\Print_APP\screenshots\app_banner\banner_1752644975.png
2025-07-16 13:49:37,462 - INFO - 共截取并保存了 5 张唯一的banner截图。
2025-07-16 13:49:37,617 - INFO - APP保存的图片与接口返回的图片有95%以上相似，无需手动确认
2025-07-16 13:49:37,641 - INFO - APP保存的图片与接口返回的图片有95%以上相似，无需手动确认
2025-07-16 13:49:37,791 - INFO - APP保存的图片与接口返回的图片有95%以上相似，无需手动确认
2025-07-16 13:49:37,916 - INFO - APP保存的图片与接口返回的图片有95%以上相似，无需手动确认
2025-07-16 13:49:37,959 - INFO - APP保存的图片与接口返回的图片存在不相似，需要手动确认
2025-07-16 13:49:37,959 - INFO - Test case execution finished
