2025-07-09 10:43:40,327 - INFO - Driver initialized, starting test cases
2025-07-09 10:43:44,329 - INFO - 保存接口返回的第1个图片
2025-07-09 10:43:44,701 - INFO - 保存接口返回的第2个图片
2025-07-09 10:43:45,025 - INFO - 保存接口返回的第3个图片
2025-07-09 10:43:45,350 - INFO - 保存接口返回的第4个图片
2025-07-09 10:43:45,702 - INFO - 保存接口返回的第5个图片
2025-07-09 10:43:46,035 - INFO - 保存接口返回的第6个图片
2025-07-09 10:43:46,035 - INFO - 一共6张图片
2025-07-09 10:43:49,470 - INFO - 成功保存截图到：D:\huan\Print_APP\screenshots\app_banner\banner_1752029029.png
2025-07-09 10:43:54,945 - INFO - 成功保存截图到：D:\huan\Print_APP\screenshots\app_banner\banner_1752029034.png
2025-07-09 10:43:58,458 - INFO - 成功保存截图到：D:\huan\Print_APP\screenshots\app_banner\banner_1752029038.png
2025-07-09 10:44:01,775 - INFO - 图片已经被保存过，跳过。
2025-07-09 10:44:03,053 - INFO - 成功保存截图到：D:\huan\Print_APP\screenshots\app_banner\banner_1752029042.png
2025-07-09 10:44:06,696 - INFO - 图片已经被保存过，跳过。
2025-07-09 10:44:07,951 - INFO - 成功保存截图到：D:\huan\Print_APP\screenshots\app_banner\banner_1752029047.png
2025-07-09 10:44:11,687 - INFO - 图片已经被保存过，跳过。
2025-07-09 10:44:13,059 - INFO - 成功保存截图到：D:\huan\Print_APP\screenshots\app_banner\banner_1752029052.png
2025-07-09 10:44:15,063 - INFO - 共截取并保存了 6 张唯一的banner截图。
2025-07-09 10:44:15,192 - INFO - APP保存的图片与接口返回的图片有95%以上相似，无需手动确认
2025-07-09 10:44:15,337 - INFO - APP保存的图片与接口返回的图片有95%以上相似，无需手动确认
2025-07-09 10:44:15,386 - INFO - APP保存的图片与接口返回的图片有95%以上相似，无需手动确认
2025-07-09 10:44:15,542 - INFO - APP保存的图片与接口返回的图片有95%以上相似，无需手动确认
2025-07-09 10:44:15,800 - INFO - APP保存的图片与接口返回的图片有95%以上相似，无需手动确认
2025-07-09 10:44:15,944 - INFO - APP保存的图片与接口返回的图片有95%以上相似，无需手动确认
2025-07-09 10:44:16,652 - INFO - 点击已连接    =>定位值: ('id', 'com.nelko.printer:id/tv_connect'), 
2025-07-09 10:44:19,151 - ERROR - 找不到PM230--11:FB:AF:F5:6F:52进入else
2025-07-09 10:44:19,915 - INFO - 点击刷新    =>定位值: ('xpath', '//android.widget.TextView[@text="刷新"]'), 
2025-07-09 10:44:26,845 - INFO - 点击11:FB:AF:F5:6F:52    =>定位值: ('xpath', '//android.widget.TextView[@resource-id="com.nelko.printer:id/tv_ble_address" and @text="11:FB:AF:F5:6F:52"]'), 
2025-07-09 10:44:29,331 - INFO - 点击已连接    =>定位值: ('id', 'com.nelko.printer:id/tv_connect'), 
2025-07-09 10:44:30,998 - INFO - 点击断开连接    =>定位值: ('id', 'com.nelko.printer:id/act_two_inch_bt_disconnect_tv'), 
2025-07-09 10:44:31,601 - INFO - 点击确定    =>定位值: ('id', 'com.nelko.printer:id/tv_sure'), 
2025-07-09 10:44:32,995 - ERROR - 执行返回
2025-07-09 10:44:33,185 - INFO - 点击未连接    =>定位值: ('id', 'com.nelko.printer:id/tv_connect'), 
2025-07-09 10:44:40,645 - ERROR - 元素 ('id', 'com.nelko.printer:id/tv_connect') 超时未找到
2025-07-09 10:44:40,645 - INFO - 获取位置失败 ('id', 'com.nelko.printer:id/tv_connect'), 点击事件执行失败
2025-07-09 10:44:45,936 - ERROR - 元素 ('id', 'com.nelko.printer:id/tv_connect') 超时未找到
2025-07-09 10:44:45,936 - INFO - 获取位置失败 ('id', 'com.nelko.printer:id/tv_connect'), 点击事件执行失败
2025-07-09 10:44:45,937 - INFO - Test case execution finished
