2025-04-23 16:55:18,864 - INFO - 测试开始 - 设备: a12b830d, 版本: 11
2025-04-23 16:55:39,258 - INFO - P21
2025-04-23 16:55:39,408 - INFO - 点击P21    =>定位值: com.nelko.printer:id/tv_printer_model, 
2025-04-23 16:55:41,112 - INFO - 点击P21    =>定位值: //android.widget.TextView[@resource-id="com.nelko.printer:id/text_device_name" and @text="P21"], 
2025-04-23 16:55:41,866 - INFO - 点击确定    =>定位值: com.nelko.printer:id/tv_ok, 
2025-04-23 16:55:43,388 - INFO - 点击模板    =>定位值: //android.widget.TextView[@resource-id="com.nelko.printer:id/view_menu_title" and @text="模板"], 
2025-04-23 16:55:45,937 - INFO - P21完整API模板: ['存储', '零售', '工作', '名字', '医疗', '祝福', '开关', '课程', '地址', '其他']
2025-04-23 16:55:45,938 - INFO - P21完整APP模板: ['存储', '零售', '工作', '名字', '医疗', '祝福', '开关', '课程', '地址', '其他']
2025-04-23 16:55:46,105 - INFO - 点击全部尺寸    =>定位值: com.nelko.printer:id/text_size, 
2025-04-23 16:55:48,497 - INFO - P21接口返回尺寸: ['14x40', '40x14', '40x15']
2025-04-23 16:55:48,498 - INFO - P21APP展示尺寸: ['14x40', '40x14', '40x15']
2025-04-23 16:55:49,388 - INFO - 执行返回
2025-04-23 16:55:50,827 - INFO - 点击搜索    =>定位值: com.nelko.printer:id/view_et_content, 
2025-04-23 16:55:51,982 - INFO - 点击请输入搜索内容    =>定位值: com.nelko.printer:id/view_et_content, 
2025-04-23 16:55:59,671 - INFO - 点击全部尺寸    =>定位值: com.nelko.printer:id/text_size, 
2025-04-23 16:56:01,134 - INFO - 点击40x14    =>定位值: //android.widget.CheckBox[@text="40x14"], 
2025-04-23 16:56:01,877 - INFO - 点击确定    =>定位值: com.nelko.printer:id/btn_selected, 
2025-04-23 16:56:03,368 - INFO - 执行返回
2025-04-23 16:56:04,751 - INFO - 执行返回
2025-04-23 16:56:06,101 - INFO - 执行返回
2025-04-23 16:56:07,115 - INFO - P31S
2025-04-23 16:56:07,338 - INFO - 点击P21    =>定位值: com.nelko.printer:id/tv_printer_model, 
2025-04-23 16:56:09,013 - INFO - 点击P31S    =>定位值: //android.widget.TextView[@resource-id="com.nelko.printer:id/text_device_name" and @text="P31S"], 
2025-04-23 16:56:09,771 - INFO - 点击确定    =>定位值: com.nelko.printer:id/tv_ok, 
2025-04-23 16:56:11,248 - INFO - 点击模板    =>定位值: //android.widget.TextView[@resource-id="com.nelko.printer:id/view_menu_title" and @text="模板"], 
2025-04-23 16:56:13,538 - INFO - P31S完整API模板: ['存储', '零售', '工作', '名字', '医疗', '祝福', '开关', '课程', '地址', '其他']
2025-04-23 16:56:13,539 - INFO - P31S完整APP模板: ['存储', '零售', '工作', '名字', '医疗', '祝福', '开关', '课程', '地址', '其他']
2025-04-23 16:56:13,813 - INFO - 点击全部尺寸    =>定位值: com.nelko.printer:id/text_size, 
2025-04-23 16:56:16,227 - INFO - P31S接口返回尺寸: ['14x40', '40x14', '40x15']
2025-04-23 16:56:16,227 - INFO - P31SAPP展示尺寸: ['14x40', '40x14', '40x15']
2025-04-23 16:56:16,653 - INFO - 执行返回
2025-04-23 16:56:18,061 - INFO - 点击搜索    =>定位值: com.nelko.printer:id/view_et_content, 
2025-04-23 16:56:19,240 - INFO - 点击请输入搜索内容    =>定位值: com.nelko.printer:id/view_et_content, 
2025-04-23 16:56:25,531 - INFO - 点击全部尺寸    =>定位值: com.nelko.printer:id/text_size, 
2025-04-23 16:56:26,820 - INFO - 点击40x14    =>定位值: //android.widget.CheckBox[@text="40x14"], 
2025-04-23 16:56:27,592 - INFO - 点击确定    =>定位值: com.nelko.printer:id/btn_selected, 
2025-04-23 16:56:29,318 - INFO - 执行返回
2025-04-23 16:56:30,666 - INFO - 执行返回
2025-04-23 16:56:32,024 - INFO - 执行返回
2025-04-23 16:56:33,038 - INFO - PM220
2025-04-23 16:56:33,166 - INFO - 点击P31S    =>定位值: com.nelko.printer:id/tv_printer_model, 
2025-04-23 16:56:34,217 - INFO - 点击PM220    =>定位值: //android.widget.TextView[@resource-id="com.nelko.printer:id/text_device_name" and @text="PM220"], 
2025-04-23 16:56:34,986 - INFO - 点击确定    =>定位值: com.nelko.printer:id/tv_ok, 
2025-04-23 16:56:36,335 - INFO - 点击模板    =>定位值: //android.widget.TextView[@resource-id="com.nelko.printer:id/view_menu_title" and @text="模板"], 
2025-04-23 16:56:38,553 - INFO - PM220完整API模板: ['存储', '零售', '工作', '名字', '医疗', '祝福', '条码', '地址', 'DIY', '家居']
2025-04-23 16:56:38,553 - INFO - PM220完整APP模板: ['存储', '零售', '工作', '名字', '医疗', '祝福', '条码', '地址', 'DIY', '家居']
2025-04-23 16:56:38,780 - INFO - 点击全部尺寸    =>定位值: com.nelko.printer:id/text_size, 
2025-04-23 16:56:41,387 - INFO - PM220接口返回尺寸: ['30x20', '30x40', '30x50', '31x31', '40x30', '40x60', '50x30', '50x50', '50x80', '51x51', '60x40', '70x80', '80x50']
2025-04-23 16:56:41,387 - INFO - PM220APP展示尺寸: ['30x20', '30x40', '30x50', '31x31', '40x30', '40x60', '50x30', '50x50', '50x80', '51x51', '60x40', '70x80', '80x50']
2025-04-23 16:56:41,803 - INFO - 执行返回
2025-04-23 16:56:43,186 - INFO - 点击搜索    =>定位值: com.nelko.printer:id/view_et_content, 
2025-04-23 16:56:44,381 - INFO - 点击请输入搜索内容    =>定位值: com.nelko.printer:id/view_et_content, 
2025-04-23 16:56:50,667 - INFO - 点击全部尺寸    =>定位值: com.nelko.printer:id/text_size, 
2025-04-23 16:56:51,993 - INFO - 点击50x30    =>定位值: //android.widget.CheckBox[@text="50x30"], 
2025-04-23 16:56:53,046 - INFO - 点击确定    =>定位值: com.nelko.printer:id/btn_selected, 
2025-04-23 16:56:54,516 - INFO - 执行返回
2025-04-23 16:56:55,867 - INFO - 执行返回
2025-04-23 16:56:57,333 - INFO - 执行返回
2025-04-23 16:56:58,336 - INFO - PM220S
2025-04-23 16:56:58,473 - INFO - 点击PM220    =>定位值: com.nelko.printer:id/tv_printer_model, 
2025-04-23 16:56:59,558 - INFO - 点击PM220S    =>定位值: //android.widget.TextView[@resource-id="com.nelko.printer:id/text_device_name" and @text="PM220S"], 
2025-04-23 16:57:00,330 - INFO - 点击确定    =>定位值: com.nelko.printer:id/tv_ok, 
2025-04-23 16:57:01,657 - INFO - 点击模板    =>定位值: //android.widget.TextView[@resource-id="com.nelko.printer:id/view_menu_title" and @text="模板"], 
2025-04-23 16:57:03,880 - INFO - PM220S完整API模板: ['存储', '零售', '工作', '名字', '医疗', '祝福', '条码', '地址', 'DIY', '家居']
2025-04-23 16:57:03,880 - INFO - PM220S完整APP模板: ['存储', '零售', '工作', '名字', '医疗', '祝福', '条码', '地址', 'DIY', '家居']
2025-04-23 16:57:04,099 - INFO - 点击全部尺寸    =>定位值: com.nelko.printer:id/text_size, 
2025-04-23 16:57:06,702 - INFO - PM220S接口返回尺寸: ['30x20', '30x40', '30x50', '31x31', '40x30', '40x60', '50x30', '50x50', '50x80', '51x51', '60x40', '70x80', '80x50']
2025-04-23 16:57:06,702 - INFO - PM220SAPP展示尺寸: ['30x20', '30x40', '30x50', '31x31', '40x30', '40x60', '50x30', '50x50', '50x80', '51x51', '60x40', '70x80', '80x50']
2025-04-23 16:57:07,117 - INFO - 执行返回
2025-04-23 16:57:09,028 - INFO - 点击搜索    =>定位值: com.nelko.printer:id/view_et_content, 
2025-04-23 16:57:10,208 - INFO - 点击请输入搜索内容    =>定位值: com.nelko.printer:id/view_et_content, 
2025-04-23 16:57:17,171 - INFO - 点击全部尺寸    =>定位值: com.nelko.printer:id/text_size, 
2025-04-23 16:57:18,487 - INFO - 点击50x30    =>定位值: //android.widget.CheckBox[@text="50x30"], 
2025-04-23 16:57:19,222 - INFO - 点击确定    =>定位值: com.nelko.printer:id/btn_selected, 
2025-04-23 16:57:20,535 - INFO - 执行返回
2025-04-23 16:57:21,901 - INFO - 执行返回
2025-04-23 16:57:24,271 - INFO - 执行返回
2025-04-23 16:57:25,281 - INFO - PM230
2025-04-23 16:57:25,707 - INFO - 点击PM220S    =>定位值: com.nelko.printer:id/tv_printer_model, 
2025-04-23 16:57:26,902 - INFO - 点击PM230    =>定位值: //android.widget.TextView[@resource-id="com.nelko.printer:id/text_device_name" and @text="PM230"], 
2025-04-23 16:57:27,639 - INFO - 点击确定    =>定位值: com.nelko.printer:id/tv_ok, 
2025-04-23 16:57:48,011 - INFO - 点击模板    =>定位值: //android.widget.TextView[@resource-id="com.nelko.printer:id/view_menu_title" and @text="模板"], 
2025-04-23 16:57:50,238 - INFO - PM230完整API模板: ['存储', '零售', '工作', '名片', '待办清单', '便利贴', '艺术', '自然植物']
2025-04-23 16:57:50,238 - INFO - PM230完整APP模板: ['存储', '零售', '工作', '名片', '待办清单', '便利贴', '艺术', '自然植物']
2025-04-23 16:57:50,372 - INFO - 点击全部尺寸    =>定位值: com.nelko.printer:id/text_size, 
2025-04-23 16:57:53,497 - ERROR - PM230接口返回但APP未展示的尺寸: 54x90, 54x87, 54x85, 86x54
2025-04-23 16:57:53,498 - INFO - PM230接口返回尺寸: ['115x54', '54x166', '54x24', '54x31', '54x35', '54x36', '54x37', '54x38', '54x41', '54x46', '54x47', '54x48', '54x50', '54x52', '54x54', '54x56', '54x58', '54x60', '54x62', '54x64', '54x67', '54x68', '54x70', '54x73', '54x74', '54x75', '54x76', '54x77', '54x79', '54x80', '54x85', '54x87', '54x90', '86x54']
2025-04-23 16:57:53,498 - INFO - PM230APP展示尺寸: ['115x54', '54x166', '54x24', '54x31', '54x35', '54x36', '54x37', '54x38', '54x41', '54x46', '54x47', '54x48', '54x50', '54x52', '54x54', '54x56', '54x58', '54x60', '54x62', '54x64', '54x67', '54x68', '54x70', '54x73', '54x74', '54x75', '54x76', '54x77', '54x79', '54x80']
2025-04-23 16:57:53,917 - INFO - 执行返回
2025-04-23 16:57:55,222 - INFO - 点击搜索    =>定位值: com.nelko.printer:id/view_et_content, 
2025-04-23 16:57:57,006 - INFO - 点击请输入搜索内容    =>定位值: com.nelko.printer:id/view_et_content, 
2025-04-23 16:58:04,331 - INFO - 点击全部尺寸    =>定位值: com.nelko.printer:id/text_size, 
2025-04-23 16:58:05,610 - INFO - 点击115x54    =>定位值: //android.widget.CheckBox[@text="115x54"], 
2025-04-23 16:58:26,223 - INFO - 元素 ('id', 'com.nelko.printer:id/btn_selected') 超时未找到
2025-04-23 16:58:26,223 - ERROR - 获取位置失败 com.nelko.printer:id/btn_selected, 点击事件执行失败: 'NoneType' object has no attribute 'text'
2025-04-23 16:58:26,223 - ERROR - 测试失败: 获取位置失败 com.nelko.printer:id/btn_selected, 点击事件执行失败: 'NoneType' object has no attribute 'text'
2025-04-23 16:58:26,225 - INFO - PL70e-BT
2025-04-23 16:58:46,782 - INFO - 元素 ('id', 'com.nelko.printer:id/tv_printer_model') 超时未找到
2025-04-23 16:58:46,782 - ERROR - 获取位置失败 com.nelko.printer:id/tv_printer_model, 点击事件执行失败: 'NoneType' object has no attribute 'text'
2025-04-23 16:58:46,782 - ERROR - 测试失败: 获取位置失败 com.nelko.printer:id/tv_printer_model, 点击事件执行失败: 'NoneType' object has no attribute 'text'
2025-04-23 16:58:46,783 - INFO - PM360
2025-04-23 16:59:07,326 - INFO - 元素 ('id', 'com.nelko.printer:id/tv_printer_model') 超时未找到
2025-04-23 16:59:07,326 - ERROR - 获取位置失败 com.nelko.printer:id/tv_printer_model, 点击事件执行失败: 'NoneType' object has no attribute 'text'
2025-04-23 16:59:07,326 - ERROR - 测试失败: 获取位置失败 com.nelko.printer:id/tv_printer_model, 点击事件执行失败: 'NoneType' object has no attribute 'text'
2025-04-23 16:59:07,327 - INFO - P22
2025-04-23 16:59:27,886 - INFO - 元素 ('id', 'com.nelko.printer:id/tv_printer_model') 超时未找到
2025-04-23 16:59:27,886 - ERROR - 获取位置失败 com.nelko.printer:id/tv_printer_model, 点击事件执行失败: 'NoneType' object has no attribute 'text'
2025-04-23 16:59:27,886 - ERROR - 测试失败: 获取位置失败 com.nelko.printer:id/tv_printer_model, 点击事件执行失败: 'NoneType' object has no attribute 'text'
2025-04-23 16:59:27,887 - INFO - PL80E
2025-04-23 16:59:34,851 - INFO - 点击PM230    =>定位值: com.nelko.printer:id/tv_printer_model, 
2025-04-23 16:59:41,192 - INFO - 点击PL80E    =>定位值: //android.widget.TextView[@resource-id="com.nelko.printer:id/text_device_name" and @text="PL80E"], 
2025-04-23 16:59:41,901 - INFO - 点击确定    =>定位值: com.nelko.printer:id/tv_ok, 
2025-04-23 16:59:43,154 - INFO - 点击模板    =>定位值: //android.widget.TextView[@resource-id="com.nelko.printer:id/view_menu_title" and @text="模板"], 
2025-04-23 16:59:45,276 - INFO - PL80E完整API模板: ['存储', '零售', '文件', '条码', '地址']
2025-04-23 16:59:45,276 - INFO - PL80E完整APP模板: ['存储', '零售', '文件', '条码', '地址']
2025-04-23 16:59:45,398 - INFO - 点击全部尺寸    =>定位值: com.nelko.printer:id/text_size, 
2025-04-23 16:59:47,789 - INFO - PL80E接口返回尺寸: ['102x57', '25x51', '51x25', '51x76', '57x32', '76x25', '76x51']
2025-04-23 16:59:47,790 - INFO - PL80EAPP展示尺寸: ['102x57', '25x51', '51x25', '51x76', '57x32', '76x25', '76x51']
2025-04-23 16:59:48,208 - INFO - 执行返回
2025-04-23 16:59:49,496 - INFO - 点击搜索    =>定位值: com.nelko.printer:id/view_et_content, 
2025-04-23 16:59:50,676 - INFO - 点击请输入搜索内容    =>定位值: com.nelko.printer:id/view_et_content, 
2025-04-23 16:59:57,972 - INFO - 点击全部尺寸    =>定位值: com.nelko.printer:id/text_size, 
2025-04-23 16:59:59,211 - INFO - 点击76x51    =>定位值: //android.widget.CheckBox[@text="76x51"], 
2025-04-23 16:59:59,939 - INFO - 点击确定    =>定位值: com.nelko.printer:id/btn_selected, 
2025-04-23 17:00:01,409 - INFO - 执行返回
2025-04-23 17:00:02,759 - INFO - 执行返回
2025-04-23 17:00:04,081 - INFO - 执行返回
2025-04-23 17:00:05,093 - INFO - 测试结束 - 设备: a12b830d, 版本: 11. 结果: 0错误, 4失败
