2025-04-24 17:13:42,971 - INFO - 测试开始 - 设备: a12b830d, 版本: 11
2025-04-24 17:13:58,074 - INFO - 开始测试设备: P21
2025-04-24 17:13:58,074 - INFO - 开始处理设备: P21
2025-04-24 17:13:58,075 - INFO - 正在选择设备: P21
2025-04-24 17:13:58,150 - INFO - 点击P21    =>定位值: com.nelko.printer:id/tv_printer_model, 
2025-04-24 17:13:59,378 - INFO - 点击P21    =>定位值: //android.widget.TextView[@resource-id="com.nelko.printer:id/text_device_name" and @text="P21"], 
2025-04-24 17:14:00,079 - INFO - 点击确定    =>定位值: com.nelko.printer:id/tv_ok, 
2025-04-24 17:14:00,120 - INFO - 设备 P21 选择完成
2025-04-24 17:14:01,426 - INFO - 点击AI打印    =>定位值: //android.widget.TextView[@resource-id="com.nelko.printer:id/view_menu_title" and @text="AI打印"], 
2025-04-24 17:14:02,265 - INFO - 点击AI图库    =>定位值: //android.widget.TextView[@text="AI图库"], 
2025-04-24 17:14:06,605 - INFO - 执行返回
2025-04-24 17:14:07,116 - INFO - 设备 P21 处理完成
2025-04-24 17:14:07,116 - INFO - 设备 P21 测试完成
2025-04-24 17:14:07,116 - INFO - 开始测试设备: P31S
2025-04-24 17:14:07,116 - INFO - 开始处理设备: P31S
2025-04-24 17:14:07,116 - INFO - 正在选择设备: P31S
2025-04-24 17:14:11,322 - INFO - 点击P21    =>定位值: com.nelko.printer:id/tv_printer_model, 
2025-04-24 17:14:12,353 - INFO - 点击P31S    =>定位值: //android.widget.TextView[@resource-id="com.nelko.printer:id/text_device_name" and @text="P31S"], 
2025-04-24 17:14:13,282 - INFO - 点击确定    =>定位值: com.nelko.printer:id/tv_ok, 
2025-04-24 17:14:13,319 - INFO - 设备 P31S 选择完成
2025-04-24 17:14:14,541 - INFO - 点击AI打印    =>定位值: //android.widget.TextView[@resource-id="com.nelko.printer:id/view_menu_title" and @text="AI打印"], 
2025-04-24 17:14:15,359 - INFO - 点击AI图库    =>定位值: //android.widget.TextView[@text="AI图库"], 
2025-04-24 17:14:18,965 - INFO - 执行返回
2025-04-24 17:14:19,472 - INFO - 设备 P31S 处理完成
2025-04-24 17:14:19,472 - INFO - 设备 P31S 测试完成
2025-04-24 17:14:19,472 - INFO - 开始测试设备: PM220
2025-04-24 17:14:19,472 - INFO - 开始处理设备: PM220
2025-04-24 17:14:19,472 - INFO - 正在选择设备: PM220
2025-04-24 17:14:23,787 - INFO - 点击P31S    =>定位值: com.nelko.printer:id/tv_printer_model, 
2025-04-24 17:14:25,331 - INFO - 点击PM220    =>定位值: //android.widget.TextView[@resource-id="com.nelko.printer:id/text_device_name" and @text="PM220"], 
2025-04-24 17:14:26,008 - INFO - 点击确定    =>定位值: com.nelko.printer:id/tv_ok, 
2025-04-24 17:14:26,053 - INFO - 设备 PM220 选择完成
2025-04-24 17:14:27,262 - INFO - 点击AI打印    =>定位值: //android.widget.TextView[@resource-id="com.nelko.printer:id/view_menu_title" and @text="AI打印"], 
2025-04-24 17:14:28,010 - INFO - 点击AI图库    =>定位值: //android.widget.TextView[@text="AI图库"], 
2025-04-24 17:14:31,245 - INFO - 执行返回
2025-04-24 17:14:31,756 - INFO - 设备 PM220 处理完成
2025-04-24 17:14:31,756 - INFO - 设备 PM220 测试完成
2025-04-24 17:14:31,756 - INFO - 开始测试设备: PM220S
2025-04-24 17:14:31,756 - INFO - 开始处理设备: PM220S
2025-04-24 17:14:31,756 - INFO - 正在选择设备: PM220S
2025-04-24 17:14:33,832 - INFO - 点击PM220    =>定位值: com.nelko.printer:id/tv_printer_model, 
2025-04-24 17:14:35,164 - INFO - 点击PM220S    =>定位值: //android.widget.TextView[@resource-id="com.nelko.printer:id/text_device_name" and @text="PM220S"], 
2025-04-24 17:14:35,833 - INFO - 点击确定    =>定位值: com.nelko.printer:id/tv_ok, 
2025-04-24 17:14:35,877 - INFO - 设备 PM220S 选择完成
2025-04-24 17:14:37,364 - INFO - 点击AI打印    =>定位值: //android.widget.TextView[@resource-id="com.nelko.printer:id/view_menu_title" and @text="AI打印"], 
2025-04-24 17:14:38,122 - INFO - 点击AI图库    =>定位值: //android.widget.TextView[@text="AI图库"], 
2025-04-24 17:14:42,543 - INFO - 执行返回
2025-04-24 17:14:43,057 - INFO - 设备 PM220S 处理完成
2025-04-24 17:14:43,057 - INFO - 设备 PM220S 测试完成
2025-04-24 17:14:43,057 - INFO - 开始测试设备: PM230
2025-04-24 17:14:43,057 - INFO - 开始处理设备: PM230
2025-04-24 17:14:43,057 - INFO - 正在选择设备: PM230
2025-04-24 17:14:44,078 - INFO - 点击PM220S    =>定位值: com.nelko.printer:id/tv_printer_model, 
2025-04-24 17:14:45,326 - INFO - 点击PM230    =>定位值: //android.widget.TextView[@resource-id="com.nelko.printer:id/text_device_name" and @text="PM230"], 
2025-04-24 17:14:45,988 - INFO - 点击确定    =>定位值: com.nelko.printer:id/tv_ok, 
2025-04-24 17:14:46,009 - INFO - 设备 PM230 选择完成
2025-04-24 17:14:47,211 - INFO - 点击确定    =>定位值: com.nelko.printer:id/more_btn_ok, 
2025-04-24 17:14:47,875 - INFO - 点击更多    =>定位值: //android.widget.TextView[@resource-id="com.nelko.printer:id/view_menu_title" and @text="更多"], 
2025-04-24 17:14:49,257 - INFO - 点击AI打印    =>定位值: //android.widget.TextView[@resource-id="com.nelko.printer:id/view_menu_title" and @text="AI打印"], 
2025-04-24 17:14:50,020 - INFO - 点击AI图库    =>定位值: //android.widget.TextView[@text="AI图库"], 
2025-04-24 17:14:54,549 - INFO - 执行返回
2025-04-24 17:14:55,061 - INFO - 设备 PM230 处理完成
2025-04-24 17:14:55,061 - INFO - 设备 PM230 测试完成
2025-04-24 17:14:55,061 - INFO - 开始测试设备: PL70e-BT
2025-04-24 17:14:55,061 - INFO - 开始处理设备: PL70e-BT
2025-04-24 17:14:55,061 - INFO - 正在选择设备: PL70e-BT
2025-04-24 17:14:56,287 - INFO - 点击PM230    =>定位值: com.nelko.printer:id/tv_printer_model, 
2025-04-24 17:14:57,397 - INFO - 点击PL70e-BT    =>定位值: //android.widget.TextView[@resource-id="com.nelko.printer:id/text_device_name" and @text="PL70e-BT"], 
2025-04-24 17:14:58,069 - INFO - 点击确定    =>定位值: com.nelko.printer:id/tv_ok, 
2025-04-24 17:14:58,108 - INFO - 设备 PL70e-BT 选择完成
2025-04-24 17:14:59,250 - INFO - 点击我知道了    =>定位值: com.nelko.printer:id/btn_ok, 
2025-04-24 17:14:59,407 - INFO - 点击AI打印    =>定位值: //android.widget.TextView[@resource-id="com.nelko.printer:id/view_menu_title" and @text="AI打印"], 
2025-04-24 17:15:00,219 - INFO - 点击AI图库    =>定位值: //android.widget.TextView[@text="AI图库"], 
2025-04-24 17:15:03,457 - INFO - 执行返回
2025-04-24 17:15:03,966 - INFO - 设备 PL70e-BT 处理完成
2025-04-24 17:15:03,966 - INFO - 设备 PL70e-BT 测试完成
2025-04-24 17:15:03,966 - INFO - 开始测试设备: PM360
2025-04-24 17:15:03,966 - INFO - 开始处理设备: PM360
2025-04-24 17:15:03,966 - INFO - 正在选择设备: PM360
2025-04-24 17:15:08,415 - INFO - 点击PL70e-BT    =>定位值: com.nelko.printer:id/tv_printer_model, 
2025-04-24 17:15:09,515 - INFO - 点击PM360    =>定位值: //android.widget.TextView[@resource-id="com.nelko.printer:id/text_device_name" and @text="PM360"], 
2025-04-24 17:15:10,200 - INFO - 点击确定    =>定位值: com.nelko.printer:id/tv_ok, 
2025-04-24 17:15:10,227 - INFO - 设备 PM360 选择完成
2025-04-24 17:15:11,440 - INFO - 点击AI打印    =>定位值: //android.widget.TextView[@resource-id="com.nelko.printer:id/view_menu_title" and @text="AI打印"], 
2025-04-24 17:15:12,233 - INFO - 点击AI图库    =>定位值: //android.widget.TextView[@text="AI图库"], 
2025-04-24 17:15:15,490 - INFO - 执行返回
2025-04-24 17:15:16,002 - INFO - 设备 PM360 处理完成
2025-04-24 17:15:16,002 - INFO - 设备 PM360 测试完成
2025-04-24 17:15:16,002 - INFO - 开始测试设备: P22
2025-04-24 17:15:16,002 - INFO - 开始处理设备: P22
2025-04-24 17:15:16,002 - INFO - 正在选择设备: P22
2025-04-24 17:15:20,584 - INFO - 点击PM360    =>定位值: com.nelko.printer:id/tv_printer_model, 
2025-04-24 17:15:21,697 - INFO - 点击P22    =>定位值: //android.widget.TextView[@resource-id="com.nelko.printer:id/text_device_name" and @text="P22"], 
2025-04-24 17:15:22,380 - INFO - 点击确定    =>定位值: com.nelko.printer:id/tv_ok, 
2025-04-24 17:15:22,416 - INFO - 设备 P22 选择完成
2025-04-24 17:15:23,526 - INFO - 点击AI打印    =>定位值: //android.widget.TextView[@resource-id="com.nelko.printer:id/view_menu_title" and @text="AI打印"], 
2025-04-24 17:15:24,307 - INFO - 点击AI图库    =>定位值: //android.widget.TextView[@text="AI图库"], 
2025-04-24 17:15:27,571 - INFO - 执行返回
2025-04-24 17:15:28,073 - INFO - 设备 P22 处理完成
2025-04-24 17:15:28,073 - INFO - 设备 P22 测试完成
2025-04-24 17:15:28,073 - INFO - 开始测试设备: PL80E
2025-04-24 17:15:28,073 - INFO - 开始处理设备: PL80E
2025-04-24 17:15:28,073 - INFO - 正在选择设备: PL80E
2025-04-24 17:15:32,174 - INFO - 点击P22    =>定位值: com.nelko.printer:id/tv_printer_model, 
2025-04-24 17:15:33,317 - INFO - 点击PL80E    =>定位值: //android.widget.TextView[@resource-id="com.nelko.printer:id/text_device_name" and @text="PL80E"], 
2025-04-24 17:15:33,983 - INFO - 点击确定    =>定位值: com.nelko.printer:id/tv_ok, 
2025-04-24 17:15:34,016 - INFO - 设备 PL80E 选择完成
2025-04-24 17:15:35,242 - INFO - 点击AI打印    =>定位值: //android.widget.TextView[@resource-id="com.nelko.printer:id/view_menu_title" and @text="AI打印"], 
2025-04-24 17:15:36,042 - INFO - 点击AI图库    =>定位值: //android.widget.TextView[@text="AI图库"], 
2025-04-24 17:15:40,305 - INFO - 执行返回
2025-04-24 17:15:40,820 - INFO - 设备 PL80E 处理完成
2025-04-24 17:15:40,820 - INFO - 设备 PL80E 测试完成
2025-04-24 17:15:40,820 - INFO - 执行第二个测试用例
2025-04-24 17:15:40,820 - INFO - 测试结束 - 设备: a12b830d, 版本: 11. 结果: 0错误, 0失败
