2025-04-29 14:01:00,750 - INFO - 测试开始 - 设备: a12b830d, 版本: 11
2025-04-29 14:01:15,887 - INFO - 开始测试设备: P21
2025-04-29 14:01:15,888 - INFO - 开始处理设备: P21
2025-04-29 14:01:15,888 - INFO - 正在选择设备: P21
2025-04-29 14:01:17,165 - INFO - 点击P21    =>定位值: com.nelko.printer:id/tv_printer_model, 
2025-04-29 14:01:18,274 - INFO - 点击P21    =>定位值: //android.widget.TextView[@resource-id="com.nelko.printer:id/text_device_name" and @text="P21"], 
2025-04-29 14:01:19,040 - INFO - 点击确定    =>定位值: com.nelko.printer:id/tv_ok, 
2025-04-29 14:01:19,090 - INFO - 设备 P21 选择完成
2025-04-29 14:01:21,245 - INFO - 点击AI打印    =>定位值: //android.widget.TextView[@resource-id="com.nelko.printer:id/view_menu_title" and @text="AI打印"], 
2025-04-29 14:01:22,067 - INFO - 点击AI图库    =>定位值: //android.widget.TextView[@text="AI图库"], 
2025-04-29 14:01:25,868 - INFO - P21完整API模板: ['黑白', '动物', '特色', '饮料', '节日', '食物', '日记', '自然', '运动', '旅行']
2025-04-29 14:01:25,868 - INFO - P21完整APP模板: ['黑白', '动物', '特色', '饮料', '节日', '食物', '日记', '自然', '运动', '旅行']
2025-04-29 14:01:26,129 - INFO - 点击收藏    =>定位值: //android.widget.TextView[@text="收藏"], 
2025-04-29 14:01:27,474 - INFO - 点击使用Email登录    =>定位值: //android.widget.TextView[@text="使用Email登录"], 
2025-04-29 14:01:29,154 - INFO - 点击邮箱    =>定位值: com.nelko.printer:id/edit_email, 
2025-04-29 14:01:33,299 - INFO - 点击密码    =>定位值: com.nelko.printer:id/edit_password, 
2025-04-29 14:01:34,955 - INFO - 执行返回
2025-04-29 14:01:35,597 - INFO - 点击[无可见文本]    =>定位值: com.nelko.printer:id/checkBox_agreement, 
2025-04-29 14:01:36,545 - INFO - 点击登录    =>定位值: com.nelko.printer:id/sign_in, 
2025-04-29 14:01:37,559 - INFO - 执行返回
2025-04-29 14:01:38,884 - INFO - 执行返回
2025-04-29 14:01:39,393 - INFO - 设备 P21 处理完成
2025-04-29 14:01:39,393 - INFO - 设备 P21 测试完成
2025-04-29 14:01:39,393 - INFO - 开始测试设备: P31S
2025-04-29 14:01:39,393 - INFO - 开始处理设备: P31S
2025-04-29 14:01:39,393 - INFO - 正在选择设备: P31S
