2025-07-09 10:45:50,099 - INFO - Driver initialized, starting test cases
2025-07-09 10:45:52,633 - INFO - 保存接口返回的第1个图片
2025-07-09 10:45:53,000 - INFO - 保存接口返回的第2个图片
2025-07-09 10:45:53,358 - INFO - 保存接口返回的第3个图片
2025-07-09 10:45:53,727 - INFO - 保存接口返回的第4个图片
2025-07-09 10:45:54,070 - INFO - 保存接口返回的第5个图片
2025-07-09 10:45:54,396 - INFO - 保存接口返回的第6个图片
2025-07-09 10:45:54,396 - INFO - 一共6张图片
2025-07-09 10:45:55,148 - INFO - 成功保存截图到：D:\huan\Print_APP\screenshots\app_banner\banner_1752029155.png
2025-07-09 10:45:58,923 - INFO - 成功保存截图到：D:\huan\Print_APP\screenshots\app_banner\banner_1752029158.png
2025-07-09 10:46:02,796 - INFO - 成功保存截图到：D:\huan\Print_APP\screenshots\app_banner\banner_1752029162.png
2025-07-09 10:46:06,627 - INFO - 图片已经被保存过，跳过。
2025-07-09 10:46:08,419 - INFO - 成功保存截图到：D:\huan\Print_APP\screenshots\app_banner\banner_1752029168.png
2025-07-09 10:46:11,853 - INFO - 成功保存截图到：D:\huan\Print_APP\screenshots\app_banner\banner_1752029171.png
2025-07-09 10:46:15,085 - INFO - 图片已经被保存过，跳过。
2025-07-09 10:46:16,526 - INFO - 图片已经被保存过，跳过。
2025-07-09 10:46:17,827 - INFO - 成功保存截图到：D:\huan\Print_APP\screenshots\app_banner\banner_1752029177.png
2025-07-09 10:46:19,836 - INFO - 共截取并保存了 6 张唯一的banner截图。
2025-07-09 10:46:20,022 - INFO - APP保存的图片与接口返回的图片有95%以上相似，无需手动确认
2025-07-09 10:46:20,128 - INFO - APP保存的图片与接口返回的图片有95%以上相似，无需手动确认
2025-07-09 10:46:20,170 - INFO - APP保存的图片与接口返回的图片有95%以上相似，无需手动确认
2025-07-09 10:46:20,319 - INFO - APP保存的图片与接口返回的图片有95%以上相似，无需手动确认
2025-07-09 10:46:20,455 - INFO - APP保存的图片与接口返回的图片有95%以上相似，无需手动确认
2025-07-09 10:46:20,512 - INFO - APP保存的图片与接口返回的图片存在不相似，需要手动确认
2025-07-09 10:46:21,421 - INFO - 点击未连接    =>定位值: ('id', 'com.nelko.printer:id/tv_connect'), 
2025-07-09 10:46:27,157 - INFO - 点击11:FB:AF:F5:6F:52    =>定位值: ('xpath', '//android.widget.TextView[@resource-id="com.nelko.printer:id/tv_ble_address" and @text="11:FB:AF:F5:6F:52"]'), 
2025-07-09 10:46:28,944 - INFO - 点击已连接    =>定位值: ('id', 'com.nelko.printer:id/tv_connect'), 
2025-07-09 10:46:30,498 - INFO - 点击断开连接    =>定位值: ('id', 'com.nelko.printer:id/act_two_inch_bt_disconnect_tv'), 
2025-07-09 10:46:35,626 - ERROR - 元素 ('id', 'com.nelko.printer:id/tv_sure') 超时未找到
2025-07-09 10:46:35,626 - INFO - 获取位置失败 ('id', 'com.nelko.printer:id/tv_sure'), 点击事件执行失败
2025-07-09 10:46:38,228 - INFO - 点击未连接    =>定位值: ('id', 'com.nelko.printer:id/tv_connect'), 
2025-07-09 10:46:40,646 - INFO - 点击31:9D:6D:1A:51:BF    =>定位值: ('xpath', '//android.widget.TextView[@resource-id="com.nelko.printer:id/tv_ble_address" and @text="31:9D:6D:1A:51:BF"]'), 
2025-07-09 10:46:42,677 - INFO - 点击已连接    =>定位值: ('id', 'com.nelko.printer:id/tv_connect'), 
2025-07-09 10:46:44,230 - INFO - 点击断开连接    =>定位值: ('id', 'com.nelko.printer:id/act_two_inch_bt_disconnect_tv'), 
2025-07-09 10:46:44,848 - INFO - 点击确定    =>定位值: ('id', 'com.nelko.printer:id/tv_sure'), 
2025-07-09 10:46:48,879 - ERROR - 执行返回
2025-07-09 10:46:49,025 - INFO - 点击未连接    =>定位值: ('id', 'com.nelko.printer:id/tv_connect'), 
2025-07-09 10:46:50,184 - ERROR - 找不到P21--43:2C:42:48:63:5F进入else
2025-07-09 10:46:50,316 - INFO - 点击刷新    =>定位值: ('xpath', '//android.widget.TextView[@text="刷新"]'), 
2025-07-09 10:47:00,137 - ERROR - 找不到P21--43:2C:42:48:63:5F进入else
2025-07-09 10:47:00,351 - INFO - 点击刷新    =>定位值: ('xpath', '//android.widget.TextView[@text="刷新"]'), 
2025-07-09 10:47:05,910 - INFO - 点击43:2C:42:48:63:5F    =>定位值: ('xpath', '//android.widget.TextView[@resource-id="com.nelko.printer:id/tv_ble_address" and @text="43:2C:42:48:63:5F"]'), 
2025-07-09 10:47:07,819 - INFO - 点击已连接    =>定位值: ('id', 'com.nelko.printer:id/tv_connect'), 
2025-07-09 10:47:09,663 - INFO - 点击断开连接    =>定位值: ('id', 'com.nelko.printer:id/act_two_inch_bt_disconnect_tv'), 
2025-07-09 10:47:10,286 - INFO - 点击确定    =>定位值: ('id', 'com.nelko.printer:id/tv_sure'), 
2025-07-09 10:47:11,674 - ERROR - 执行返回
2025-07-09 10:47:11,674 - INFO - Test case execution finished
