2025-07-16 10:36:49,127 - INFO - Driver initialized, starting test cases
2025-07-16 10:36:53,524 - INFO - 成功保存第1张图片: 32025070710124600011506.jpg
2025-07-16 10:36:53,876 - INFO - 成功保存第2张图片: 32025061009383600015014.jpg
2025-07-16 10:36:54,225 - INFO - 成功保存第3张图片: 32025061216075200014766.jpg
2025-07-16 10:36:54,490 - INFO - 成功保存截图到：D:\huan\Print_APP\screenshots\app_banner\banner_1752633414.png
2025-07-16 10:36:54,566 - INFO - 成功保存第4张图片: 32025061216081500017524.jpg
2025-07-16 10:36:54,892 - INFO - 成功保存第5张图片: 32025061216084500012882.jpg
2025-07-16 10:36:54,892 - INFO - 图片处理完成，共尝试下载5张，成功5张
2025-07-16 10:36:57,927 - INFO - 成功保存截图到：D:\huan\Print_APP\screenshots\app_banner\banner_1752633417.png
2025-07-16 10:37:01,310 - INFO - 成功保存截图到：D:\huan\Print_APP\screenshots\app_banner\banner_1752633421.png
2025-07-16 10:37:05,218 - INFO - 成功保存截图到：D:\huan\Print_APP\screenshots\app_banner\banner_1752633425.png
2025-07-16 10:37:08,405 - INFO - 图片已经被保存过，跳过。
2025-07-16 10:37:10,257 - INFO - 成功保存截图到：D:\huan\Print_APP\screenshots\app_banner\banner_1752633430.png
2025-07-16 10:37:12,266 - INFO - 共截取并保存了 5 张唯一的banner截图。
2025-07-16 10:37:12,428 - INFO - APP保存的图片与接口返回的图片有95%以上相似，无需手动确认
2025-07-16 10:37:12,448 - INFO - APP保存的图片与接口返回的图片有95%以上相似，无需手动确认
2025-07-16 10:37:12,576 - INFO - APP保存的图片与接口返回的图片有95%以上相似，无需手动确认
2025-07-16 10:37:12,692 - INFO - APP保存的图片与接口返回的图片有95%以上相似，无需手动确认
2025-07-16 10:37:12,729 - INFO - APP保存的图片与接口返回的图片存在不相似，需要手动确认
2025-07-16 10:37:12,729 - INFO - Test case execution finished
