2025-07-09 10:55:36,901 - INFO - Driver initialized, starting test cases
2025-07-09 10:55:37,356 - ERROR - P21
2025-07-09 10:55:40,649 - INFO - 点击P21    =>定位值: ('id', 'com.nelko.printer:id/tv_printer_model'), 
2025-07-09 10:55:41,701 - INFO - 点击P21    =>定位值: ('xpath', '//android.widget.TextView[@resource-id="com.nelko.printer:id/text_device_name" and @text="P21"]'), 
2025-07-09 10:55:42,550 - INFO - 点击确定    =>定位值: ('id', 'com.nelko.printer:id/tv_ok'), 
2025-07-09 10:55:44,286 - INFO - 点击模板    =>定位值: ('xpath', '//android.widget.TextView[@resource-id="com.nelko.printer:id/view_menu_title" and @text="模板"]'), 
2025-07-09 10:55:48,769 - INFO - P21完整API模板: ['免费', '存储', '零售', '工作', '学习', '名字', '医疗', '祝福', '开关', '地址', '日常生活', '其他']
2025-07-09 10:55:48,769 - INFO - P21完整APP模板: ['免费', '存储', '零售', '工作', '学习', '名字', '医疗', '祝福', '开关', '地址', '日常生活', '其他']
2025-07-09 10:55:49,038 - INFO - 点击全部尺寸    =>定位值: ('id', 'com.nelko.printer:id/text_size'), 
2025-07-09 10:55:52,114 - INFO - P21接口返回尺寸: ['14x40', '30x14', '40x12', '40x14', '40x15', '50x14', '75x14']
2025-07-09 10:55:52,114 - INFO - P21APP展示尺寸: ['14x40', '30x14', '40x12', '40x14', '40x15', '50x14', '75x14']
2025-07-09 10:55:53,011 - ERROR - 执行返回
2025-07-09 10:55:53,368 - INFO - 点击搜索    =>定位值: ('id', 'com.nelko.printer:id/view_et_content'), 
2025-07-09 10:55:54,518 - INFO - 点击请输入搜索内容    =>定位值: ('id', 'com.nelko.printer:id/view_et_content'), 
2025-07-09 10:56:01,056 - INFO - 点击全部尺寸    =>定位值: ('id', 'com.nelko.printer:id/text_size'), 
2025-07-09 10:56:03,085 - INFO - 点击40x14    =>定位值: ('xpath', '//android.widget.CheckBox[@text="40x14"]'), 
2025-07-09 10:56:03,864 - INFO - 点击确定    =>定位值: ('id', 'com.nelko.printer:id/btn_selected'), 
2025-07-09 10:56:05,579 - ERROR - 执行返回
2025-07-09 10:56:07,797 - ERROR - 执行返回
2025-07-09 10:56:08,961 - ERROR - 执行返回
2025-07-09 10:56:08,961 - ERROR - PM220
2025-07-09 10:56:09,269 - INFO - 点击P21    =>定位值: ('id', 'com.nelko.printer:id/tv_printer_model'), 
2025-07-09 10:56:10,616 - INFO - 点击PM220    =>定位值: ('xpath', '//android.widget.TextView[@resource-id="com.nelko.printer:id/text_device_name" and @text="PM220"]'), 
2025-07-09 10:56:11,433 - INFO - 点击确定    =>定位值: ('id', 'com.nelko.printer:id/tv_ok'), 
2025-07-09 10:56:13,536 - INFO - 点击模板    =>定位值: ('xpath', '//android.widget.TextView[@resource-id="com.nelko.printer:id/view_menu_title" and @text="模板"]'), 
2025-07-09 10:56:16,834 - INFO - PM220完整API模板: ['免费', '存储', '零售', '工作', '名片', '学习', '名字', '医疗', '祝福', '条码', '地址', 'DIY', '家居']
2025-07-09 10:56:16,834 - INFO - PM220完整APP模板: ['免费', '存储', '零售', '工作', '名片', '学习', '名字', '医疗', '祝福', '条码', '地址', 'DIY', '家居']
2025-07-09 10:56:17,058 - INFO - 点击全部尺寸    =>定位值: ('id', 'com.nelko.printer:id/text_size'), 
2025-07-09 10:56:20,707 - INFO - PM220接口返回尺寸: ['30x20', '30x40', '30x50', '31x31', '40x30', '40x60', '50x30', '50x50', '50x80', '51x51', '80x50']
2025-07-09 10:56:20,707 - INFO - PM220APP展示尺寸: ['30x20', '30x40', '30x50', '31x31', '40x30', '40x60', '50x30', '50x50', '50x80', '51x51', '80x50']
2025-07-09 10:56:21,618 - ERROR - 执行返回
2025-07-09 10:56:21,939 - INFO - 点击搜索    =>定位值: ('id', 'com.nelko.printer:id/view_et_content'), 
2025-07-09 10:56:23,096 - INFO - 点击请输入搜索内容    =>定位值: ('id', 'com.nelko.printer:id/view_et_content'), 
2025-07-09 10:56:28,885 - INFO - 点击全部尺寸    =>定位值: ('id', 'com.nelko.printer:id/text_size'), 
2025-07-09 10:56:30,938 - INFO - 点击50x30    =>定位值: ('xpath', '//android.widget.CheckBox[@text="50x30"]'), 
2025-07-09 10:56:31,699 - INFO - 点击确定    =>定位值: ('id', 'com.nelko.printer:id/btn_selected'), 
2025-07-09 10:56:34,382 - ERROR - 执行返回
2025-07-09 10:56:36,530 - ERROR - 执行返回
2025-07-09 10:56:37,677 - ERROR - 执行返回
2025-07-09 10:56:37,677 - ERROR - PM230
2025-07-09 10:56:38,599 - INFO - 点击PM220    =>定位值: ('id', 'com.nelko.printer:id/tv_printer_model'), 
2025-07-09 10:56:39,807 - INFO - 点击PM230    =>定位值: ('xpath', '//android.widget.TextView[@resource-id="com.nelko.printer:id/text_device_name" and @text="PM230"]'), 
2025-07-09 10:56:40,571 - INFO - 点击确定    =>定位值: ('id', 'com.nelko.printer:id/tv_ok'), 
2025-07-09 10:56:42,161 - INFO - 点击模板    =>定位值: ('xpath', '//android.widget.TextView[@resource-id="com.nelko.printer:id/view_menu_title" and @text="模板"]'), 
2025-07-09 10:56:44,997 - INFO - PM230完整API模板: ['免费', '存储', '零售', '工作', '名片', '待办清单', '艺术', '学习', '自然植物', '食物']
2025-07-09 10:56:44,997 - INFO - PM230完整APP模板: ['免费', '存储', '零售', '工作', '名片', '待办清单', '艺术', '学习', '自然植物', '食物']
2025-07-09 10:56:45,167 - INFO - 点击全部尺寸    =>定位值: ('id', 'com.nelko.printer:id/text_size'), 
2025-07-09 10:56:48,174 - ERROR - PM230接口返回但APP未展示的尺寸: 54x85, 86x54, 64x54, 54x80, 54x90, 80x54, 54x79, 54x87
2025-07-09 10:56:48,174 - INFO - PM230接口返回尺寸: ['100x54', '110x54', '115x54', '120x54', '130x54', '54x104', '54x110', '54x166', '54x24', '54x31', '54x35', '54x36', '54x37', '54x38', '54x41', '54x45', '54x47', '54x50', '54x52', '54x54', '54x56', '54x58', '54x60', '54x62', '54x64', '54x67', '54x68', '54x70', '54x73', '54x74', '54x75', '54x76', '54x77', '54x79', '54x80', '54x85', '54x87', '54x90', '64x54', '80x54', '86x54']
2025-07-09 10:56:48,174 - INFO - PM230APP展示尺寸: ['100x54', '110x54', '115x54', '120x54', '130x54', '54x104', '54x110', '54x166', '54x24', '54x31', '54x35', '54x36', '54x37', '54x38', '54x41', '54x45', '54x47', '54x50', '54x52', '54x54', '54x56', '54x58', '54x60', '54x62', '54x64', '54x67', '54x68', '54x70', '54x73', '54x74', '54x75', '54x76', '54x77']
2025-07-09 10:56:49,067 - ERROR - 执行返回
2025-07-09 10:56:49,336 - INFO - 点击搜索    =>定位值: ('id', 'com.nelko.printer:id/view_et_content'), 
2025-07-09 10:56:50,488 - INFO - 点击请输入搜索内容    =>定位值: ('id', 'com.nelko.printer:id/view_et_content'), 
2025-07-09 10:56:55,819 - INFO - 点击全部尺寸    =>定位值: ('id', 'com.nelko.printer:id/text_size'), 
2025-07-09 10:56:57,267 - INFO - 点击54x50    =>定位值: ('xpath', '//android.widget.CheckBox[@text="54x50"]'), 
2025-07-09 10:56:58,068 - INFO - 点击确定    =>定位值: ('id', 'com.nelko.printer:id/btn_selected'), 
2025-07-09 10:56:59,769 - ERROR - 执行返回
2025-07-09 10:57:01,974 - ERROR - 执行返回
2025-07-09 10:57:03,100 - ERROR - 执行返回
2025-07-09 10:57:03,100 - INFO - Test case execution finished
