2025-04-29 08:44:56,665 - INFO - 测试开始 - 设备: a12b830d, 版本: 11
2025-04-29 08:45:11,845 - INFO - 开始测试设备: P21
2025-04-29 08:45:11,845 - INFO - 开始处理设备: P21
2025-04-29 08:45:11,845 - INFO - 正在选择设备: P21
2025-04-29 08:45:11,939 - INFO - 点击P21    =>定位值: com.nelko.printer:id/tv_printer_model, 
2025-04-29 08:45:13,084 - INFO - 点击P21    =>定位值: //android.widget.TextView[@resource-id="com.nelko.printer:id/text_device_name" and @text="P21"], 
2025-04-29 08:45:14,113 - INFO - 点击确定    =>定位值: com.nelko.printer:id/tv_ok, 
2025-04-29 08:45:14,161 - INFO - 设备 P21 选择完成
2025-04-29 08:45:15,179 - INFO - 点击AI打印    =>定位值: //android.widget.TextView[@resource-id="com.nelko.printer:id/view_menu_title" and @text="AI打印"], 
2025-04-29 08:45:15,991 - INFO - 点击AI图库    =>定位值: //android.widget.TextView[@text="AI图库"], 
2025-04-29 08:45:19,539 - INFO - P21完整API模板: ['黑白', '动物', '特色', '饮料', '节日', '食物', '日记', '自然', '运动', '旅行']
2025-04-29 08:45:19,539 - INFO - P21完整APP模板: ['黑白', '动物', '特色', '饮料', '节日', '食物', '日记', '自然', '运动', '旅行']
2025-04-29 08:45:19,696 - INFO - 点击[无可见文本]    =>定位值: (//android.widget.ImageView[@resource-id="com.nelko.printer:id/item_aigallery_image"])[1], 
2025-04-29 08:45:51,098 - INFO - 元素 ('xpath', '(//android.widget.ImageView[@resource-id="com.nelko.printer:id/item_aigallery_image"])[1]') 超时未找到
2025-04-29 08:45:51,099 - ERROR - 获取位置失败 (//android.widget.ImageView[@resource-id="com.nelko.printer:id/item_aigallery_image"])[1], 点击事件执行失败
2025-04-29 08:45:51,102 - INFO - 开始测试设备: P31S
2025-04-29 08:45:51,102 - INFO - 开始处理设备: P31S
2025-04-29 08:45:51,102 - INFO - 正在选择设备: P31S
2025-04-29 08:46:06,648 - INFO - 元素 ('id', 'com.nelko.printer:id/tv_printer_model') 超时未找到
2025-04-29 08:46:06,648 - ERROR - 获取位置失败 com.nelko.printer:id/tv_printer_model, 点击事件执行失败
2025-04-29 08:46:06,649 - INFO - 开始测试设备: PM220
2025-04-29 08:46:06,649 - INFO - 开始处理设备: PM220
2025-04-29 08:46:06,649 - INFO - 正在选择设备: PM220
2025-04-29 08:46:22,567 - INFO - 元素 ('id', 'com.nelko.printer:id/tv_printer_model') 超时未找到
2025-04-29 08:46:22,567 - ERROR - 获取位置失败 com.nelko.printer:id/tv_printer_model, 点击事件执行失败
2025-04-29 08:46:22,568 - INFO - 开始测试设备: PM220S
2025-04-29 08:46:22,568 - INFO - 开始处理设备: PM220S
2025-04-29 08:46:22,568 - INFO - 正在选择设备: PM220S
