2025-04-29 10:29:39,105 - INFO - 测试开始 - 设备: a12b830d, 版本: 11
2025-04-29 10:29:54,206 - INFO - 开始测试设备: P21
2025-04-29 10:29:54,206 - INFO - 开始处理设备: P21
2025-04-29 10:29:54,206 - INFO - 正在选择设备: P21
2025-04-29 10:29:55,424 - INFO - 点击P21    =>定位值: com.nelko.printer:id/tv_printer_model, 
2025-04-29 10:29:56,518 - INFO - 点击P21    =>定位值: //android.widget.TextView[@resource-id="com.nelko.printer:id/text_device_name" and @text="P21"], 
2025-04-29 10:29:57,222 - INFO - 点击确定    =>定位值: com.nelko.printer:id/tv_ok, 
2025-04-29 10:29:57,269 - INFO - 设备 P21 选择完成
2025-04-29 10:29:59,606 - INFO - 点击AI打印    =>定位值: //android.widget.TextView[@resource-id="com.nelko.printer:id/view_menu_title" and @text="AI打印"], 
2025-04-29 10:30:00,430 - INFO - 点击AI图库    =>定位值: //android.widget.TextView[@text="AI图库"], 
2025-04-29 10:30:04,112 - INFO - P21完整API模板: ['黑白', '动物', '特色', '饮料', '节日', '食物', '日记', '自然', '运动', '旅行']
2025-04-29 10:30:04,112 - INFO - P21完整APP模板: ['黑白', '动物', '特色', '饮料', '节日', '食物', '日记', '自然', '运动', '旅行']
2025-04-29 10:30:04,249 - INFO - 点击[无可见文本]    =>定位值: (//android.widget.ImageView[@resource-id="com.nelko.printer:id/item_aigallery_image"])[1], 
2025-04-29 10:30:05,575 - INFO - 点击643    =>定位值: com.nelko.printer:id/act_ai_detail_cv_tv, 
2025-04-29 10:30:06,924 - INFO - 点击使用Email登录    =>定位值: //android.widget.TextView[@text="使用Email登录"], 
2025-04-29 10:30:08,276 - INFO - 点击邮箱    =>定位值: com.nelko.printer:id/edit_email, 
2025-04-29 10:30:10,077 - INFO - 开始测试设备: P31S
2025-04-29 10:30:10,077 - INFO - 开始处理设备: P31S
2025-04-29 10:30:10,077 - INFO - 正在选择设备: P31S
2025-04-29 10:30:25,624 - INFO - 元素 ('id', 'com.nelko.printer:id/tv_printer_model') 超时未找到
2025-04-29 10:30:25,624 - ERROR - 获取位置失败 com.nelko.printer:id/tv_printer_model, 点击事件执行失败
2025-04-29 10:30:25,625 - INFO - 开始测试设备: PM220
2025-04-29 10:30:25,625 - INFO - 开始处理设备: PM220
2025-04-29 10:30:25,625 - INFO - 正在选择设备: PM220
