2025-06-09 16:40:22,758 - INFO - 测试开始 - 设备: R5CT31Y438P , 版本: 14
2025-06-09 16:40:38,164 - INFO - 开始测试设备: P21
2025-06-09 16:40:38,165 - INFO - 开始处理设备: P21
2025-06-09 16:40:38,165 - INFO - 正在选择设备: P21
2025-06-09 16:40:38,344 - INFO - 点击PM220    =>定位值: com.nelko.printer:id/tv_printer_model, 
2025-06-09 16:40:44,725 - INFO - 点击P21    =>定位值: //android.widget.TextView[@resource-id="com.nelko.printer:id/text_device_name" and @text="P21"], 
2025-06-09 16:40:45,547 - INFO - 点击确定    =>定位值: com.nelko.printer:id/tv_ok, 
2025-06-09 16:40:45,583 - INFO - 设备 P21 选择完成
2025-06-09 16:40:47,272 - INFO - 点击AI打印    =>定位值: //android.widget.TextView[@resource-id="com.nelko.printer:id/view_menu_title" and @text="AI打印"], 
2025-06-09 16:40:48,988 - INFO - 点击AI图库    =>定位值: //android.widget.TextView[@text="AI图库"], 
2025-06-09 16:40:53,205 - INFO - 完整API模板: ['黑白', '动物', '特色', '饮料', '节日', '食物', '日记', '自然', '运动', '旅行']
2025-06-09 16:40:53,205 - INFO - 完整APP模板: ['黑白', '动物', '特色', '饮料', '节日', '食物', '日记', '自然', '运动', '旅行']
2025-06-09 16:40:54,284 - INFO - 执行返回
2025-06-09 16:40:54,284 - INFO - 设备 P21 处理完成
2025-06-09 16:40:54,284 - INFO - 设备 P21 测试完成
2025-06-09 16:40:54,284 - INFO - 开始测试设备: P31S
2025-06-09 16:40:54,284 - INFO - 开始处理设备: P31S
2025-06-09 16:40:54,284 - INFO - 正在选择设备: P31S
2025-06-09 16:41:07,871 - INFO - 点击P21    =>定位值: com.nelko.printer:id/tv_printer_model, 
2025-06-09 16:41:09,525 - INFO - 点击P31S    =>定位值: //android.widget.TextView[@resource-id="com.nelko.printer:id/text_device_name" and @text="P31S"], 
2025-06-09 16:41:10,593 - INFO - 点击确定    =>定位值: com.nelko.printer:id/tv_ok, 
2025-06-09 16:41:10,684 - INFO - 设备 P31S 选择完成
2025-06-09 16:41:12,752 - INFO - 点击AI打印    =>定位值: //android.widget.TextView[@resource-id="com.nelko.printer:id/view_menu_title" and @text="AI打印"], 
2025-06-09 16:41:14,210 - INFO - 点击AI图库    =>定位值: //android.widget.TextView[@text="AI图库"], 
2025-06-09 16:41:18,223 - INFO - 完整API模板: ['黑白', '动物', '特色', '饮料', '节日', '食物', '日记', '自然', '运动', '旅行']
2025-06-09 16:41:18,223 - INFO - 完整APP模板: ['黑白', '动物', '特色', '饮料', '节日', '食物', '日记', '自然', '运动', '旅行']
2025-06-09 16:41:19,316 - INFO - 执行返回
2025-06-09 16:41:19,316 - INFO - 设备 P31S 处理完成
2025-06-09 16:41:19,316 - INFO - 设备 P31S 测试完成
2025-06-09 16:41:19,316 - INFO - 开始测试设备: PM220
2025-06-09 16:41:19,316 - INFO - 开始处理设备: PM220
2025-06-09 16:41:19,316 - INFO - 正在选择设备: PM220
2025-06-09 16:41:26,787 - INFO - 点击P31S    =>定位值: com.nelko.printer:id/tv_printer_model, 
2025-06-09 16:41:28,318 - INFO - 点击PM220    =>定位值: //android.widget.TextView[@resource-id="com.nelko.printer:id/text_device_name" and @text="PM220"], 
2025-06-09 16:41:29,349 - INFO - 点击确定    =>定位值: com.nelko.printer:id/tv_ok, 
2025-06-09 16:41:29,494 - INFO - 设备 PM220 选择完成
2025-06-09 16:41:30,370 - INFO - 点击AI打印    =>定位值: //android.widget.TextView[@resource-id="com.nelko.printer:id/view_menu_title" and @text="AI打印"], 
2025-06-09 16:41:31,923 - INFO - 点击AI图库    =>定位值: //android.widget.TextView[@text="AI图库"], 
