logger.py [line:37] DEBUG 点击同意    =>定位值: com.nelko.printer:id/tv_ui_confirm, 
logger.py [line:37] DEBUG 点击稍后连接    =>定位值: com.nelko.printer:id/connect_later_tv, 
logger.py [line:37] DEBUG 点击确定    =>定位值: com.nelko.printer:id/tv_ok, 
logger.py [line:37] DEBUG 点击[无可见文本]    =>定位值: com.nelko.printer:id/iv_back, 
logger.py [line:37] DEBUG 点击我知道了    =>定位值: com.nelko.printer:id/hint_more_btn_ok, 
logger.py [line:37] DEBUG 点击P21    =>定位值: com.nelko.printer:id/tv_printer_model, 
logger.py [line:37] DEBUG 点击P21    =>定位值: //android.widget.TextView[@resource-id="com.nelko.printer:id/text_device_name" and @text="P21"], 
logger.py [line:37] DEBUG 点击确定    =>定位值: com.nelko.printer:id/tv_ok, 
logger.py [line:37] DEBUG 点击AI打印    =>定位值: //android.widget.TextView[@resource-id="com.nelko.printer:id/view_menu_title" and @text="AI打印"], 
logger.py [line:37] DEBUG 执行返回
logger.py [line:37] DEBUG 点击P21    =>定位值: com.nelko.printer:id/tv_printer_model, 
logger.py [line:37] DEBUG 点击P31S    =>定位值: //android.widget.TextView[@resource-id="com.nelko.printer:id/text_device_name" and @text="P31S"], 
logger.py [line:37] DEBUG 点击确定    =>定位值: com.nelko.printer:id/tv_ok, 
logger.py [line:37] DEBUG 点击AI打印    =>定位值: //android.widget.TextView[@resource-id="com.nelko.printer:id/view_menu_title" and @text="AI打印"], 
logger.py [line:37] DEBUG 执行返回
logger.py [line:37] DEBUG 点击P31S    =>定位值: com.nelko.printer:id/tv_printer_model, 
logger.py [line:37] DEBUG 点击PM220    =>定位值: //android.widget.TextView[@resource-id="com.nelko.printer:id/text_device_name" and @text="PM220"], 
logger.py [line:37] DEBUG 点击确定    =>定位值: com.nelko.printer:id/tv_ok, 
logger.py [line:37] DEBUG 点击AI打印    =>定位值: //android.widget.TextView[@resource-id="com.nelko.printer:id/view_menu_title" and @text="AI打印"], 
logger.py [line:37] DEBUG 执行返回
logger.py [line:37] DEBUG 点击PM220    =>定位值: com.nelko.printer:id/tv_printer_model, 
logger.py [line:37] DEBUG 点击PM220S    =>定位值: //android.widget.TextView[@resource-id="com.nelko.printer:id/text_device_name" and @text="PM220S"], 
logger.py [line:37] DEBUG 点击确定    =>定位值: com.nelko.printer:id/tv_ok, 
logger.py [line:37] DEBUG 点击AI打印    =>定位值: //android.widget.TextView[@resource-id="com.nelko.printer:id/view_menu_title" and @text="AI打印"], 
logger.py [line:37] DEBUG 执行返回
logger.py [line:37] DEBUG 点击PM220S    =>定位值: com.nelko.printer:id/tv_printer_model, 
logger.py [line:37] DEBUG 点击PM230    =>定位值: //android.widget.TextView[@resource-id="com.nelko.printer:id/text_device_name" and @text="PM230"], 
logger.py [line:37] DEBUG 点击确定    =>定位值: com.nelko.printer:id/tv_ok, 
logger.py [line:37] DEBUG 点击确定    =>定位值: com.nelko.printer:id/more_btn_ok, 
logger.py [line:37] DEBUG 点击更多    =>定位值: //android.widget.TextView[@resource-id="com.nelko.printer:id/view_menu_title" and @text="更多"], 
logger.py [line:37] DEBUG 点击AI打印    =>定位值: //android.widget.TextView[@resource-id="com.nelko.printer:id/view_menu_title" and @text="AI打印"], 
logger.py [line:37] DEBUG 执行返回
logger.py [line:37] DEBUG 点击PM230    =>定位值: com.nelko.printer:id/tv_printer_model, 
logger.py [line:37] DEBUG 点击PL70e-BT    =>定位值: //android.widget.TextView[@resource-id="com.nelko.printer:id/text_device_name" and @text="PL70e-BT"], 
logger.py [line:37] DEBUG 点击确定    =>定位值: com.nelko.printer:id/tv_ok, 
logger.py [line:37] DEBUG 点击我知道了    =>定位值: com.nelko.printer:id/btn_ok, 
logger.py [line:37] DEBUG 点击AI打印    =>定位值: //android.widget.TextView[@resource-id="com.nelko.printer:id/view_menu_title" and @text="AI打印"], 
logger.py [line:37] DEBUG 执行返回
logger.py [line:37] DEBUG 点击PL70e-BT    =>定位值: com.nelko.printer:id/tv_printer_model, 
logger.py [line:37] DEBUG 点击PM360    =>定位值: //android.widget.TextView[@resource-id="com.nelko.printer:id/text_device_name" and @text="PM360"], 
logger.py [line:37] DEBUG 点击确定    =>定位值: com.nelko.printer:id/tv_ok, 
logger.py [line:37] DEBUG 点击AI打印    =>定位值: //android.widget.TextView[@resource-id="com.nelko.printer:id/view_menu_title" and @text="AI打印"], 
logger.py [line:37] DEBUG 执行返回
logger.py [line:37] DEBUG 点击PM360    =>定位值: com.nelko.printer:id/tv_printer_model, 
logger.py [line:37] DEBUG 点击P22    =>定位值: //android.widget.TextView[@resource-id="com.nelko.printer:id/text_device_name" and @text="P22"], 
logger.py [line:37] DEBUG 点击确定    =>定位值: com.nelko.printer:id/tv_ok, 
logger.py [line:37] DEBUG 点击AI打印    =>定位值: //android.widget.TextView[@resource-id="com.nelko.printer:id/view_menu_title" and @text="AI打印"], 
logger.py [line:37] DEBUG 执行返回
logger.py [line:37] DEBUG 点击P22    =>定位值: com.nelko.printer:id/tv_printer_model, 
logger.py [line:37] DEBUG 点击PL80E    =>定位值: //android.widget.TextView[@resource-id="com.nelko.printer:id/text_device_name" and @text="PL80E"], 
logger.py [line:37] DEBUG 点击确定    =>定位值: com.nelko.printer:id/tv_ok, 
logger.py [line:37] DEBUG 点击AI打印    =>定位值: //android.widget.TextView[@resource-id="com.nelko.printer:id/view_menu_title" and @text="AI打印"], 
logger.py [line:37] DEBUG 执行返回
logger.py [line:37] DEBUG 成功保存截图到：D:\huan\Print_APP\screenshots\app_banner\banner_1745304379.png
logger.py [line:37] DEBUG 成功保存截图到：D:\huan\Print_APP\screenshots\app_banner\banner_1745304383.png
logger.py [line:37] DEBUG 成功保存截图到：D:\huan\Print_APP\screenshots\app_banner\banner_1745304387.png
logger.py [line:37] DEBUG 成功保存截图到：D:\huan\Print_APP\screenshots\app_banner\banner_1745304391.png
logger.py [line:37] DEBUG 图片已经被保存过，跳过。
logger.py [line:37] DEBUG 图片已经被保存过，跳过。
logger.py [line:37] DEBUG 图片已经被保存过，跳过。
logger.py [line:37] DEBUG 图片已经被保存过，跳过。
logger.py [line:37] DEBUG 图片已经被保存过，跳过。
logger.py [line:37] DEBUG 图片已经被保存过，跳过。
logger.py [line:37] DEBUG 图片已经被保存过，跳过。
logger.py [line:37] DEBUG 图片已经被保存过，跳过。
logger.py [line:37] DEBUG 图片已经被保存过，跳过。
logger.py [line:37] DEBUG 图片已经被保存过，跳过。
logger.py [line:37] DEBUG 图片已经被保存过，跳过。
logger.py [line:37] DEBUG 图片已经被保存过，跳过。
logger.py [line:37] DEBUG 图片已经被保存过，跳过。
logger.py [line:37] DEBUG 图片已经被保存过，跳过。
logger.py [line:37] DEBUG 图片已经被保存过，跳过。
logger.py [line:37] DEBUG 图片已经被保存过，跳过。
logger.py [line:37] DEBUG 图片已经被保存过，跳过。
logger.py [line:37] DEBUG 成功保存截图到：D:\huan\Print_APP\screenshots\app_banner\banner_1745304422.png
logger.py [line:37] DEBUG 保存接口返回的第1个图片
logger.py [line:37] DEBUG 保存接口返回的第2个图片
logger.py [line:37] DEBUG 一共2张图片
logger.py [line:37] DEBUG 保存接口返回的第1个图片
logger.py [line:37] DEBUG 保存接口返回的第2个图片
logger.py [line:37] DEBUG 保存接口返回的第3个图片
logger.py [line:37] DEBUG 保存接口返回的第4个图片
logger.py [line:37] DEBUG 一共4张图片
logger.py [line:37] DEBUG 成功保存截图到：D:\huan\Print_APP\screenshots\app_banner\banner_1745304590.png
logger.py [line:37] DEBUG 成功保存截图到：D:\huan\Print_APP\screenshots\app_banner\banner_1745304594.png
logger.py [line:37] DEBUG 捕获到异常：Message: The element 'By.xpath: //androidx.viewpager.widget.ViewPager[@resource-id="com.nelko.printer:id/viewpager_inner"]' does not exist in DOM anymore; For documentation on this error, please visit: https://www.selenium.dev/documentation/webdriver/troubleshooting/errors#stale-element-reference-exception
Stacktrace:
io.appium.uiautomator2.common.exceptions.StaleElementReferenceException: The element 'By.xpath: //androidx.viewpager.widget.ViewPager[@resource-id="com.nelko.printer:id/viewpager_inner"]' does not exist in DOM anymore
	at io.appium.uiautomator2.model.ElementsCache.restore(ElementsCache.java:117)
	at io.appium.uiautomator2.model.ElementsCache.get(ElementsCache.java:153)
	at io.appium.uiautomator2.handler.GetRect.safeHandle(GetRect.java:40)
	at io.appium.uiautomator2.handler.request.SafeRequestHandler.handle(SafeRequestHandler.java:59)
	at io.appium.uiautomator2.server.AppiumServlet.handleRequest(AppiumServlet.java:266)
	at io.appium.uiautomator2.server.AppiumServlet.handleHttpRequest(AppiumServlet.java:260)
	at io.appium.uiautomator2.http.ServerHandler.channelRead(ServerHandler.java:68)
	at io.netty.channel.AbstractChannelHandlerContext.invokeChannelRead(AbstractChannelHandlerContext.java:366)
	at io.netty.channel.AbstractChannelHandlerContext.invokeChannelRead(AbstractChannelHandlerContext.java:352)
	at io.netty.channel.AbstractChannelHandlerContext.fireChannelRead(AbstractChannelHandlerContext.java:345)
	at io.netty.handler.codec.MessageToMessageDecoder.channelRead(MessageToMessageDecoder.java:102)
	at io.netty.channel.AbstractChannelHandlerContext.invokeChannelRead(AbstractChannelHandlerContext.java:366)
	at io.netty.channel.AbstractChannelHandlerContext.invokeChannelRead(AbstractChannelHandlerContext.java:352)
	at io.netty.channel.AbstractChannelHandlerContext.fireChannelRead(AbstractChannelHandlerContext.java:345)
	at io.netty.channel.CombinedChannelDuplexHandler$DelegatingChannelHandlerContext.fireChannelRead(CombinedChannelDuplexHandler.java:435)
	at io.netty.handler.codec.ByteToMessageDecoder.fireChannelRead(ByteToMessageDecoder.java:293)
	at io.netty.handler.codec.ByteToMessageDecoder.channelRead(ByteToMessageDecoder.java:267)
	at io.netty.channel.CombinedChannelDuplexHandler.channelRead(CombinedChannelDuplexHandler.java:250)
	at io.netty.channel.AbstractChannelHandlerContext.invokeChannelRead(AbstractChannelHandlerContext.java:366)
	at io.netty.channel.AbstractChannelHandlerContext.invokeChannelRead(AbstractChannelHandlerContext.java:352)
	at io.netty.channel.AbstractChannelHandlerContext.fireChannelRead(AbstractChannelHandlerContext.java:345)
	at io.netty.handler.timeout.IdleStateHandler.channelRead(IdleStateHandler.java:266)
	at io.netty.channel.AbstractChannelHandlerContext.invokeChannelRead(AbstractChannelHandlerContext.java:366)
	at io.netty.channel.AbstractChannelHandlerContext.invokeChannelRead(AbstractChannelHandlerContext.java:352)
	at io.netty.channel.AbstractChannelHandlerContext.fireChannelRead(AbstractChannelHandlerContext.java:345)
	at io.netty.channel.DefaultChannelPipeline$HeadContext.channelRead(DefaultChannelPipeline.java:1294)
	at io.netty.channel.AbstractChannelHandlerContext.invokeChannelRead(AbstractChannelHandlerContext.java:366)
	at io.netty.channel.AbstractChannelHandlerContext.invokeChannelRead(AbstractChannelHandlerContext.java:352)
	at io.netty.channel.DefaultChannelPipeline.fireChannelRead(DefaultChannelPipeline.java:911)
	at io.netty.channel.nio.AbstractNioByteChannel$NioByteUnsafe.read(AbstractNioByteChannel.java:131)
	at io.netty.channel.nio.NioEventLoop.processSelectedKey(NioEventLoop.java:611)
	at io.netty.channel.nio.NioEventLoop.processSelectedKeysOptimized(NioEventLoop.java:552)
	at io.netty.channel.nio.NioEventLoop.processSelectedKeys(NioEventLoop.java:466)
	at io.netty.channel.nio.NioEventLoop.run(NioEventLoop.java:438)
	at io.netty.util.concurrent.SingleThreadEventExecutor$2.run(SingleThreadEventExecutor.java:140)
	at io.netty.util.concurrent.DefaultThreadFactory$DefaultRunnableDecorator.run(DefaultThreadFactory.java:144)
	at java.lang.Thread.run(Thread.java:920)

logger.py [line:37] DEBUG 保存接口返回的第1个图片
logger.py [line:37] DEBUG 保存接口返回的第2个图片
logger.py [line:37] DEBUG 保存接口返回的第3个图片
logger.py [line:37] DEBUG 保存接口返回的第4个图片
logger.py [line:37] DEBUG 一共4张图片
logger.py [line:37] DEBUG 成功保存截图到：D:\huan\Print_APP\screenshots\app_banner\banner_1745304669.png
logger.py [line:37] DEBUG 成功保存截图到：D:\huan\Print_APP\screenshots\app_banner\banner_1745304673.png
logger.py [line:37] DEBUG 成功保存截图到：D:\huan\Print_APP\screenshots\app_banner\banner_1745304677.png
logger.py [line:37] DEBUG 成功保存截图到：D:\huan\Print_APP\screenshots\app_banner\banner_1745304681.png
logger.py [line:37] DEBUG 图片已经被保存过，跳过。
logger.py [line:37] DEBUG 图片已经被保存过，跳过。
logger.py [line:37] DEBUG 保存接口返回的第1个图片
logger.py [line:37] DEBUG 保存接口返回的第2个图片
logger.py [line:37] DEBUG 保存接口返回的第3个图片
logger.py [line:37] DEBUG 保存接口返回的第4个图片
logger.py [line:37] DEBUG 一共4张图片
logger.py [line:37] DEBUG 成功保存截图到：D:\huan\Print_APP\screenshots\app_banner\banner_1745305833.png
logger.py [line:37] DEBUG 成功保存截图到：D:\huan\Print_APP\screenshots\app_banner\banner_1745305837.png
logger.py [line:37] DEBUG 成功保存截图到：D:\huan\Print_APP\screenshots\app_banner\banner_1745305841.png
logger.py [line:37] DEBUG 成功保存截图到：D:\huan\Print_APP\screenshots\app_banner\banner_1745305845.png
logger.py [line:37] DEBUG 共截取并保存了 4 张唯一的banner截图。
logger.py [line:37] DEBUG APP保存的图片与接口返回的图片不相似，需要手动确认
logger.py [line:37] DEBUG APP保存的图片与接口返回的图片有95%以上相似，无需手动确认
logger.py [line:37] DEBUG APP保存的图片与接口返回的图片不相似，需要手动确认
logger.py [line:37] DEBUG APP保存的图片与接口返回的图片不相似，需要手动确认
logger.py [line:37] DEBUG APP保存的图片与接口返回的图片有95%以上相似，无需手动确认
logger.py [line:37] DEBUG APP保存的图片与接口返回的图片不相似，需要手动确认
logger.py [line:37] DEBUG APP保存的图片与接口返回的图片不相似，需要手动确认
logger.py [line:37] DEBUG APP保存的图片与接口返回的图片不相似，需要手动确认
logger.py [line:37] DEBUG APP保存的图片与接口返回的图片不相似，需要手动确认
logger.py [line:37] DEBUG APP保存的图片与接口返回的图片不相似，需要手动确认
logger.py [line:37] DEBUG APP保存的图片与接口返回的图片有95%以上相似，无需手动确认
logger.py [line:37] DEBUG APP保存的图片与接口返回的图片不相似，需要手动确认
logger.py [line:37] DEBUG APP保存的图片与接口返回的图片不相似，需要手动确认
logger.py [line:37] DEBUG APP保存的图片与接口返回的图片不相似，需要手动确认
logger.py [line:37] DEBUG APP保存的图片与接口返回的图片不相似，需要手动确认
logger.py [line:37] DEBUG APP保存的图片与接口返回的图片有95%以上相似，无需手动确认
logger.py [line:37] DEBUG Deleted: D:\huan\Print_APP\screenshots\app_banner\banner_1745305833.png
logger.py [line:37] DEBUG Deleted: D:\huan\Print_APP\screenshots\app_banner\banner_1745305837.png
logger.py [line:37] DEBUG Deleted: D:\huan\Print_APP\screenshots\app_banner\banner_1745305841.png
logger.py [line:37] DEBUG Deleted: D:\huan\Print_APP\screenshots\app_banner\banner_1745305845.png
logger.py [line:37] DEBUG Deleted: D:\huan\Print_APP\screenshots\jieko_banner\32024100710420100016402.jpg
logger.py [line:37] DEBUG Deleted: D:\huan\Print_APP\screenshots\jieko_banner\32024103009022700017668.jpg
logger.py [line:37] DEBUG Deleted: D:\huan\Print_APP\screenshots\jieko_banner\32025022518045700014058.jpg
logger.py [line:37] DEBUG Deleted: D:\huan\Print_APP\screenshots\jieko_banner\32025022518060100018355.jpg
logger.py [line:37] DEBUG 保存接口返回的第1个图片
logger.py [line:37] DEBUG 保存接口返回的第2个图片
logger.py [line:37] DEBUG 保存接口返回的第3个图片
logger.py [line:37] DEBUG 保存接口返回的第4个图片
logger.py [line:37] DEBUG 一共4张图片
logger.py [line:37] DEBUG 成功保存截图到：D:\huan\Print_APP\screenshots\app_banner\banner_1745306829.png
logger.py [line:37] DEBUG 成功保存截图到：D:\huan\Print_APP\screenshots\app_banner\banner_1745306833.png
logger.py [line:37] DEBUG 捕获到异常：Message: The element 'By.xpath: //androidx.viewpager.widget.ViewPager[@resource-id="com.nelko.printer:id/viewpager_inner"]' is not linked to the same object in DOM anymore; For documentation on this error, please visit: https://www.selenium.dev/documentation/webdriver/troubleshooting/errors#stale-element-reference-exception
Stacktrace:
io.appium.uiautomator2.common.exceptions.StaleElementReferenceException: The element 'By.xpath: //androidx.viewpager.widget.ViewPager[@resource-id="com.nelko.printer:id/viewpager_inner"]' is not linked to the same object in DOM anymore
	at io.appium.uiautomator2.model.ElementsCache.restore(ElementsCache.java:122)
	at io.appium.uiautomator2.model.ElementsCache.get(ElementsCache.java:153)
	at io.appium.uiautomator2.handler.GetRect.safeHandle(GetRect.java:40)
	at io.appium.uiautomator2.handler.request.SafeRequestHandler.handle(SafeRequestHandler.java:59)
	at io.appium.uiautomator2.server.AppiumServlet.handleRequest(AppiumServlet.java:266)
	at io.appium.uiautomator2.server.AppiumServlet.handleHttpRequest(AppiumServlet.java:260)
	at io.appium.uiautomator2.http.ServerHandler.channelRead(ServerHandler.java:68)
	at io.netty.channel.AbstractChannelHandlerContext.invokeChannelRead(AbstractChannelHandlerContext.java:366)
	at io.netty.channel.AbstractChannelHandlerContext.invokeChannelRead(AbstractChannelHandlerContext.java:352)
	at io.netty.channel.AbstractChannelHandlerContext.fireChannelRead(AbstractChannelHandlerContext.java:345)
	at io.netty.handler.codec.MessageToMessageDecoder.channelRead(MessageToMessageDecoder.java:102)
	at io.netty.channel.AbstractChannelHandlerContext.invokeChannelRead(AbstractChannelHandlerContext.java:366)
	at io.netty.channel.AbstractChannelHandlerContext.invokeChannelRead(AbstractChannelHandlerContext.java:352)
	at io.netty.channel.AbstractChannelHandlerContext.fireChannelRead(AbstractChannelHandlerContext.java:345)
	at io.netty.channel.CombinedChannelDuplexHandler$DelegatingChannelHandlerContext.fireChannelRead(CombinedChannelDuplexHandler.java:435)
	at io.netty.handler.codec.ByteToMessageDecoder.fireChannelRead(ByteToMessageDecoder.java:293)
	at io.netty.handler.codec.ByteToMessageDecoder.channelRead(ByteToMessageDecoder.java:267)
	at io.netty.channel.CombinedChannelDuplexHandler.channelRead(CombinedChannelDuplexHandler.java:250)
	at io.netty.channel.AbstractChannelHandlerContext.invokeChannelRead(AbstractChannelHandlerContext.java:366)
	at io.netty.channel.AbstractChannelHandlerContext.invokeChannelRead(AbstractChannelHandlerContext.java:352)
	at io.netty.channel.AbstractChannelHandlerContext.fireChannelRead(AbstractChannelHandlerContext.java:345)
	at io.netty.handler.timeout.IdleStateHandler.channelRead(IdleStateHandler.java:266)
	at io.netty.channel.AbstractChannelHandlerContext.invokeChannelRead(AbstractChannelHandlerContext.java:366)
	at io.netty.channel.AbstractChannelHandlerContext.invokeChannelRead(AbstractChannelHandlerContext.java:352)
	at io.netty.channel.AbstractChannelHandlerContext.fireChannelRead(AbstractChannelHandlerContext.java:345)
	at io.netty.channel.DefaultChannelPipeline$HeadContext.channelRead(DefaultChannelPipeline.java:1294)
	at io.netty.channel.AbstractChannelHandlerContext.invokeChannelRead(AbstractChannelHandlerContext.java:366)
	at io.netty.channel.AbstractChannelHandlerContext.invokeChannelRead(AbstractChannelHandlerContext.java:352)
	at io.netty.channel.DefaultChannelPipeline.fireChannelRead(DefaultChannelPipeline.java:911)
	at io.netty.channel.nio.AbstractNioByteChannel$NioByteUnsafe.read(AbstractNioByteChannel.java:131)
	at io.netty.channel.nio.NioEventLoop.processSelectedKey(NioEventLoop.java:611)
	at io.netty.channel.nio.NioEventLoop.processSelectedKeysOptimized(NioEventLoop.java:552)
	at io.netty.channel.nio.NioEventLoop.processSelectedKeys(NioEventLoop.java:466)
	at io.netty.channel.nio.NioEventLoop.run(NioEventLoop.java:438)
	at io.netty.util.concurrent.SingleThreadEventExecutor$2.run(SingleThreadEventExecutor.java:140)
	at io.netty.util.concurrent.DefaultThreadFactory$DefaultRunnableDecorator.run(DefaultThreadFactory.java:144)
	at java.lang.Thread.run(Thread.java:920)

logger.py [line:37] DEBUG 捕获到异常：Message: The element 'By.xpath: //androidx.viewpager.widget.ViewPager[@resource-id="com.nelko.printer:id/viewpager_inner"]' is not linked to the same object in DOM anymore; For documentation on this error, please visit: https://www.selenium.dev/documentation/webdriver/troubleshooting/errors#stale-element-reference-exception
Stacktrace:
io.appium.uiautomator2.common.exceptions.StaleElementReferenceException: The element 'By.xpath: //androidx.viewpager.widget.ViewPager[@resource-id="com.nelko.printer:id/viewpager_inner"]' is not linked to the same object in DOM anymore
	at io.appium.uiautomator2.model.ElementsCache.restore(ElementsCache.java:122)
	at io.appium.uiautomator2.model.ElementsCache.get(ElementsCache.java:153)
	at io.appium.uiautomator2.handler.GetRect.safeHandle(GetRect.java:40)
	at io.appium.uiautomator2.handler.request.SafeRequestHandler.handle(SafeRequestHandler.java:59)
	at io.appium.uiautomator2.server.AppiumServlet.handleRequest(AppiumServlet.java:266)
	at io.appium.uiautomator2.server.AppiumServlet.handleHttpRequest(AppiumServlet.java:260)
	at io.appium.uiautomator2.http.ServerHandler.channelRead(ServerHandler.java:68)
	at io.netty.channel.AbstractChannelHandlerContext.invokeChannelRead(AbstractChannelHandlerContext.java:366)
	at io.netty.channel.AbstractChannelHandlerContext.invokeChannelRead(AbstractChannelHandlerContext.java:352)
	at io.netty.channel.AbstractChannelHandlerContext.fireChannelRead(AbstractChannelHandlerContext.java:345)
	at io.netty.handler.codec.MessageToMessageDecoder.channelRead(MessageToMessageDecoder.java:102)
	at io.netty.channel.AbstractChannelHandlerContext.invokeChannelRead(AbstractChannelHandlerContext.java:366)
	at io.netty.channel.AbstractChannelHandlerContext.invokeChannelRead(AbstractChannelHandlerContext.java:352)
	at io.netty.channel.AbstractChannelHandlerContext.fireChannelRead(AbstractChannelHandlerContext.java:345)
	at io.netty.channel.CombinedChannelDuplexHandler$DelegatingChannelHandlerContext.fireChannelRead(CombinedChannelDuplexHandler.java:435)
	at io.netty.handler.codec.ByteToMessageDecoder.fireChannelRead(ByteToMessageDecoder.java:293)
	at io.netty.handler.codec.ByteToMessageDecoder.channelRead(ByteToMessageDecoder.java:267)
	at io.netty.channel.CombinedChannelDuplexHandler.channelRead(CombinedChannelDuplexHandler.java:250)
	at io.netty.channel.AbstractChannelHandlerContext.invokeChannelRead(AbstractChannelHandlerContext.java:366)
	at io.netty.channel.AbstractChannelHandlerContext.invokeChannelRead(AbstractChannelHandlerContext.java:352)
	at io.netty.channel.AbstractChannelHandlerContext.fireChannelRead(AbstractChannelHandlerContext.java:345)
	at io.netty.handler.timeout.IdleStateHandler.channelRead(IdleStateHandler.java:266)
	at io.netty.channel.AbstractChannelHandlerContext.invokeChannelRead(AbstractChannelHandlerContext.java:366)
	at io.netty.channel.AbstractChannelHandlerContext.invokeChannelRead(AbstractChannelHandlerContext.java:352)
	at io.netty.channel.AbstractChannelHandlerContext.fireChannelRead(AbstractChannelHandlerContext.java:345)
	at io.netty.channel.DefaultChannelPipeline$HeadContext.channelRead(DefaultChannelPipeline.java:1294)
	at io.netty.channel.AbstractChannelHandlerContext.invokeChannelRead(AbstractChannelHandlerContext.java:366)
	at io.netty.channel.AbstractChannelHandlerContext.invokeChannelRead(AbstractChannelHandlerContext.java:352)
	at io.netty.channel.DefaultChannelPipeline.fireChannelRead(DefaultChannelPipeline.java:911)
	at io.netty.channel.nio.AbstractNioByteChannel$NioByteUnsafe.read(AbstractNioByteChannel.java:131)
	at io.netty.channel.nio.NioEventLoop.processSelectedKey(NioEventLoop.java:611)
	at io.netty.channel.nio.NioEventLoop.processSelectedKeysOptimized(NioEventLoop.java:552)
	at io.netty.channel.nio.NioEventLoop.processSelectedKeys(NioEventLoop.java:466)
	at io.netty.channel.nio.NioEventLoop.run(NioEventLoop.java:438)
	at io.netty.util.concurrent.SingleThreadEventExecutor$2.run(SingleThreadEventExecutor.java:140)
	at io.netty.util.concurrent.DefaultThreadFactory$DefaultRunnableDecorator.run(DefaultThreadFactory.java:144)
	at java.lang.Thread.run(Thread.java:920)

logger.py [line:37] DEBUG 捕获到异常：Message: The element 'By.xpath: //androidx.viewpager.widget.ViewPager[@resource-id="com.nelko.printer:id/viewpager_inner"]' is not linked to the same object in DOM anymore; For documentation on this error, please visit: https://www.selenium.dev/documentation/webdriver/troubleshooting/errors#stale-element-reference-exception
Stacktrace:
io.appium.uiautomator2.common.exceptions.StaleElementReferenceException: The element 'By.xpath: //androidx.viewpager.widget.ViewPager[@resource-id="com.nelko.printer:id/viewpager_inner"]' is not linked to the same object in DOM anymore
	at io.appium.uiautomator2.model.ElementsCache.restore(ElementsCache.java:122)
	at io.appium.uiautomator2.model.ElementsCache.get(ElementsCache.java:153)
	at io.appium.uiautomator2.handler.GetRect.safeHandle(GetRect.java:40)
	at io.appium.uiautomator2.handler.request.SafeRequestHandler.handle(SafeRequestHandler.java:59)
	at io.appium.uiautomator2.server.AppiumServlet.handleRequest(AppiumServlet.java:266)
	at io.appium.uiautomator2.server.AppiumServlet.handleHttpRequest(AppiumServlet.java:260)
	at io.appium.uiautomator2.http.ServerHandler.channelRead(ServerHandler.java:68)
	at io.netty.channel.AbstractChannelHandlerContext.invokeChannelRead(AbstractChannelHandlerContext.java:366)
	at io.netty.channel.AbstractChannelHandlerContext.invokeChannelRead(AbstractChannelHandlerContext.java:352)
	at io.netty.channel.AbstractChannelHandlerContext.fireChannelRead(AbstractChannelHandlerContext.java:345)
	at io.netty.handler.codec.MessageToMessageDecoder.channelRead(MessageToMessageDecoder.java:102)
	at io.netty.channel.AbstractChannelHandlerContext.invokeChannelRead(AbstractChannelHandlerContext.java:366)
	at io.netty.channel.AbstractChannelHandlerContext.invokeChannelRead(AbstractChannelHandlerContext.java:352)
	at io.netty.channel.AbstractChannelHandlerContext.fireChannelRead(AbstractChannelHandlerContext.java:345)
	at io.netty.channel.CombinedChannelDuplexHandler$DelegatingChannelHandlerContext.fireChannelRead(CombinedChannelDuplexHandler.java:435)
	at io.netty.handler.codec.ByteToMessageDecoder.fireChannelRead(ByteToMessageDecoder.java:293)
	at io.netty.handler.codec.ByteToMessageDecoder.channelRead(ByteToMessageDecoder.java:267)
	at io.netty.channel.CombinedChannelDuplexHandler.channelRead(CombinedChannelDuplexHandler.java:250)
	at io.netty.channel.AbstractChannelHandlerContext.invokeChannelRead(AbstractChannelHandlerContext.java:366)
	at io.netty.channel.AbstractChannelHandlerContext.invokeChannelRead(AbstractChannelHandlerContext.java:352)
	at io.netty.channel.AbstractChannelHandlerContext.fireChannelRead(AbstractChannelHandlerContext.java:345)
	at io.netty.handler.timeout.IdleStateHandler.channelRead(IdleStateHandler.java:266)
	at io.netty.channel.AbstractChannelHandlerContext.invokeChannelRead(AbstractChannelHandlerContext.java:366)
	at io.netty.channel.AbstractChannelHandlerContext.invokeChannelRead(AbstractChannelHandlerContext.java:352)
	at io.netty.channel.AbstractChannelHandlerContext.fireChannelRead(AbstractChannelHandlerContext.java:345)
	at io.netty.channel.DefaultChannelPipeline$HeadContext.channelRead(DefaultChannelPipeline.java:1294)
	at io.netty.channel.AbstractChannelHandlerContext.invokeChannelRead(AbstractChannelHandlerContext.java:366)
	at io.netty.channel.AbstractChannelHandlerContext.invokeChannelRead(AbstractChannelHandlerContext.java:352)
	at io.netty.channel.DefaultChannelPipeline.fireChannelRead(DefaultChannelPipeline.java:911)
	at io.netty.channel.nio.AbstractNioByteChannel$NioByteUnsafe.read(AbstractNioByteChannel.java:131)
	at io.netty.channel.nio.NioEventLoop.processSelectedKey(NioEventLoop.java:611)
	at io.netty.channel.nio.NioEventLoop.processSelectedKeysOptimized(NioEventLoop.java:552)
	at io.netty.channel.nio.NioEventLoop.processSelectedKeys(NioEventLoop.java:466)
	at io.netty.channel.nio.NioEventLoop.run(NioEventLoop.java:438)
	at io.netty.util.concurrent.SingleThreadEventExecutor$2.run(SingleThreadEventExecutor.java:140)
	at io.netty.util.concurrent.DefaultThreadFactory$DefaultRunnableDecorator.run(DefaultThreadFactory.java:144)
	at java.lang.Thread.run(Thread.java:920)

logger.py [line:37] DEBUG 捕获到异常：Message: The element 'By.xpath: //androidx.viewpager.widget.ViewPager[@resource-id="com.nelko.printer:id/viewpager_inner"]' is not linked to the same object in DOM anymore; For documentation on this error, please visit: https://www.selenium.dev/documentation/webdriver/troubleshooting/errors#stale-element-reference-exception
Stacktrace:
io.appium.uiautomator2.common.exceptions.StaleElementReferenceException: The element 'By.xpath: //androidx.viewpager.widget.ViewPager[@resource-id="com.nelko.printer:id/viewpager_inner"]' is not linked to the same object in DOM anymore
	at io.appium.uiautomator2.model.ElementsCache.restore(ElementsCache.java:122)
	at io.appium.uiautomator2.model.ElementsCache.get(ElementsCache.java:153)
	at io.appium.uiautomator2.handler.GetRect.safeHandle(GetRect.java:40)
	at io.appium.uiautomator2.handler.request.SafeRequestHandler.handle(SafeRequestHandler.java:59)
	at io.appium.uiautomator2.server.AppiumServlet.handleRequest(AppiumServlet.java:266)
	at io.appium.uiautomator2.server.AppiumServlet.handleHttpRequest(AppiumServlet.java:260)
	at io.appium.uiautomator2.http.ServerHandler.channelRead(ServerHandler.java:68)
	at io.netty.channel.AbstractChannelHandlerContext.invokeChannelRead(AbstractChannelHandlerContext.java:366)
	at io.netty.channel.AbstractChannelHandlerContext.invokeChannelRead(AbstractChannelHandlerContext.java:352)
	at io.netty.channel.AbstractChannelHandlerContext.fireChannelRead(AbstractChannelHandlerContext.java:345)
	at io.netty.handler.codec.MessageToMessageDecoder.channelRead(MessageToMessageDecoder.java:102)
	at io.netty.channel.AbstractChannelHandlerContext.invokeChannelRead(AbstractChannelHandlerContext.java:366)
	at io.netty.channel.AbstractChannelHandlerContext.invokeChannelRead(AbstractChannelHandlerContext.java:352)
	at io.netty.channel.AbstractChannelHandlerContext.fireChannelRead(AbstractChannelHandlerContext.java:345)
	at io.netty.channel.CombinedChannelDuplexHandler$DelegatingChannelHandlerContext.fireChannelRead(CombinedChannelDuplexHandler.java:435)
	at io.netty.handler.codec.ByteToMessageDecoder.fireChannelRead(ByteToMessageDecoder.java:293)
	at io.netty.handler.codec.ByteToMessageDecoder.channelRead(ByteToMessageDecoder.java:267)
	at io.netty.channel.CombinedChannelDuplexHandler.channelRead(CombinedChannelDuplexHandler.java:250)
	at io.netty.channel.AbstractChannelHandlerContext.invokeChannelRead(AbstractChannelHandlerContext.java:366)
	at io.netty.channel.AbstractChannelHandlerContext.invokeChannelRead(AbstractChannelHandlerContext.java:352)
	at io.netty.channel.AbstractChannelHandlerContext.fireChannelRead(AbstractChannelHandlerContext.java:345)
	at io.netty.handler.timeout.IdleStateHandler.channelRead(IdleStateHandler.java:266)
	at io.netty.channel.AbstractChannelHandlerContext.invokeChannelRead(AbstractChannelHandlerContext.java:366)
	at io.netty.channel.AbstractChannelHandlerContext.invokeChannelRead(AbstractChannelHandlerContext.java:352)
	at io.netty.channel.AbstractChannelHandlerContext.fireChannelRead(AbstractChannelHandlerContext.java:345)
	at io.netty.channel.DefaultChannelPipeline$HeadContext.channelRead(DefaultChannelPipeline.java:1294)
	at io.netty.channel.AbstractChannelHandlerContext.invokeChannelRead(AbstractChannelHandlerContext.java:366)
	at io.netty.channel.AbstractChannelHandlerContext.invokeChannelRead(AbstractChannelHandlerContext.java:352)
	at io.netty.channel.DefaultChannelPipeline.fireChannelRead(DefaultChannelPipeline.java:911)
	at io.netty.channel.nio.AbstractNioByteChannel$NioByteUnsafe.read(AbstractNioByteChannel.java:131)
	at io.netty.channel.nio.NioEventLoop.processSelectedKey(NioEventLoop.java:611)
	at io.netty.channel.nio.NioEventLoop.processSelectedKeysOptimized(NioEventLoop.java:552)
	at io.netty.channel.nio.NioEventLoop.processSelectedKeys(NioEventLoop.java:466)
	at io.netty.channel.nio.NioEventLoop.run(NioEventLoop.java:438)
	at io.netty.util.concurrent.SingleThreadEventExecutor$2.run(SingleThreadEventExecutor.java:140)
	at io.netty.util.concurrent.DefaultThreadFactory$DefaultRunnableDecorator.run(DefaultThreadFactory.java:144)
	at java.lang.Thread.run(Thread.java:920)

logger.py [line:37] DEBUG 捕获到异常：Message: The element 'By.xpath: //androidx.viewpager.widget.ViewPager[@resource-id="com.nelko.printer:id/viewpager_inner"]' is not linked to the same object in DOM anymore; For documentation on this error, please visit: https://www.selenium.dev/documentation/webdriver/troubleshooting/errors#stale-element-reference-exception
Stacktrace:
io.appium.uiautomator2.common.exceptions.StaleElementReferenceException: The element 'By.xpath: //androidx.viewpager.widget.ViewPager[@resource-id="com.nelko.printer:id/viewpager_inner"]' is not linked to the same object in DOM anymore
	at io.appium.uiautomator2.model.ElementsCache.restore(ElementsCache.java:122)
	at io.appium.uiautomator2.model.ElementsCache.get(ElementsCache.java:153)
	at io.appium.uiautomator2.handler.GetRect.safeHandle(GetRect.java:40)
	at io.appium.uiautomator2.handler.request.SafeRequestHandler.handle(SafeRequestHandler.java:59)
	at io.appium.uiautomator2.server.AppiumServlet.handleRequest(AppiumServlet.java:266)
	at io.appium.uiautomator2.server.AppiumServlet.handleHttpRequest(AppiumServlet.java:260)
	at io.appium.uiautomator2.http.ServerHandler.channelRead(ServerHandler.java:68)
	at io.netty.channel.AbstractChannelHandlerContext.invokeChannelRead(AbstractChannelHandlerContext.java:366)
	at io.netty.channel.AbstractChannelHandlerContext.invokeChannelRead(AbstractChannelHandlerContext.java:352)
	at io.netty.channel.AbstractChannelHandlerContext.fireChannelRead(AbstractChannelHandlerContext.java:345)
	at io.netty.handler.codec.MessageToMessageDecoder.channelRead(MessageToMessageDecoder.java:102)
	at io.netty.channel.AbstractChannelHandlerContext.invokeChannelRead(AbstractChannelHandlerContext.java:366)
	at io.netty.channel.AbstractChannelHandlerContext.invokeChannelRead(AbstractChannelHandlerContext.java:352)
	at io.netty.channel.AbstractChannelHandlerContext.fireChannelRead(AbstractChannelHandlerContext.java:345)
	at io.netty.channel.CombinedChannelDuplexHandler$DelegatingChannelHandlerContext.fireChannelRead(CombinedChannelDuplexHandler.java:435)
	at io.netty.handler.codec.ByteToMessageDecoder.fireChannelRead(ByteToMessageDecoder.java:293)
	at io.netty.handler.codec.ByteToMessageDecoder.channelRead(ByteToMessageDecoder.java:267)
	at io.netty.channel.CombinedChannelDuplexHandler.channelRead(CombinedChannelDuplexHandler.java:250)
	at io.netty.channel.AbstractChannelHandlerContext.invokeChannelRead(AbstractChannelHandlerContext.java:366)
	at io.netty.channel.AbstractChannelHandlerContext.invokeChannelRead(AbstractChannelHandlerContext.java:352)
	at io.netty.channel.AbstractChannelHandlerContext.fireChannelRead(AbstractChannelHandlerContext.java:345)
	at io.netty.handler.timeout.IdleStateHandler.channelRead(IdleStateHandler.java:266)
	at io.netty.channel.AbstractChannelHandlerContext.invokeChannelRead(AbstractChannelHandlerContext.java:366)
	at io.netty.channel.AbstractChannelHandlerContext.invokeChannelRead(AbstractChannelHandlerContext.java:352)
	at io.netty.channel.AbstractChannelHandlerContext.fireChannelRead(AbstractChannelHandlerContext.java:345)
	at io.netty.channel.DefaultChannelPipeline$HeadContext.channelRead(DefaultChannelPipeline.java:1294)
	at io.netty.channel.AbstractChannelHandlerContext.invokeChannelRead(AbstractChannelHandlerContext.java:366)
	at io.netty.channel.AbstractChannelHandlerContext.invokeChannelRead(AbstractChannelHandlerContext.java:352)
	at io.netty.channel.DefaultChannelPipeline.fireChannelRead(DefaultChannelPipeline.java:911)
	at io.netty.channel.nio.AbstractNioByteChannel$NioByteUnsafe.read(AbstractNioByteChannel.java:131)
	at io.netty.channel.nio.NioEventLoop.processSelectedKey(NioEventLoop.java:611)
	at io.netty.channel.nio.NioEventLoop.processSelectedKeysOptimized(NioEventLoop.java:552)
	at io.netty.channel.nio.NioEventLoop.processSelectedKeys(NioEventLoop.java:466)
	at io.netty.channel.nio.NioEventLoop.run(NioEventLoop.java:438)
	at io.netty.util.concurrent.SingleThreadEventExecutor$2.run(SingleThreadEventExecutor.java:140)
	at io.netty.util.concurrent.DefaultThreadFactory$DefaultRunnableDecorator.run(DefaultThreadFactory.java:144)
	at java.lang.Thread.run(Thread.java:920)

logger.py [line:37] DEBUG 保存接口返回的第1个图片
logger.py [line:37] DEBUG 保存接口返回的第2个图片
logger.py [line:37] DEBUG 保存接口返回的第3个图片
logger.py [line:37] DEBUG 保存接口返回的第4个图片
logger.py [line:37] DEBUG 一共4张图片
logger.py [line:41] ERROR 元素 ('xpath', '//androidx.viewpager.widget.ViewPager[@resource-id="com.nelko.printer:id/viewpager_inner"]') 超时未找到
logger.py [line:37] DEBUG 保存接口返回的第1个图片
logger.py [line:37] DEBUG 保存接口返回的第2个图片
logger.py [line:37] DEBUG 保存接口返回的第3个图片
logger.py [line:37] DEBUG 保存接口返回的第4个图片
logger.py [line:37] DEBUG 一共4张图片
logger.py [line:37] DEBUG 成功保存截图到：D:\huan\Print_APP\screenshots\app_banner\banner_1745308427.png
logger.py [line:37] DEBUG 成功保存截图到：D:\huan\Print_APP\screenshots\app_banner\banner_1745308430.png
logger.py [line:37] DEBUG 成功保存截图到：D:\huan\Print_APP\screenshots\app_banner\banner_1745308434.png
logger.py [line:37] DEBUG 成功保存截图到：D:\huan\Print_APP\screenshots\app_banner\banner_1745308438.png
logger.py [line:37] DEBUG 共截取并保存了 4 张唯一的banner截图。
logger.py [line:37] DEBUG APP保存的图片与接口返回的图片不相似，需要手动确认
logger.py [line:37] DEBUG APP保存的图片与接口返回的图片有95%以上相似，无需手动确认
logger.py [line:37] DEBUG APP保存的图片与接口返回的图片不相似，需要手动确认
logger.py [line:37] DEBUG APP保存的图片与接口返回的图片不相似，需要手动确认
logger.py [line:37] DEBUG APP保存的图片与接口返回的图片有95%以上相似，无需手动确认
logger.py [line:37] DEBUG APP保存的图片与接口返回的图片不相似，需要手动确认
logger.py [line:37] DEBUG APP保存的图片与接口返回的图片不相似，需要手动确认
logger.py [line:37] DEBUG APP保存的图片与接口返回的图片不相似，需要手动确认
logger.py [line:37] DEBUG APP保存的图片与接口返回的图片不相似，需要手动确认
logger.py [line:37] DEBUG APP保存的图片与接口返回的图片不相似，需要手动确认
logger.py [line:37] DEBUG APP保存的图片与接口返回的图片有95%以上相似，无需手动确认
logger.py [line:37] DEBUG APP保存的图片与接口返回的图片不相似，需要手动确认
logger.py [line:37] DEBUG APP保存的图片与接口返回的图片不相似，需要手动确认
logger.py [line:37] DEBUG APP保存的图片与接口返回的图片不相似，需要手动确认
logger.py [line:37] DEBUG APP保存的图片与接口返回的图片不相似，需要手动确认
logger.py [line:37] DEBUG APP保存的图片与接口返回的图片有95%以上相似，无需手动确认
logger.py [line:37] DEBUG Deleted: D:\huan\Print_APP\screenshots\app_banner\banner_1745308427.png
logger.py [line:37] DEBUG Deleted: D:\huan\Print_APP\screenshots\app_banner\banner_1745308430.png
logger.py [line:37] DEBUG Deleted: D:\huan\Print_APP\screenshots\app_banner\banner_1745308434.png
logger.py [line:37] DEBUG Deleted: D:\huan\Print_APP\screenshots\app_banner\banner_1745308438.png
logger.py [line:37] DEBUG Deleted: D:\huan\Print_APP\screenshots\jieko_banner\32024100710420100016402.jpg
logger.py [line:37] DEBUG Deleted: D:\huan\Print_APP\screenshots\jieko_banner\32024103009022700017668.jpg
logger.py [line:37] DEBUG Deleted: D:\huan\Print_APP\screenshots\jieko_banner\32025022518045700014058.jpg
logger.py [line:37] DEBUG Deleted: D:\huan\Print_APP\screenshots\jieko_banner\32025022518060100018355.jpg
logger.py [line:37] DEBUG 保存接口返回的第1个图片
logger.py [line:37] DEBUG 保存接口返回的第2个图片
logger.py [line:37] DEBUG 保存接口返回的第3个图片
logger.py [line:37] DEBUG 保存接口返回的第4个图片
logger.py [line:37] DEBUG 一共4张图片
logger.py [line:41] ERROR 元素 ('xpath', '//androidx.viewpager.widget.ViewPager[@resource-id="com.nelko.printer:id/viewpager_inner"]') 超时未找到
logger.py [line:37] DEBUG 保存接口返回的第1个图片
logger.py [line:37] DEBUG 保存接口返回的第2个图片
logger.py [line:37] DEBUG 保存接口返回的第3个图片
logger.py [line:37] DEBUG 保存接口返回的第4个图片
logger.py [line:37] DEBUG 一共4张图片
logger.py [line:37] DEBUG 成功保存截图到：D:\huan\Print_APP\screenshots\app_banner\banner_1745309482.png
logger.py [line:37] DEBUG 成功保存截图到：D:\huan\Print_APP\screenshots\app_banner\banner_1745309486.png
logger.py [line:37] DEBUG 成功保存截图到：D:\huan\Print_APP\screenshots\app_banner\banner_1745309489.png
logger.py [line:37] DEBUG 成功保存截图到：D:\huan\Print_APP\screenshots\app_banner\banner_1745309493.png
logger.py [line:37] DEBUG 共截取并保存了 4 张唯一的banner截图。
logger.py [line:37] DEBUG APP保存的图片与接口返回的图片有95%以上相似，无需手动确认
logger.py [line:37] DEBUG APP保存的图片与接口返回的图片有95%以上相似，无需手动确认
logger.py [line:37] DEBUG APP保存的图片与接口返回的图片有95%以上相似，无需手动确认
logger.py [line:37] DEBUG APP保存的图片与接口返回的图片有95%以上相似，无需手动确认
logger.py [line:37] DEBUG Deleted: D:\huan\Print_APP\screenshots\app_banner\banner_1745309482.png
logger.py [line:37] DEBUG Deleted: D:\huan\Print_APP\screenshots\app_banner\banner_1745309486.png
logger.py [line:37] DEBUG Deleted: D:\huan\Print_APP\screenshots\app_banner\banner_1745309489.png
logger.py [line:37] DEBUG Deleted: D:\huan\Print_APP\screenshots\app_banner\banner_1745309493.png
logger.py [line:37] DEBUG Deleted: D:\huan\Print_APP\screenshots\jieko_banner\32024100710420100016402.jpg
logger.py [line:37] DEBUG Deleted: D:\huan\Print_APP\screenshots\jieko_banner\32024103009022700017668.jpg
logger.py [line:37] DEBUG Deleted: D:\huan\Print_APP\screenshots\jieko_banner\32025022518045700014058.jpg
logger.py [line:37] DEBUG Deleted: D:\huan\Print_APP\screenshots\jieko_banner\32025022518060100018355.jpg
logger.py [line:37] DEBUG 保存接口返回的第1个图片
logger.py [line:37] DEBUG 保存接口返回的第2个图片
logger.py [line:37] DEBUG 保存接口返回的第3个图片
logger.py [line:37] DEBUG 保存接口返回的第4个图片
logger.py [line:37] DEBUG 一共4张图片
logger.py [line:37] DEBUG 成功保存截图到：D:\huan\Print_APP\screenshots\app_banner\banner_1745309651.png
logger.py [line:37] DEBUG 成功保存截图到：D:\huan\Print_APP\screenshots\app_banner\banner_1745309655.png
logger.py [line:37] DEBUG 成功保存截图到：D:\huan\Print_APP\screenshots\app_banner\banner_1745309659.png
logger.py [line:37] DEBUG 成功保存截图到：D:\huan\Print_APP\screenshots\app_banner\banner_1745309662.png
logger.py [line:37] DEBUG 共截取并保存了 4 张唯一的banner截图。
logger.py [line:37] DEBUG APP保存的图片与接口返回的图片有95%以上相似，无需手动确认
logger.py [line:37] DEBUG APP保存的图片与接口返回的图片有95%以上相似，无需手动确认
logger.py [line:37] DEBUG APP保存的图片与接口返回的图片有95%以上相似，无需手动确认
logger.py [line:37] DEBUG APP保存的图片与接口返回的图片有95%以上相似，无需手动确认
logger.py [line:37] DEBUG Deleted: D:\huan\Print_APP\screenshots\app_banner\banner_1745309651.png
logger.py [line:37] DEBUG Deleted: D:\huan\Print_APP\screenshots\app_banner\banner_1745309655.png
logger.py [line:37] DEBUG Deleted: D:\huan\Print_APP\screenshots\app_banner\banner_1745309659.png
logger.py [line:37] DEBUG Deleted: D:\huan\Print_APP\screenshots\app_banner\banner_1745309662.png
logger.py [line:37] DEBUG Deleted: D:\huan\Print_APP\screenshots\jieko_banner\32024100710420100016402.jpg
logger.py [line:37] DEBUG Deleted: D:\huan\Print_APP\screenshots\jieko_banner\32024103009022700017668.jpg
logger.py [line:37] DEBUG Deleted: D:\huan\Print_APP\screenshots\jieko_banner\32025022518045700014058.jpg
logger.py [line:37] DEBUG Deleted: D:\huan\Print_APP\screenshots\jieko_banner\32025022518060100018355.jpg
logger.py [line:37] DEBUG 保存接口返回的第1个图片
logger.py [line:37] DEBUG 保存接口返回的第2个图片
logger.py [line:37] DEBUG 保存接口返回的第3个图片
logger.py [line:37] DEBUG 保存接口返回的第4个图片
logger.py [line:37] DEBUG 一共4张图片
logger.py [line:37] DEBUG 成功保存截图到：D:\huan\Print_APP\screenshots\app_banner\banner_1745309871.png
logger.py [line:37] DEBUG 成功保存截图到：D:\huan\Print_APP\screenshots\app_banner\banner_1745309875.png
logger.py [line:37] DEBUG 成功保存截图到：D:\huan\Print_APP\screenshots\app_banner\banner_1745309878.png
logger.py [line:37] DEBUG 成功保存截图到：D:\huan\Print_APP\screenshots\app_banner\banner_1745309882.png
logger.py [line:37] DEBUG 共截取并保存了 4 张唯一的banner截图。
logger.py [line:37] DEBUG 第1次比较：图片不相似
logger.py [line:37] DEBUG 第2次比较：图片不相似
logger.py [line:37] DEBUG 第3次比较：图片不相似
logger.py [line:37] DEBUG 第4次比较：图片相似
logger.py [line:41] ERROR 存在不相似的图片（相似数：1/4），需要手动确认
logger.py [line:37] DEBUG 保存接口返回的第1个图片
logger.py [line:37] DEBUG 保存接口返回的第2个图片
logger.py [line:37] DEBUG 保存接口返回的第3个图片
logger.py [line:37] DEBUG 保存接口返回的第4个图片
logger.py [line:37] DEBUG 一共4张图片
logger.py [line:37] DEBUG 成功保存截图到：D:\huan\Print_APP\screenshots\app_banner\banner_1745310089.png
logger.py [line:37] DEBUG 成功保存截图到：D:\huan\Print_APP\screenshots\app_banner\banner_1745310093.png
logger.py [line:37] DEBUG 成功保存截图到：D:\huan\Print_APP\screenshots\app_banner\banner_1745310097.png
logger.py [line:37] DEBUG 成功保存截图到：D:\huan\Print_APP\screenshots\app_banner\banner_1745310101.png
logger.py [line:37] DEBUG 共截取并保存了 4 张唯一的banner截图。
logger.py [line:37] DEBUG APP保存的图片与接口返回的图片有95%以上相似，无需手动确认
logger.py [line:37] DEBUG APP保存的图片与接口返回的图片有95%以上相似，无需手动确认
logger.py [line:37] DEBUG APP保存的图片与接口返回的图片有95%以上相似，无需手动确认
logger.py [line:37] DEBUG APP保存的图片与接口返回的图片有95%以上相似，无需手动确认
logger.py [line:37] DEBUG Deleted: D:\huan\Print_APP\screenshots\app_banner\banner_1745310089.png
logger.py [line:37] DEBUG Deleted: D:\huan\Print_APP\screenshots\app_banner\banner_1745310093.png
logger.py [line:37] DEBUG Deleted: D:\huan\Print_APP\screenshots\app_banner\banner_1745310097.png
logger.py [line:37] DEBUG Deleted: D:\huan\Print_APP\screenshots\app_banner\banner_1745310101.png
logger.py [line:37] DEBUG Deleted: D:\huan\Print_APP\screenshots\jieko_banner\32024100710420100016402.jpg
logger.py [line:37] DEBUG Deleted: D:\huan\Print_APP\screenshots\jieko_banner\32024103009022700017668.jpg
logger.py [line:37] DEBUG Deleted: D:\huan\Print_APP\screenshots\jieko_banner\32025022518045700014058.jpg
logger.py [line:37] DEBUG Deleted: D:\huan\Print_APP\screenshots\jieko_banner\32025022518060100018355.jpg
logger.py [line:37] DEBUG 保存接口返回的第1个图片
logger.py [line:37] DEBUG 保存接口返回的第2个图片
logger.py [line:37] DEBUG 保存接口返回的第3个图片
logger.py [line:37] DEBUG 保存接口返回的第4个图片
logger.py [line:37] DEBUG 一共4张图片
logger.py [line:37] DEBUG 成功保存截图到：D:\huan\Print_APP\screenshots\app_banner\banner_1745310198.png
logger.py [line:37] DEBUG 成功保存截图到：D:\huan\Print_APP\screenshots\app_banner\banner_1745310202.png
logger.py [line:37] DEBUG 成功保存截图到：D:\huan\Print_APP\screenshots\app_banner\banner_1745310206.png
logger.py [line:37] DEBUG 成功保存截图到：D:\huan\Print_APP\screenshots\app_banner\banner_1745310210.png
logger.py [line:37] DEBUG 共截取并保存了 4 张唯一的banner截图。
logger.py [line:37] DEBUG APP保存的图片与接口返回的图片有95%以上相似，无需手动确认
logger.py [line:37] DEBUG APP保存的图片与接口返回的图片有95%以上相似，无需手动确认
logger.py [line:37] DEBUG APP保存的图片与接口返回的图片有95%以上相似，无需手动确认
logger.py [line:37] DEBUG APP保存的图片与接口返回的图片有95%以上相似，无需手动确认
logger.py [line:37] DEBUG 保存接口返回的第1个图片
logger.py [line:37] DEBUG 保存接口返回的第2个图片
logger.py [line:37] DEBUG 保存接口返回的第3个图片
logger.py [line:37] DEBUG 保存接口返回的第4个图片
logger.py [line:37] DEBUG 一共4张图片
logger.py [line:41] ERROR 元素 ('xpath', '//androidx.viewpager.widget.ViewPager[@resource-id="com.nelko.printer:id/viewpager_inner"]') 超时未找到
logger.py [line:37] DEBUG 保存接口返回的第1个图片
logger.py [line:37] DEBUG 保存接口返回的第2个图片
logger.py [line:37] DEBUG 保存接口返回的第3个图片
logger.py [line:37] DEBUG 保存接口返回的第4个图片
logger.py [line:37] DEBUG 一共4张图片
logger.py [line:37] DEBUG 成功保存截图到：D:\huan\Print_APP\screenshots\app_banner\banner_1745310347.png
logger.py [line:37] DEBUG 成功保存截图到：D:\huan\Print_APP\screenshots\app_banner\banner_1745310351.png
logger.py [line:37] DEBUG 保存接口返回的第1个图片
logger.py [line:37] DEBUG 保存接口返回的第2个图片
logger.py [line:37] DEBUG 保存接口返回的第3个图片
logger.py [line:37] DEBUG 保存接口返回的第4个图片
logger.py [line:37] DEBUG 一共4张图片
logger.py [line:37] DEBUG 成功保存截图到：D:\huan\Print_APP\screenshots\app_banner\banner_1745310394.png
logger.py [line:37] DEBUG 成功保存截图到：D:\huan\Print_APP\screenshots\app_banner\banner_1745310398.png
logger.py [line:37] DEBUG 成功保存截图到：D:\huan\Print_APP\screenshots\app_banner\banner_1745310402.png
logger.py [line:37] DEBUG 成功保存截图到：D:\huan\Print_APP\screenshots\app_banner\banner_1745310406.png
logger.py [line:37] DEBUG 共截取并保存了 4 张唯一的banner截图。
logger.py [line:37] DEBUG APP保存的图片与接口返回的图片有95%以上相似，无需手动确认
logger.py [line:37] DEBUG APP保存的图片与接口返回的图片有95%以上相似，无需手动确认
logger.py [line:37] DEBUG APP保存的图片与接口返回的图片有95%以上相似，无需手动确认
logger.py [line:37] DEBUG APP保存的图片与接口返回的图片有95%以上相似，无需手动确认
logger.py [line:37] DEBUG Deleted: D:\huan\Print_APP\screenshots\app_banner\banner_1745310394.png
logger.py [line:37] DEBUG Deleted: D:\huan\Print_APP\screenshots\app_banner\banner_1745310398.png
logger.py [line:37] DEBUG Deleted: D:\huan\Print_APP\screenshots\app_banner\banner_1745310402.png
logger.py [line:37] DEBUG Deleted: D:\huan\Print_APP\screenshots\app_banner\banner_1745310406.png
logger.py [line:37] DEBUG Deleted: D:\huan\Print_APP\screenshots\jieko_banner\32024100710420100016402.jpg
logger.py [line:37] DEBUG Deleted: D:\huan\Print_APP\screenshots\jieko_banner\32024103009022700017668.jpg
logger.py [line:37] DEBUG Deleted: D:\huan\Print_APP\screenshots\jieko_banner\32025022518045700014058.jpg
logger.py [line:37] DEBUG Deleted: D:\huan\Print_APP\screenshots\jieko_banner\32025022518060100018355.jpg
