2025-07-09 10:26:45,995 - INFO - Driver initialized, starting test cases
2025-07-09 10:26:49,748 - INFO - 点击未连接    =>定位值: ('id', 'com.nelko.printer:id/tv_connect'), 
2025-07-09 10:26:58,094 - ERROR - 元素 ('xpath', '//android.widget.TextView[@resource-id="com.nelko.printer:id/tv_title"]') 超时未找到
2025-07-09 10:26:58,141 - ERROR - 找不到PM230--11:FB:AF:F5:6F:52进入else
2025-07-09 10:27:02,842 - INFO - 点击刷新    =>定位值: ('xpath', '//android.widget.TextView[@text="刷新"]'), 
2025-07-09 10:27:07,276 - INFO - 点击11:FB:AF:F5:6F:52    =>定位值: ('xpath', '//android.widget.TextView[@resource-id="com.nelko.printer:id/tv_ble_address" and @text="11:FB:AF:F5:6F:52"]'), 
2025-07-09 10:27:09,244 - INFO - 点击已连接    =>定位值: ('id', 'com.nelko.printer:id/tv_connect'), 
2025-07-09 10:27:11,894 - INFO - 点击断开连接    =>定位值: ('id', 'com.nelko.printer:id/act_two_inch_bt_disconnect_tv'), 
2025-07-09 10:27:12,592 - INFO - 点击确定    =>定位值: ('id', 'com.nelko.printer:id/tv_sure'), 
2025-07-09 10:27:13,515 - ERROR - 执行返回
2025-07-09 10:27:13,863 - INFO - 点击未连接    =>定位值: ('id', 'com.nelko.printer:id/tv_connect'), 
2025-07-09 10:27:15,999 - INFO - 点击31:9D:6D:1A:51:BF    =>定位值: ('xpath', '//android.widget.TextView[@resource-id="com.nelko.printer:id/tv_ble_address" and @text="31:9D:6D:1A:51:BF"]'), 
2025-07-09 10:27:18,242 - INFO - 点击已连接    =>定位值: ('id', 'com.nelko.printer:id/tv_connect'), 
2025-07-09 10:27:19,783 - INFO - 点击断开连接    =>定位值: ('id', 'com.nelko.printer:id/act_two_inch_bt_disconnect_tv'), 
2025-07-09 10:27:20,420 - INFO - 点击确定    =>定位值: ('id', 'com.nelko.printer:id/tv_sure'), 
2025-07-09 10:27:22,700 - ERROR - 执行返回
2025-07-09 10:27:22,832 - INFO - 点击未连接    =>定位值: ('id', 'com.nelko.printer:id/tv_connect'), 
2025-07-09 10:27:24,547 - ERROR - 找不到P21--43:2C:42:48:63:5F进入else
2025-07-09 10:27:25,489 - INFO - 点击刷新    =>定位值: ('xpath', '//android.widget.TextView[@text="刷新"]'), 
2025-07-09 10:27:31,670 - INFO - 点击43:2C:42:48:63:5F    =>定位值: ('xpath', '//android.widget.TextView[@resource-id="com.nelko.printer:id/tv_ble_address" and @text="43:2C:42:48:63:5F"]'), 
2025-07-09 10:27:35,532 - INFO - 点击已连接    =>定位值: ('id', 'com.nelko.printer:id/tv_connect'), 
2025-07-09 10:27:38,395 - INFO - 点击断开连接    =>定位值: ('id', 'com.nelko.printer:id/act_two_inch_bt_disconnect_tv'), 
2025-07-09 10:27:39,064 - INFO - 点击确定    =>定位值: ('id', 'com.nelko.printer:id/tv_sure'), 
2025-07-09 10:27:39,993 - ERROR - 执行返回
2025-07-09 10:27:39,993 - INFO - Test case execution finished
