2025-07-09 10:31:20,108 - INFO - Driver initialized, starting test cases
2025-07-09 10:31:23,823 - INFO - 点击未连接    =>定位值: ('id', 'com.nelko.printer:id/tv_connect'), 
2025-07-09 10:31:27,060 - ERROR - 找不到PM230--11:FB:AF:F5:6F:52进入else
2025-07-09 10:31:28,568 - INFO - 点击刷新    =>定位值: ('xpath', '//android.widget.TextView[@text="刷新"]'), 
2025-07-09 10:31:33,036 - INFO - 点击11:FB:AF:F5:6F:52    =>定位值: ('xpath', '//android.widget.TextView[@resource-id="com.nelko.printer:id/tv_ble_address" and @text="11:FB:AF:F5:6F:52"]'), 
2025-07-09 10:31:36,620 - INFO - 点击已连接    =>定位值: ('id', 'com.nelko.printer:id/tv_connect'), 
2025-07-09 10:31:38,560 - INFO - 点击断开连接    =>定位值: ('id', 'com.nelko.printer:id/act_two_inch_bt_disconnect_tv'), 
2025-07-09 10:31:39,195 - INFO - 点击确定    =>定位值: ('id', 'com.nelko.printer:id/tv_sure'), 
2025-07-09 10:31:43,517 - ERROR - 执行返回
2025-07-09 10:31:43,676 - INFO - 点击未连接    =>定位值: ('id', 'com.nelko.printer:id/tv_connect'), 
2025-07-09 10:31:45,105 - INFO - 点击31:9D:6D:1A:51:BF    =>定位值: ('xpath', '//android.widget.TextView[@resource-id="com.nelko.printer:id/tv_ble_address" and @text="31:9D:6D:1A:51:BF"]'), 
2025-07-09 10:31:46,818 - INFO - 点击已连接    =>定位值: ('id', 'com.nelko.printer:id/tv_connect'), 
2025-07-09 10:31:48,378 - INFO - 点击断开连接    =>定位值: ('id', 'com.nelko.printer:id/act_two_inch_bt_disconnect_tv'), 
2025-07-09 10:31:49,018 - INFO - 点击确定    =>定位值: ('id', 'com.nelko.printer:id/tv_sure'), 
2025-07-09 10:31:50,428 - ERROR - 执行返回
2025-07-09 10:31:50,611 - INFO - 点击未连接    =>定位值: ('id', 'com.nelko.printer:id/tv_connect'), 
2025-07-09 10:31:54,905 - ERROR - 找不到P21--43:2C:42:48:63:5F进入else
2025-07-09 10:31:55,112 - INFO - 点击刷新    =>定位值: ('xpath', '//android.widget.TextView[@text="刷新"]'), 
2025-07-09 10:32:00,735 - INFO - 点击43:2C:42:48:63:5F    =>定位值: ('xpath', '//android.widget.TextView[@resource-id="com.nelko.printer:id/tv_ble_address" and @text="43:2C:42:48:63:5F"]'), 
2025-07-09 10:32:03,377 - INFO - 点击已连接    =>定位值: ('id', 'com.nelko.printer:id/tv_connect'), 
2025-07-09 10:32:05,773 - INFO - 点击断开连接    =>定位值: ('id', 'com.nelko.printer:id/act_two_inch_bt_disconnect_tv'), 
2025-07-09 10:32:09,330 - INFO - 点击确定    =>定位值: ('id', 'com.nelko.printer:id/tv_sure'), 
2025-07-09 10:32:12,577 - ERROR - 执行返回
2025-07-09 10:32:12,578 - INFO - Test case execution finished
