2025-07-18 09:07:34,790 - INFO - Driver initialized, starting test cases
2025-07-18 09:07:35,705 - INFO - 成功保存第1张图片: 32025070710124600011506.jpg
2025-07-18 09:07:36,532 - INFO - 成功保存第2张图片: 32025061009383600015014.jpg
2025-07-18 09:07:37,091 - INFO - 成功保存第3张图片: 32025061216075200014766.jpg
2025-07-18 09:07:37,410 - INFO - 成功保存第4张图片: 32025061216081500017524.jpg
2025-07-18 09:07:37,740 - INFO - 成功保存第5张图片: 32025061216084500012882.jpg
2025-07-18 09:07:37,740 - INFO - 图片处理完成，共尝试下载5张，成功5张
2025-07-18 09:07:40,268 - INFO - 成功保存截图到：D:\huan\Print_APP\screenshots\app_banner\banner_1752800860.png
2025-07-18 09:07:43,603 - INFO - 图片已经被保存过，跳过。
2025-07-18 09:07:45,983 - INFO - 成功保存截图到：D:\huan\Print_APP\screenshots\app_banner\banner_1752800865.png
2025-07-18 09:07:49,368 - INFO - 图片已经被保存过，跳过。
2025-07-18 09:07:50,681 - INFO - 成功保存截图到：D:\huan\Print_APP\screenshots\app_banner\banner_1752800870.png
2025-07-18 09:07:54,327 - INFO - 图片已经被保存过，跳过。
2025-07-18 09:07:55,716 - INFO - 成功保存截图到：D:\huan\Print_APP\screenshots\app_banner\banner_1752800875.png
2025-07-18 09:07:59,338 - INFO - 图片已经被保存过，跳过。
2025-07-18 09:08:01,118 - INFO - 成功保存截图到：D:\huan\Print_APP\screenshots\app_banner\banner_1752800880.png
2025-07-18 09:08:03,122 - INFO - 共截取并保存了 5 张唯一的banner截图。
2025-07-18 09:08:03,228 - INFO - APP保存的图片与接口返回的图片有95%以上相似，无需手动确认
2025-07-18 09:08:03,249 - INFO - APP保存的图片与接口返回的图片有95%以上相似，无需手动确认
2025-07-18 09:08:03,442 - INFO - APP保存的图片与接口返回的图片有95%以上相似，无需手动确认
2025-07-18 09:08:03,468 - INFO - APP保存的图片与接口返回的图片有95%以上相似，无需手动确认
2025-07-18 09:08:03,604 - INFO - APP保存的图片与接口返回的图片有95%以上相似，无需手动确认
2025-07-18 09:08:03,725 - INFO - APP保存的图片与接口返回的图片有95%以上相似，无需手动确认
2025-07-18 09:08:03,851 - INFO - APP保存的图片与接口返回的图片有95%以上相似，无需手动确认
2025-07-18 09:08:03,875 - INFO - Test case execution finished
