2025-06-17 10:31:35,400 - INFO - Driver initialized, starting test cases
2025-06-17 10:31:36,403 - INFO - 开始测试设备: P21
2025-06-17 10:31:36,404 - INFO - 开始处理设备: P21
2025-06-17 10:31:36,404 - INFO - 正在选择设备: P21
2025-06-17 10:31:40,421 - INFO - 点击P31S    =>定位值: ('id', 'com.nelko.printer:id/tv_printer_model'), 
2025-06-17 10:31:41,856 - INFO - 点击P21    =>定位值: ('xpath', '//android.widget.TextView[@resource-id="com.nelko.printer:id/text_device_name" and @text="P21"]'), 
2025-06-17 10:31:42,592 - INFO - 点击确定    =>定位值: ('id', 'com.nelko.printer:id/tv_ok'), 
2025-06-17 10:31:42,631 - INFO - 设备 P21 选择完成
2025-06-17 10:31:48,157 - ERROR - 元素 ('xpath', '//android.widget.TextView[@resource-id="com.nelko.printer:id/view_menu_title" and @text="AI打印"]') 超时未找到
2025-06-17 10:31:48,157 - INFO - 获取位置失败 ('xpath', '//android.widget.TextView[@resource-id="com.nelko.printer:id/view_menu_title" and @text="AI打印"]'), 点击事件执行失败
2025-06-17 10:31:48,159 - INFO - 开始测试设备: P31S
2025-06-17 10:31:48,159 - INFO - 开始处理设备: P31S
2025-06-17 10:31:48,159 - INFO - 正在选择设备: P31S
2025-06-17 10:31:49,153 - INFO - 点击P21    =>定位值: ('id', 'com.nelko.printer:id/tv_printer_model'), 
2025-06-17 10:31:50,241 - INFO - 点击P31S    =>定位值: ('xpath', '//android.widget.TextView[@resource-id="com.nelko.printer:id/text_device_name" and @text="P31S"]'), 
2025-06-17 10:31:50,978 - INFO - 点击确定    =>定位值: ('id', 'com.nelko.printer:id/tv_ok'), 
2025-06-17 10:31:51,039 - INFO - 设备 P31S 选择完成
2025-06-17 10:31:56,174 - ERROR - 元素 ('xpath', '//android.widget.TextView[@resource-id="com.nelko.printer:id/view_menu_title" and @text="AI打印"]') 超时未找到
2025-06-17 10:31:56,174 - INFO - 获取位置失败 ('xpath', '//android.widget.TextView[@resource-id="com.nelko.printer:id/view_menu_title" and @text="AI打印"]'), 点击事件执行失败
2025-06-17 10:31:56,176 - INFO - 开始测试设备: PM220
2025-06-17 10:31:56,176 - INFO - 开始处理设备: PM220
2025-06-17 10:31:56,176 - INFO - 正在选择设备: PM220
2025-06-17 10:31:56,518 - INFO - 点击P31S    =>定位值: ('id', 'com.nelko.printer:id/tv_printer_model'), 
2025-06-17 10:31:58,302 - INFO - 点击PM220    =>定位值: ('xpath', '//android.widget.TextView[@resource-id="com.nelko.printer:id/text_device_name" and @text="PM220"]'), 
2025-06-17 10:31:59,061 - INFO - 点击确定    =>定位值: ('id', 'com.nelko.printer:id/tv_ok'), 
2025-06-17 10:31:59,137 - INFO - 设备 PM220 选择完成
2025-06-17 10:32:00,610 - INFO - 点击AI打印    =>定位值: ('xpath', '//android.widget.TextView[@resource-id="com.nelko.printer:id/view_menu_title" and @text="AI打印"]'), 
2025-06-17 10:32:01,465 - INFO - 点击AI图库    =>定位值: ('xpath', '//android.widget.TextView[@text="AI图库"]'), 
2025-06-17 10:32:06,408 - INFO - 完整API模板: ['黑白', '动物', '特色', '饮料', '节日', '食物', '日记', '自然', '运动', '旅行']
2025-06-17 10:32:06,408 - INFO - 完整APP模板: ['黑白', '动物', '特色', '饮料', '节日', '食物', '日记', '自然', '运动', '旅行']
2025-06-17 10:32:08,285 - ERROR - 执行返回
2025-06-17 10:32:08,285 - INFO - 设备 PM220 处理完成
2025-06-17 10:32:08,285 - INFO - 设备 PM220 测试完成
2025-06-17 10:32:08,285 - INFO - Test case execution finished
