2025-07-09 10:48:16,104 - INFO - Driver initialized, starting test cases
2025-07-09 10:48:19,388 - INFO - 保存接口返回的第1个图片
2025-07-09 10:48:19,869 - INFO - 保存接口返回的第2个图片
2025-07-09 10:48:20,236 - INFO - 保存接口返回的第3个图片
2025-07-09 10:48:20,637 - INFO - 保存接口返回的第4个图片
2025-07-09 10:48:21,042 - INFO - 保存接口返回的第5个图片
2025-07-09 10:48:21,354 - INFO - 保存接口返回的第6个图片
2025-07-09 10:48:21,354 - INFO - 一共6张图片
2025-07-09 10:48:23,835 - INFO - 成功保存截图到：D:\huan\Print_APP\screenshots\app_banner\banner_1752029303.png
2025-07-09 10:48:27,532 - INFO - 图片已经被保存过，跳过。
2025-07-09 10:48:29,010 - INFO - 成功保存截图到：D:\huan\Print_APP\screenshots\app_banner\banner_1752029308.png
2025-07-09 10:48:32,567 - INFO - 图片已经被保存过，跳过。
2025-07-09 10:48:34,065 - INFO - 成功保存截图到：D:\huan\Print_APP\screenshots\app_banner\banner_1752029313.png
2025-07-09 10:48:37,563 - INFO - 图片已经被保存过，跳过。
2025-07-09 10:48:38,966 - INFO - 成功保存截图到：D:\huan\Print_APP\screenshots\app_banner\banner_1752029318.png
2025-07-09 10:48:42,504 - INFO - 图片已经被保存过，跳过。
2025-07-09 10:48:43,748 - INFO - 成功保存截图到：D:\huan\Print_APP\screenshots\app_banner\banner_1752029323.png
2025-07-09 10:48:47,500 - INFO - 图片已经被保存过，跳过。
2025-07-09 10:48:48,867 - INFO - 成功保存截图到：D:\huan\Print_APP\screenshots\app_banner\banner_1752029328.png
2025-07-09 10:48:50,880 - INFO - 共截取并保存了 6 张唯一的banner截图。
2025-07-09 10:48:51,005 - INFO - APP保存的图片与接口返回的图片有95%以上相似，无需手动确认
2025-07-09 10:48:51,110 - INFO - APP保存的图片与接口返回的图片有95%以上相似，无需手动确认
2025-07-09 10:48:51,151 - INFO - APP保存的图片与接口返回的图片有95%以上相似，无需手动确认
2025-07-09 10:48:51,293 - INFO - APP保存的图片与接口返回的图片有95%以上相似，无需手动确认
2025-07-09 10:48:51,431 - INFO - APP保存的图片与接口返回的图片有95%以上相似，无需手动确认
2025-07-09 10:48:51,565 - INFO - APP保存的图片与接口返回的图片有95%以上相似，无需手动确认
2025-07-09 10:48:52,543 - INFO - 点击未连接    =>定位值: ('id', 'com.nelko.printer:id/tv_connect'), 
2025-07-09 10:48:56,555 - INFO - 点击11:FB:AF:F5:6F:52    =>定位值: ('xpath', '//android.widget.TextView[@resource-id="com.nelko.printer:id/tv_ble_address" and @text="11:FB:AF:F5:6F:52"]'), 
2025-07-09 10:49:02,248 - ERROR - 元素 ('id', 'com.nelko.printer:id/tv_connect') 超时未找到
2025-07-09 10:49:02,248 - INFO - 获取位置失败 ('id', 'com.nelko.printer:id/tv_connect'), 点击事件执行失败
2025-07-09 10:49:06,476 - INFO - 点击未连接    =>定位值: ('id', 'com.nelko.printer:id/tv_connect'), 
2025-07-09 10:49:08,631 - INFO - 点击31:9D:6D:1A:51:BF    =>定位值: ('xpath', '//android.widget.TextView[@resource-id="com.nelko.printer:id/tv_ble_address" and @text="31:9D:6D:1A:51:BF"]'), 
2025-07-09 10:49:11,013 - INFO - 点击已连接    =>定位值: ('id', 'com.nelko.printer:id/tv_connect'), 
2025-07-09 10:49:12,548 - INFO - 点击断开连接    =>定位值: ('id', 'com.nelko.printer:id/act_two_inch_bt_disconnect_tv'), 
2025-07-09 10:49:13,154 - INFO - 点击确定    =>定位值: ('id', 'com.nelko.printer:id/tv_sure'), 
2025-07-09 10:49:15,426 - ERROR - 执行返回
2025-07-09 10:49:15,562 - INFO - 点击未连接    =>定位值: ('id', 'com.nelko.printer:id/tv_connect'), 
2025-07-09 10:49:16,865 - INFO - 点击43:2C:42:48:63:5F    =>定位值: ('xpath', '//android.widget.TextView[@resource-id="com.nelko.printer:id/tv_ble_address" and @text="43:2C:42:48:63:5F"]'), 
2025-07-09 10:49:18,754 - INFO - 点击已连接    =>定位值: ('id', 'com.nelko.printer:id/tv_connect'), 
2025-07-09 10:49:20,420 - INFO - 点击断开连接    =>定位值: ('id', 'com.nelko.printer:id/act_two_inch_bt_disconnect_tv'), 
2025-07-09 10:49:21,031 - INFO - 点击确定    =>定位值: ('id', 'com.nelko.printer:id/tv_sure'), 
2025-07-09 10:49:24,156 - ERROR - 执行返回
2025-07-09 10:49:24,156 - INFO - Test case execution finished
