2025-07-09 10:51:00,177 - INFO - Driver initialized, starting test cases
2025-07-09 10:51:00,619 - ERROR - P21
2025-07-09 10:51:03,890 - INFO - 点击P21    =>定位值: ('id', 'com.nelko.printer:id/tv_printer_model'), 
2025-07-09 10:51:05,936 - INFO - 点击P21    =>定位值: ('xpath', '//android.widget.TextView[@resource-id="com.nelko.printer:id/text_device_name" and @text="P21"]'), 
2025-07-09 10:51:06,777 - INFO - 点击确定    =>定位值: ('id', 'com.nelko.printer:id/tv_ok'), 
2025-07-09 10:51:09,077 - INFO - 点击模板    =>定位值: ('xpath', '//android.widget.TextView[@resource-id="com.nelko.printer:id/view_menu_title" and @text="模板"]'), 
2025-07-09 10:51:10,861 - ERROR - P21模板类型在接口但不在APP中: 免费, 学习, 名字, 医疗, 工作, 其他, 祝福, 开关, 零售, 地址, 日常生活, 存储
2025-07-09 10:51:10,861 - INFO - P21完整API模板: ['免费', '存储', '零售', '工作', '学习', '名字', '医疗', '祝福', '开关', '地址', '日常生活', '其他']
2025-07-09 10:51:10,861 - INFO - P21完整APP模板: []
2025-07-09 10:51:11,654 - INFO - 点击全部尺寸    =>定位值: ('id', 'com.nelko.printer:id/text_size'), 
2025-07-09 10:51:14,793 - INFO - P21接口返回尺寸: ['14x40', '30x14', '40x12', '40x14', '40x15', '50x14', '75x14']
2025-07-09 10:51:14,793 - INFO - P21APP展示尺寸: ['14x40', '30x14', '40x12', '40x14', '40x15', '50x14', '75x14']
2025-07-09 10:51:15,684 - ERROR - 执行返回
2025-07-09 10:51:16,041 - INFO - 点击搜索    =>定位值: ('id', 'com.nelko.printer:id/view_et_content'), 
2025-07-09 10:51:17,814 - INFO - 点击请输入搜索内容    =>定位值: ('id', 'com.nelko.printer:id/view_et_content'), 
2025-07-09 10:51:23,349 - INFO - 点击全部尺寸    =>定位值: ('id', 'com.nelko.printer:id/text_size'), 
2025-07-09 10:51:25,517 - INFO - 点击40x14    =>定位值: ('xpath', '//android.widget.CheckBox[@text="40x14"]'), 
2025-07-09 10:51:26,281 - INFO - 点击确定    =>定位值: ('id', 'com.nelko.printer:id/btn_selected'), 
2025-07-09 10:51:28,023 - ERROR - 执行返回
2025-07-09 10:51:30,207 - ERROR - 执行返回
2025-07-09 10:51:31,322 - ERROR - 执行返回
2025-07-09 10:51:31,323 - ERROR - PM220
2025-07-09 10:51:31,538 - INFO - 点击P21    =>定位值: ('id', 'com.nelko.printer:id/tv_printer_model'), 
2025-07-09 10:51:32,826 - INFO - 点击PM220    =>定位值: ('xpath', '//android.widget.TextView[@resource-id="com.nelko.printer:id/text_device_name" and @text="PM220"]'), 
2025-07-09 10:51:33,651 - INFO - 点击确定    =>定位值: ('id', 'com.nelko.printer:id/tv_ok'), 
2025-07-09 10:51:35,218 - INFO - 点击模板    =>定位值: ('xpath', '//android.widget.TextView[@resource-id="com.nelko.printer:id/view_menu_title" and @text="模板"]'), 
2025-07-09 10:51:38,053 - INFO - PM220完整API模板: ['免费', '存储', '零售', '工作', '名片', '学习', '名字', '医疗', '祝福', '条码', '地址', 'DIY', '家居']
2025-07-09 10:51:38,053 - INFO - PM220完整APP模板: ['免费', '存储', '零售', '工作', '名片', '学习', '名字', '医疗', '祝福', '条码', '地址', 'DIY', '家居']
2025-07-09 10:51:38,209 - INFO - 点击全部尺寸    =>定位值: ('id', 'com.nelko.printer:id/text_size'), 
2025-07-09 10:51:41,598 - INFO - PM220接口返回尺寸: ['30x20', '30x40', '30x50', '31x31', '40x30', '40x60', '50x30', '50x50', '50x80', '51x51', '80x50']
2025-07-09 10:51:41,598 - INFO - PM220APP展示尺寸: ['30x20', '30x40', '30x50', '31x31', '40x30', '40x60', '50x30', '50x50', '50x80', '51x51', '80x50']
2025-07-09 10:51:42,504 - ERROR - 执行返回
2025-07-09 10:51:42,795 - INFO - 点击搜索    =>定位值: ('id', 'com.nelko.printer:id/view_et_content'), 
2025-07-09 10:51:44,619 - INFO - 点击请输入搜索内容    =>定位值: ('id', 'com.nelko.printer:id/view_et_content'), 
2025-07-09 10:51:50,903 - INFO - 点击全部尺寸    =>定位值: ('id', 'com.nelko.printer:id/text_size'), 
2025-07-09 10:51:53,058 - INFO - 点击50x30    =>定位值: ('xpath', '//android.widget.CheckBox[@text="50x30"]'), 
2025-07-09 10:51:53,822 - INFO - 点击确定    =>定位值: ('id', 'com.nelko.printer:id/btn_selected'), 
2025-07-09 10:51:55,505 - ERROR - 执行返回
2025-07-09 10:51:56,691 - ERROR - 执行返回
2025-07-09 10:51:58,868 - ERROR - 执行返回
2025-07-09 10:51:58,868 - ERROR - PM230
2025-07-09 10:51:59,000 - INFO - 点击PM220    =>定位值: ('id', 'com.nelko.printer:id/tv_printer_model'), 
2025-07-09 10:52:00,183 - INFO - 点击PM230    =>定位值: ('xpath', '//android.widget.TextView[@resource-id="com.nelko.printer:id/text_device_name" and @text="PM230"]'), 
2025-07-09 10:52:00,996 - INFO - 点击确定    =>定位值: ('id', 'com.nelko.printer:id/tv_ok'), 
2025-07-09 10:52:02,448 - INFO - 点击模板    =>定位值: ('xpath', '//android.widget.TextView[@resource-id="com.nelko.printer:id/view_menu_title" and @text="模板"]'), 
2025-07-09 10:52:04,908 - INFO - PM230完整API模板: ['免费', '存储', '零售', '工作', '名片', '待办清单', '艺术', '学习', '自然植物', '食物']
2025-07-09 10:52:04,908 - INFO - PM230完整APP模板: ['免费', '存储', '零售', '工作', '名片', '待办清单', '艺术', '学习', '自然植物', '食物']
2025-07-09 10:52:05,101 - INFO - 点击全部尺寸    =>定位值: ('id', 'com.nelko.printer:id/text_size'), 
2025-07-09 10:52:09,109 - ERROR - PM230接口返回但APP未展示的尺寸: 54x87, 64x54, 54x90, 86x54, 80x54
2025-07-09 10:52:09,110 - INFO - PM230接口返回尺寸: ['100x54', '110x54', '115x54', '120x54', '130x54', '54x104', '54x110', '54x166', '54x24', '54x31', '54x35', '54x36', '54x37', '54x38', '54x41', '54x45', '54x47', '54x50', '54x52', '54x54', '54x56', '54x58', '54x60', '54x62', '54x64', '54x67', '54x68', '54x70', '54x73', '54x74', '54x75', '54x76', '54x77', '54x79', '54x80', '54x85', '54x87', '54x90', '64x54', '80x54', '86x54']
2025-07-09 10:52:09,110 - INFO - PM230APP展示尺寸: ['100x54', '110x54', '115x54', '120x54', '130x54', '54x104', '54x110', '54x166', '54x24', '54x31', '54x35', '54x36', '54x37', '54x38', '54x41', '54x45', '54x47', '54x50', '54x52', '54x54', '54x56', '54x58', '54x60', '54x62', '54x64', '54x67', '54x68', '54x70', '54x73', '54x74', '54x75', '54x76', '54x77', '54x79', '54x80', '54x85']
2025-07-09 10:52:10,361 - ERROR - 执行返回
2025-07-09 10:52:10,650 - INFO - 点击搜索    =>定位值: ('id', 'com.nelko.printer:id/view_et_content'), 
2025-07-09 10:52:12,448 - INFO - 点击请输入搜索内容    =>定位值: ('id', 'com.nelko.printer:id/view_et_content'), 
2025-07-09 10:52:19,191 - INFO - 点击全部尺寸    =>定位值: ('id', 'com.nelko.printer:id/text_size'), 
2025-07-09 10:52:21,903 - INFO - 点击54x50    =>定位值: ('xpath', '//android.widget.CheckBox[@text="54x50"]'), 
2025-07-09 10:52:28,858 - ERROR - 元素 ('id', 'com.nelko.printer:id/btn_selected') 超时未找到
2025-07-09 10:52:28,858 - INFO - 获取位置失败 ('id', 'com.nelko.printer:id/btn_selected'), 点击事件执行失败
2025-07-09 10:52:28,858 - ERROR - 测试失败: 获取位置失败 ('id', 'com.nelko.printer:id/btn_selected'), 点击事件执行失败
2025-07-09 10:52:28,860 - INFO - Test case execution finished
