2025-06-17 10:21:50,402 - INFO - Driver initialized, starting test cases
2025-06-17 10:21:50,807 - INFO - 开始测试设备: P21
2025-06-17 10:21:50,807 - INFO - 开始处理设备: P21
2025-06-17 10:21:50,807 - INFO - 正在选择设备: P21
2025-06-17 10:21:54,284 - ERROR - 点击P21    =>定位值: com.nelko.printer:id/tv_printer_model, 
2025-06-17 10:21:55,418 - ERROR - 点击P21    =>定位值: //android.widget.TextView[@resource-id="com.nelko.printer:id/text_device_name" and @text="P21"], 
2025-06-17 10:21:56,421 - ERROR - 点击确定    =>定位值: com.nelko.printer:id/tv_ok, 
2025-06-17 10:21:56,475 - INFO - 设备 P21 选择完成
2025-06-17 10:22:02,043 - ERROR - 元素 ('xpath', '//android.widget.TextView[@resource-id="com.nelko.printer:id/view_menu_title" and @text="AI打印"]') 超时未找到
2025-06-17 10:22:02,043 - ERROR - 获取位置失败 //android.widget.TextView[@resource-id="com.nelko.printer:id/view_menu_title" and @text="AI打印"], 点击事件执行失败
2025-06-17 10:22:02,045 - INFO - 开始测试设备: P31S
2025-06-17 10:22:02,045 - INFO - 开始处理设备: P31S
2025-06-17 10:22:02,045 - INFO - 正在选择设备: P31S
2025-06-17 10:22:02,133 - ERROR - 点击P21    =>定位值: com.nelko.printer:id/tv_printer_model, 
2025-06-17 10:22:03,240 - ERROR - 点击P31S    =>定位值: //android.widget.TextView[@resource-id="com.nelko.printer:id/text_device_name" and @text="P31S"], 
2025-06-17 10:22:04,482 - ERROR - 点击确定    =>定位值: com.nelko.printer:id/tv_ok, 
2025-06-17 10:22:04,542 - INFO - 设备 P31S 选择完成
2025-06-17 10:22:10,131 - ERROR - 元素 ('xpath', '//android.widget.TextView[@resource-id="com.nelko.printer:id/view_menu_title" and @text="AI打印"]') 超时未找到
2025-06-17 10:22:10,131 - ERROR - 获取位置失败 //android.widget.TextView[@resource-id="com.nelko.printer:id/view_menu_title" and @text="AI打印"], 点击事件执行失败
2025-06-17 10:22:10,132 - INFO - 开始测试设备: PM220
2025-06-17 10:22:10,132 - INFO - 开始处理设备: PM220
2025-06-17 10:22:10,132 - INFO - 正在选择设备: PM220
2025-06-17 10:22:10,934 - ERROR - 点击P31S    =>定位值: com.nelko.printer:id/tv_printer_model, 
