2025-07-16 14:08:48,059 - INFO - Driver initialized, starting test cases
2025-07-16 14:08:51,725 - INFO - 成功保存第1张图片: 32025070710124600011506.jpg
2025-07-16 14:08:52,238 - INFO - 成功保存截图到：D:\huan\Print_APP\screenshots\app_banner\banner_1752646132.png
2025-07-16 14:08:52,423 - INFO - 成功保存第2张图片: 32025061009383600015014.jpg
2025-07-16 14:08:52,759 - INFO - 成功保存第3张图片: 32025061216075200014766.jpg
2025-07-16 14:08:53,132 - INFO - 成功保存第4张图片: 32025061216081500017524.jpg
2025-07-16 14:08:53,613 - INFO - 成功保存第5张图片: 32025061216084500012882.jpg
2025-07-16 14:08:53,613 - INFO - 图片处理完成，共尝试下载5张，成功5张
2025-07-16 14:08:55,655 - INFO - 成功保存截图到：D:\huan\Print_APP\screenshots\app_banner\banner_1752646135.png
2025-07-16 14:08:59,451 - INFO - 成功保存截图到：D:\huan\Print_APP\screenshots\app_banner\banner_1752646139.png
2025-07-16 14:09:03,302 - INFO - 图片已经被保存过，跳过。
2025-07-16 14:09:04,473 - INFO - 成功保存截图到：D:\huan\Print_APP\screenshots\app_banner\banner_1752646144.png
2025-07-16 14:09:08,272 - INFO - 图片已经被保存过，跳过。
2025-07-16 14:09:09,898 - INFO - 成功保存截图到：D:\huan\Print_APP\screenshots\app_banner\banner_1752646149.png
2025-07-16 14:09:11,912 - INFO - 共截取并保存了 5 张唯一的banner截图。
2025-07-16 14:09:12,070 - INFO - APP保存的图片与接口返回的图片有95%以上相似，无需手动确认
2025-07-16 14:09:12,090 - INFO - APP保存的图片与接口返回的图片有95%以上相似，无需手动确认
2025-07-16 14:09:12,217 - INFO - APP保存的图片与接口返回的图片有95%以上相似，无需手动确认
2025-07-16 14:09:12,332 - INFO - APP保存的图片与接口返回的图片有95%以上相似，无需手动确认
2025-07-16 14:09:12,369 - INFO - APP保存的图片与接口返回的图片存在不相似，需要手动确认
2025-07-16 14:09:12,370 - INFO - Test case execution finished
