2025-06-17 10:06:01,157 - INFO - Driver initialized, starting test cases
2025-06-17 10:06:01,157 - INFO - Driver initialized, starting test cases
2025-06-17 10:06:01,215 - INFO - Template 初始化完成
2025-06-17 10:06:01,215 - INFO - Template 初始化完成
2025-06-17 10:06:01,553 - INFO - P21
2025-06-17 10:06:01,553 - INFO - P21
2025-06-17 10:06:04,835 - INFO - 点击PM230    =>定位值: com.nelko.printer:id/tv_printer_model, 
2025-06-17 10:06:04,835 - INFO - 点击PM230    =>定位值: com.nelko.printer:id/tv_printer_model, 
2025-06-17 10:06:09,903 - INFO - 元素 ('xpath', '//android.widget.TextView[@resource-id="com.nelko.printer:id/text_device_name" and @text="P21"]') 超时未找到
2025-06-17 10:06:09,903 - INFO - 元素 ('xpath', '//android.widget.TextView[@resource-id="com.nelko.printer:id/text_device_name" and @text="P21"]') 超时未找到
2025-06-17 10:06:09,909 - ERROR - 获取位置失败 //android.widget.TextView[@resource-id="com.nelko.printer:id/text_device_name" and @text="P21"], 点击事件执行失败
2025-06-17 10:06:09,909 - ERROR - 获取位置失败 //android.widget.TextView[@resource-id="com.nelko.printer:id/text_device_name" and @text="P21"], 点击事件执行失败
2025-06-17 10:06:09,909 - ERROR - 测试失败: 获取位置失败 //android.widget.TextView[@resource-id="com.nelko.printer:id/text_device_name" and @text="P21"], 点击事件执行失败
2025-06-17 10:06:09,909 - ERROR - 测试失败: 获取位置失败 //android.widget.TextView[@resource-id="com.nelko.printer:id/text_device_name" and @text="P21"], 点击事件执行失败
2025-06-17 10:06:09,916 - INFO - PM220
2025-06-17 10:06:09,916 - INFO - PM220
2025-06-17 10:06:15,282 - INFO - 元素 ('id', 'com.nelko.printer:id/tv_printer_model') 超时未找到
2025-06-17 10:06:15,282 - INFO - 元素 ('id', 'com.nelko.printer:id/tv_printer_model') 超时未找到
2025-06-17 10:06:15,282 - ERROR - 获取位置失败 com.nelko.printer:id/tv_printer_model, 点击事件执行失败
2025-06-17 10:06:15,282 - ERROR - 获取位置失败 com.nelko.printer:id/tv_printer_model, 点击事件执行失败
2025-06-17 10:06:15,283 - ERROR - 测试失败: 获取位置失败 com.nelko.printer:id/tv_printer_model, 点击事件执行失败
2025-06-17 10:06:15,283 - ERROR - 测试失败: 获取位置失败 com.nelko.printer:id/tv_printer_model, 点击事件执行失败
2025-06-17 10:06:15,284 - INFO - PM230
2025-06-17 10:06:15,284 - INFO - PM230
