2025-07-14 16:52:07,230 - INFO - Driver initialized, starting test cases
2025-07-14 16:52:07,693 - INFO - 开始测试设备: P21
2025-07-14 16:52:07,693 - INFO - 开始处理设备: P21
2025-07-14 16:52:07,693 - INFO - 正在选择设备: P21
2025-07-14 16:52:11,030 - INFO - 点击P21    =>定位值: ('id', 'com.nelko.printer:id/tv_printer_model'), 
2025-07-14 16:52:12,262 - INFO - 点击P21    =>定位值: ('xpath', '//android.widget.TextView[@resource-id="com.nelko.printer:id/text_device_name" and @text="P21"]'), 
2025-07-14 16:52:13,088 - INFO - 点击确定    =>定位值: ('id', 'com.nelko.printer:id/tv_ok'), 
2025-07-14 16:52:13,134 - INFO - 设备 P21 选择完成
2025-07-14 16:52:14,719 - INFO - 点击AI图库    =>定位值: ('xpath', '//android.widget.TextView[@resource-id="com.nelko.printer:id/view_menu_title" and @text="AI图库"]'), 
2025-07-14 16:52:18,151 - INFO - 点击AI图库    =>定位值: ('xpath', '//android.widget.TextView[@text="AI图库"]'), 
2025-07-14 16:52:20,227 - INFO - 完整API模板: ['黑白', '动物', '特色', '饮料', '节日', '食物', '日记', '自然', '运动', '旅行']
2025-07-14 16:52:20,227 - INFO - 完整APP模板: ['黑白', '动物', '特色', '饮料', '节日', '食物', '日记', '自然', '运动', '旅行']
2025-07-14 16:52:21,939 - ERROR - 执行返回
2025-07-14 16:52:21,939 - INFO - 设备 P21 处理完成
2025-07-14 16:52:21,939 - INFO - 设备 P21 测试完成
2025-07-14 16:52:21,939 - INFO - 开始测试设备: P31S
2025-07-14 16:52:21,939 - INFO - 开始处理设备: P31S
2025-07-14 16:52:21,939 - INFO - 正在选择设备: P31S
2025-07-14 16:52:22,680 - INFO - 点击P21    =>定位值: ('id', 'com.nelko.printer:id/tv_printer_model'), 
2025-07-14 16:52:23,936 - INFO - 点击P31S    =>定位值: ('xpath', '//android.widget.TextView[@resource-id="com.nelko.printer:id/text_device_name" and @text="P31S"]'), 
2025-07-14 16:52:24,747 - INFO - 点击确定    =>定位值: ('id', 'com.nelko.printer:id/tv_ok'), 
2025-07-14 16:52:24,784 - INFO - 设备 P31S 选择完成
2025-07-14 16:52:30,153 - ERROR - 元素 ('xpath', '//android.widget.TextView[@resource-id="com.nelko.printer:id/view_menu_title" and @text="AI打印"]') 超时未找到
2025-07-14 16:52:30,153 - INFO - 获取位置失败 ('xpath', '//android.widget.TextView[@resource-id="com.nelko.printer:id/view_menu_title" and @text="AI打印"]'), 点击事件执行失败
2025-07-14 16:52:30,154 - INFO - 开始测试设备: PM220
2025-07-14 16:52:30,155 - INFO - 开始处理设备: PM220
2025-07-14 16:52:30,155 - INFO - 正在选择设备: PM220
2025-07-14 16:52:31,588 - INFO - 点击P31S    =>定位值: ('id', 'com.nelko.printer:id/tv_printer_model'), 
2025-07-14 16:52:32,957 - INFO - 点击PM220    =>定位值: ('xpath', '//android.widget.TextView[@resource-id="com.nelko.printer:id/text_device_name" and @text="PM220"]'), 
2025-07-14 16:52:33,763 - INFO - 点击确定    =>定位值: ('id', 'com.nelko.printer:id/tv_ok'), 
2025-07-14 16:52:33,811 - INFO - 设备 PM220 选择完成
2025-07-14 16:52:35,938 - INFO - 点击AI打印    =>定位值: ('xpath', '//android.widget.TextView[@resource-id="com.nelko.printer:id/view_menu_title" and @text="AI打印"]'), 
2025-07-14 16:52:36,828 - INFO - 点击AI图库    =>定位值: ('xpath', '//android.widget.TextView[@text="AI图库"]'), 
2025-07-14 16:52:42,028 - INFO - 完整API模板: ['黑白', '动物', '特色', '饮料', '节日', '食物', '日记', '自然', '运动', '旅行']
2025-07-14 16:52:42,028 - INFO - 完整APP模板: ['黑白', '动物', '特色', '饮料', '节日', '食物', '日记', '自然', '运动', '旅行']
2025-07-14 16:52:43,636 - ERROR - 执行返回
2025-07-14 16:52:43,636 - INFO - 设备 PM220 处理完成
2025-07-14 16:52:43,636 - INFO - 设备 PM220 测试完成
2025-07-14 16:52:48,966 - ERROR - 元素 ('xpath', '//androidx.recyclerview.widget.RecyclerView[@resource-id="com.nelko.printer:id/act_ai_category_rcv"]') 超时未找到
2025-07-14 16:52:48,966 - INFO - 执行第二个测试用例
2025-07-14 16:52:48,967 - INFO - Test case execution finished
