2025-04-29 14:22:01,072 - INFO - 测试开始 - 设备: a12b830d, 版本: 11
2025-04-29 14:22:16,626 - INFO - 开始测试设备: P21
2025-04-29 14:22:16,626 - INFO - 开始处理设备: P21
2025-04-29 14:22:16,626 - INFO - 正在选择设备: P21
2025-04-29 14:22:16,801 - INFO - 点击P21    =>定位值: com.nelko.printer:id/tv_printer_model, 
2025-04-29 14:22:18,164 - INFO - 点击P21    =>定位值: //android.widget.TextView[@resource-id="com.nelko.printer:id/text_device_name" and @text="P21"], 
2025-04-29 14:22:18,936 - INFO - 点击确定    =>定位值: com.nelko.printer:id/tv_ok, 
2025-04-29 14:22:18,991 - INFO - 设备 P21 选择完成
2025-04-29 14:22:20,566 - INFO - 点击AI打印    =>定位值: //android.widget.TextView[@resource-id="com.nelko.printer:id/view_menu_title" and @text="AI打印"], 
2025-04-29 14:22:21,389 - INFO - 点击AI图库    =>定位值: //android.widget.TextView[@text="AI图库"], 
2025-04-29 14:22:24,570 - INFO - P21完整API模板: ['黑白', '动物', '特色', '饮料', '节日', '食物', '日记', '自然', '运动', '旅行']
2025-04-29 14:22:24,570 - INFO - P21完整APP模板: ['黑白', '动物', '特色', '饮料', '节日', '食物', '日记', '自然', '运动', '旅行']
2025-04-29 14:22:24,908 - INFO - 点击收藏    =>定位值: //android.widget.TextView[@text="收藏"], 
2025-04-29 14:22:40,801 - INFO - 点击全部    =>定位值: //android.widget.TextView[@text="全部"], 
2025-04-29 14:22:42,180 - INFO - 点击[无可见文本]    =>定位值: (//android.widget.ImageView[@resource-id="com.nelko.printer:id/item_aigallery_image"])[1], 
2025-04-29 14:22:43,551 - INFO - 点击644    =>定位值: com.nelko.printer:id/act_ai_detail_cv_tv, 
2025-04-29 14:22:43,949 - INFO - 执行返回
2025-04-29 14:22:45,116 - INFO - 执行返回
2025-04-29 14:22:45,625 - INFO - 设备 P21 处理完成
2025-04-29 14:22:45,625 - INFO - 设备 P21 测试完成
2025-04-29 14:22:45,625 - INFO - 开始测试设备: P31S
2025-04-29 14:22:45,625 - INFO - 开始处理设备: P31S
2025-04-29 14:22:45,625 - INFO - 正在选择设备: P31S
