2025-06-17 10:39:15,314 - INFO - Driver initialized, starting test cases
2025-06-17 10:39:15,747 - INFO - P21
2025-06-17 10:39:19,025 - INFO - 点击PM230    =>定位值: ('id', 'com.nelko.printer:id/tv_printer_model'), 
2025-06-17 10:39:20,539 - INFO - 点击P21    =>定位值: ('xpath', '//android.widget.TextView[@resource-id="com.nelko.printer:id/text_device_name" and @text="P21"]'), 
2025-06-17 10:39:21,269 - INFO - 点击确定    =>定位值: ('id', 'com.nelko.printer:id/tv_ok'), 
2025-06-17 10:39:23,083 - INFO - 点击模板    =>定位值: ('xpath', '//android.widget.TextView[@resource-id="com.nelko.printer:id/view_menu_title" and @text="模板"]'), 
2025-06-17 10:39:24,717 - INFO - P21完整API模板: ['存储', '零售', '工作', '学习', '名字', '医疗', '祝福', '开关', '地址', '日常生活', '其他']
2025-06-17 10:39:24,717 - INFO - P21完整APP模板: ['存储', '零售', '工作', '学习', '名字', '医疗', '祝福', '开关', '地址', '日常生活', '其他']
2025-06-17 10:39:24,800 - INFO - 点击全部尺寸    =>定位值: ('id', 'com.nelko.printer:id/text_size'), 
2025-06-17 10:39:27,590 - INFO - P21接口返回尺寸: ['14x40', '30x14', '40x12', '40x14', '40x15', '50x14', '75x14']
2025-06-17 10:39:27,590 - INFO - P21APP展示尺寸: ['14x40', '30x14', '40x12', '40x14', '40x15', '50x14', '75x14']
2025-06-17 10:39:28,474 - ERROR - 执行返回
2025-06-17 10:39:28,792 - INFO - 点击搜索    =>定位值: ('id', 'com.nelko.printer:id/view_et_content'), 
2025-06-17 10:39:29,960 - INFO - 点击请输入搜索内容    =>定位值: ('id', 'com.nelko.printer:id/view_et_content'), 
2025-06-17 10:39:34,916 - INFO - 点击全部尺寸    =>定位值: ('id', 'com.nelko.printer:id/text_size'), 
2025-06-17 10:39:36,233 - INFO - 点击40x14    =>定位值: ('xpath', '//android.widget.CheckBox[@text="40x14"]'), 
2025-06-17 10:39:37,057 - INFO - 点击确定    =>定位值: ('id', 'com.nelko.printer:id/btn_selected'), 
2025-06-17 10:39:39,769 - ERROR - 执行返回
2025-06-17 10:39:40,975 - ERROR - 执行返回
2025-06-17 10:39:42,652 - ERROR - 执行返回
2025-06-17 10:39:42,652 - INFO - PM220
2025-06-17 10:39:43,015 - INFO - 点击P21    =>定位值: ('id', 'com.nelko.printer:id/tv_printer_model'), 
2025-06-17 10:39:44,323 - INFO - 点击PM220    =>定位值: ('xpath', '//android.widget.TextView[@resource-id="com.nelko.printer:id/text_device_name" and @text="PM220"]'), 
2025-06-17 10:39:45,142 - INFO - 点击确定    =>定位值: ('id', 'com.nelko.printer:id/tv_ok'), 
2025-06-17 10:39:47,324 - INFO - 点击模板    =>定位值: ('xpath', '//android.widget.TextView[@resource-id="com.nelko.printer:id/view_menu_title" and @text="模板"]'), 
2025-06-17 10:39:49,626 - INFO - PM220完整API模板: ['存储', '零售', '工作', '名片', '学习', '名字', '医疗', '祝福', '条码', '地址', 'DIY', '家居']
2025-06-17 10:39:49,626 - INFO - PM220完整APP模板: ['存储', '零售', '工作', '名片', '学习', '名字', '医疗', '祝福', '条码', '地址', 'DIY', '家居']
2025-06-17 10:39:49,857 - INFO - 点击全部尺寸    =>定位值: ('id', 'com.nelko.printer:id/text_size'), 
2025-06-17 10:39:52,667 - INFO - PM220接口返回尺寸: ['30x20', '30x40', '30x50', '31x31', '40x30', '40x60', '50x30', '50x50', '50x80', '51x51', '80x50']
2025-06-17 10:39:52,667 - INFO - PM220APP展示尺寸: ['30x20', '30x40', '30x50', '31x31', '40x30', '40x60', '50x30', '50x50', '50x80', '51x51', '80x50']
2025-06-17 10:39:53,553 - ERROR - 执行返回
2025-06-17 10:39:53,841 - INFO - 点击搜索    =>定位值: ('id', 'com.nelko.printer:id/view_et_content'), 
2025-06-17 10:39:54,986 - INFO - 点击请输入搜索内容    =>定位值: ('id', 'com.nelko.printer:id/view_et_content'), 
2025-06-17 10:40:00,688 - INFO - 点击全部尺寸    =>定位值: ('id', 'com.nelko.printer:id/text_size'), 
2025-06-17 10:40:02,115 - INFO - 点击80x50    =>定位值: ('xpath', '//android.widget.CheckBox[@text="80x50"]'), 
2025-06-17 10:40:02,885 - INFO - 点击确定    =>定位值: ('id', 'com.nelko.printer:id/btn_selected'), 
2025-06-17 10:40:04,631 - ERROR - 执行返回
2025-06-17 10:40:05,813 - ERROR - 执行返回
2025-06-17 10:40:07,009 - ERROR - 执行返回
2025-06-17 10:40:07,009 - INFO - PM230
2025-06-17 10:40:07,180 - INFO - 点击PM220    =>定位值: ('id', 'com.nelko.printer:id/tv_printer_model'), 
2025-06-17 10:40:08,448 - INFO - 点击PM230    =>定位值: ('xpath', '//android.widget.TextView[@resource-id="com.nelko.printer:id/text_device_name" and @text="PM230"]'), 
2025-06-17 10:40:09,226 - INFO - 点击确定    =>定位值: ('id', 'com.nelko.printer:id/tv_ok'), 
2025-06-17 10:40:10,699 - INFO - 点击模板    =>定位值: ('xpath', '//android.widget.TextView[@resource-id="com.nelko.printer:id/view_menu_title" and @text="模板"]'), 
2025-06-17 10:40:13,640 - INFO - PM230完整API模板: ['存储', '零售', '工作', '名片', '待办清单', '艺术', '学习', '自然植物', '食物']
2025-06-17 10:40:13,640 - INFO - PM230完整APP模板: ['存储', '零售', '工作', '名片', '待办清单', '艺术', '学习', '自然植物', '食物']
2025-06-17 10:40:13,796 - INFO - 点击全部尺寸    =>定位值: ('id', 'com.nelko.printer:id/text_size'), 
2025-06-17 10:40:17,232 - ERROR - PM230接口返回但APP未展示的尺寸: 80x54, 64x54, 54x85, 54x90, 86x54, 54x87
2025-06-17 10:40:17,232 - INFO - PM230接口返回尺寸: ['100x54', '110x54', '115x54', '120x54', '130x54', '54x104', '54x110', '54x166', '54x24', '54x31', '54x35', '54x36', '54x37', '54x38', '54x41', '54x46', '54x47', '54x48', '54x50', '54x52', '54x54', '54x56', '54x58', '54x60', '54x62', '54x64', '54x67', '54x68', '54x70', '54x73', '54x74', '54x75', '54x76', '54x77', '54x79', '54x80', '54x85', '54x87', '54x90', '64x54', '80x54', '86x54']
2025-06-17 10:40:17,232 - INFO - PM230APP展示尺寸: ['100x54', '110x54', '115x54', '120x54', '130x54', '54x104', '54x110', '54x166', '54x24', '54x31', '54x35', '54x36', '54x37', '54x38', '54x41', '54x46', '54x47', '54x48', '54x50', '54x52', '54x54', '54x56', '54x58', '54x60', '54x62', '54x64', '54x67', '54x68', '54x70', '54x73', '54x74', '54x75', '54x76', '54x77', '54x79', '54x80']
2025-06-17 10:40:18,131 - ERROR - 执行返回
2025-06-17 10:40:18,372 - INFO - 点击搜索    =>定位值: ('id', 'com.nelko.printer:id/view_et_content'), 
2025-06-17 10:40:19,524 - INFO - 点击请输入搜索内容    =>定位值: ('id', 'com.nelko.printer:id/view_et_content'), 
2025-06-17 10:40:25,063 - INFO - 点击全部尺寸    =>定位值: ('id', 'com.nelko.printer:id/text_size'), 
2025-06-17 10:40:30,493 - ERROR - 元素 ('xpath', '//android.widget.CheckBox[@text="64x54"]') 超时未找到
2025-06-17 10:40:30,493 - INFO - 获取位置失败 ('xpath', '//android.widget.CheckBox[@text="64x54"]'), 点击事件执行失败
2025-06-17 10:40:30,493 - ERROR - 测试失败: 获取位置失败 ('xpath', '//android.widget.CheckBox[@text="64x54"]'), 点击事件执行失败
2025-06-17 10:40:30,495 - INFO - Test case execution finished
