2025-06-09 16:34:17,778 - INFO - 测试开始 - 设备: 6ebb6b77, 版本: 12
2025-06-09 16:34:33,292 - INFO - P21
2025-06-09 16:34:34,514 - INFO - 点击PM230    =>定位值: com.nelko.printer:id/tv_printer_model, 
2025-06-09 16:34:41,253 - INFO - 点击P21    =>定位值: //android.widget.TextView[@resource-id="com.nelko.printer:id/text_device_name" and @text="P21"], 
2025-06-09 16:34:42,143 - INFO - 点击确定    =>定位值: com.nelko.printer:id/tv_ok, 
2025-06-09 16:34:44,188 - INFO - 点击模板    =>定位值: //android.widget.TextView[@resource-id="com.nelko.printer:id/view_menu_title" and @text="模板"], 
2025-06-09 16:34:46,118 - INFO - P21完整API模板: ['存储', '零售', '工作', '学习', '名字', '医疗', '祝福', '开关', '地址', '日常生活', '其他']
2025-06-09 16:34:46,123 - INFO - P21完整APP模板: ['存储', '零售', '工作', '学习', '名字', '医疗', '祝福', '开关', '地址', '日常生活', '其他']
2025-06-09 16:34:46,517 - INFO - 点击全部尺寸    =>定位值: com.nelko.printer:id/text_size, 
2025-06-09 16:34:49,333 - INFO - P21接口返回尺寸: ['14x40', '30x14', '40x12', '40x14', '40x15', '50x14', '75x14']
2025-06-09 16:34:49,333 - INFO - P21APP展示尺寸: ['14x40', '30x14', '40x12', '40x14', '40x15', '50x14', '75x14']
2025-06-09 16:34:50,381 - INFO - 执行返回
2025-06-09 16:34:51,111 - INFO - 点击搜索    =>定位值: com.nelko.printer:id/view_et_content, 
2025-06-09 16:34:52,683 - INFO - 点击请输入搜索内容    =>定位值: com.nelko.printer:id/view_et_content, 
2025-06-09 16:34:58,960 - INFO - 点击全部尺寸    =>定位值: com.nelko.printer:id/text_size, 
2025-06-09 16:35:00,417 - INFO - 点击40x14    =>定位值: //android.widget.CheckBox[@text="40x14"], 
2025-06-09 16:35:01,388 - INFO - 点击确定    =>定位值: com.nelko.printer:id/btn_selected, 
2025-06-09 16:35:03,149 - INFO - 执行返回
2025-06-09 16:35:04,480 - INFO - 执行返回
2025-06-09 16:35:05,862 - INFO - 执行返回
2025-06-09 16:35:05,862 - INFO - PM220
2025-06-09 16:35:06,112 - INFO - 点击P21    =>定位值: com.nelko.printer:id/tv_printer_model, 
2025-06-09 16:35:07,469 - INFO - 点击PM220    =>定位值: //android.widget.TextView[@resource-id="com.nelko.printer:id/text_device_name" and @text="PM220"], 
2025-06-09 16:35:08,444 - INFO - 点击确定    =>定位值: com.nelko.printer:id/tv_ok, 
2025-06-09 16:35:10,202 - INFO - 点击模板    =>定位值: //android.widget.TextView[@resource-id="com.nelko.printer:id/view_menu_title" and @text="模板"], 
2025-06-09 16:35:12,654 - INFO - PM220完整API模板: ['存储', '零售', '工作', '名片', '学习', '名字', '医疗', '祝福', '条码', '地址', 'DIY', '家居']
2025-06-09 16:35:12,655 - INFO - PM220完整APP模板: ['存储', '零售', '工作', '名片', '学习', '名字', '医疗', '祝福', '条码', '地址', 'DIY', '家居']
2025-06-09 16:35:12,816 - INFO - 点击全部尺寸    =>定位值: com.nelko.printer:id/text_size, 
2025-06-09 16:35:16,534 - INFO - PM220接口返回尺寸: ['30x20', '30x40', '30x50', '31x31', '40x30', '40x60', '50x30', '50x50', '50x80', '51x51', '80x50']
2025-06-09 16:35:16,534 - INFO - PM220APP展示尺寸: ['30x20', '30x40', '30x50', '31x31', '40x30', '40x60', '50x30', '50x50', '50x80', '51x51', '80x50']
2025-06-09 16:35:17,769 - INFO - 执行返回
2025-06-09 16:35:18,191 - INFO - 点击搜索    =>定位值: com.nelko.printer:id/view_et_content, 
2025-06-09 16:35:19,699 - INFO - 点击请输入搜索内容    =>定位值: com.nelko.printer:id/view_et_content, 
2025-06-09 16:35:24,263 - INFO - 点击全部尺寸    =>定位值: com.nelko.printer:id/text_size, 
2025-06-09 16:35:25,898 - INFO - 点击80x50    =>定位值: //android.widget.CheckBox[@text="80x50"], 
2025-06-09 16:35:26,954 - INFO - 点击确定    =>定位值: com.nelko.printer:id/btn_selected, 
