2025-06-09 16:35:40,956 - INFO - 测试开始 - 设备: R5CT31Y438P , 版本: 14
2025-06-09 16:35:56,228 - INFO - 开始测试设备: P21
2025-06-09 16:35:56,228 - INFO - 开始处理设备: P21
2025-06-09 16:35:56,228 - INFO - 正在选择设备: P21
2025-06-09 16:35:56,357 - INFO - 点击PM220    =>定位值: com.nelko.printer:id/tv_printer_model, 
2025-06-09 16:36:01,590 - INFO - 点击P21    =>定位值: //android.widget.TextView[@resource-id="com.nelko.printer:id/text_device_name" and @text="P21"], 
2025-06-09 16:36:02,408 - INFO - 点击确定    =>定位值: com.nelko.printer:id/tv_ok, 
2025-06-09 16:36:02,497 - INFO - 设备 P21 选择完成
2025-06-09 16:36:04,662 - INFO - 点击AI打印    =>定位值: //android.widget.TextView[@resource-id="com.nelko.printer:id/view_menu_title" and @text="AI打印"], 
2025-06-09 16:36:06,139 - INFO - 点击AI图库    =>定位值: //android.widget.TextView[@text="AI图库"], 
2025-06-09 16:36:10,474 - INFO - 完整API模板: ['黑白', '动物', '特色', '饮料', '节日', '食物', '日记', '自然', '运动', '旅行']
2025-06-09 16:36:10,474 - INFO - 完整APP模板: ['黑白', '动物', '特色', '饮料', '节日', '食物', '日记', '自然', '运动', '旅行']
2025-06-09 16:36:11,594 - INFO - 执行返回
2025-06-09 16:36:12,622 - INFO - 执行返回
2025-06-09 16:36:12,622 - INFO - 设备 P21 处理完成
2025-06-09 16:36:12,622 - INFO - 设备 P21 测试完成
2025-06-09 16:36:12,622 - INFO - 开始测试设备: P31S
2025-06-09 16:36:12,622 - INFO - 开始处理设备: P31S
2025-06-09 16:36:12,622 - INFO - 正在选择设备: P31S
2025-06-09 16:36:12,884 - INFO - 点击P21    =>定位值: com.nelko.printer:id/tv_printer_model, 
2025-06-09 16:36:14,443 - INFO - 点击P31S    =>定位值: //android.widget.TextView[@resource-id="com.nelko.printer:id/text_device_name" and @text="P31S"], 
2025-06-09 16:36:15,471 - INFO - 点击确定    =>定位值: com.nelko.printer:id/tv_ok, 
2025-06-09 16:36:15,592 - INFO - 设备 P31S 选择完成
2025-06-09 16:36:17,317 - INFO - 点击AI打印    =>定位值: //android.widget.TextView[@resource-id="com.nelko.printer:id/view_menu_title" and @text="AI打印"], 
2025-06-09 16:36:18,760 - INFO - 点击AI图库    =>定位值: //android.widget.TextView[@text="AI图库"], 
2025-06-09 16:36:23,051 - INFO - 完整API模板: ['黑白', '动物', '特色', '饮料', '节日', '食物', '日记', '自然', '运动', '旅行']
2025-06-09 16:36:23,051 - INFO - 完整APP模板: ['黑白', '动物', '特色', '饮料', '节日', '食物', '日记', '自然', '运动', '旅行']
2025-06-09 16:36:24,101 - INFO - 执行返回
2025-06-09 16:36:25,161 - INFO - 执行返回
2025-06-09 16:36:25,161 - INFO - 设备 P31S 处理完成
2025-06-09 16:36:25,161 - INFO - 设备 P31S 测试完成
2025-06-09 16:36:25,161 - INFO - 开始测试设备: PM220
2025-06-09 16:36:25,161 - INFO - 开始处理设备: PM220
2025-06-09 16:36:25,161 - INFO - 正在选择设备: PM220
2025-06-09 16:36:25,359 - INFO - 点击P31S    =>定位值: com.nelko.printer:id/tv_printer_model, 
2025-06-09 16:36:26,862 - INFO - 点击PM220    =>定位值: //android.widget.TextView[@resource-id="com.nelko.printer:id/text_device_name" and @text="PM220"], 
2025-06-09 16:36:27,871 - INFO - 点击确定    =>定位值: com.nelko.printer:id/tv_ok, 
2025-06-09 16:36:27,985 - INFO - 设备 PM220 选择完成
2025-06-09 16:36:29,665 - INFO - 点击AI打印    =>定位值: //android.widget.TextView[@resource-id="com.nelko.printer:id/view_menu_title" and @text="AI打印"], 
2025-06-09 16:36:31,240 - INFO - 点击AI图库    =>定位值: //android.widget.TextView[@text="AI图库"], 
2025-06-09 16:36:35,410 - INFO - 完整API模板: ['黑白', '动物', '特色', '饮料', '节日', '食物', '日记', '自然', '运动', '旅行']
2025-06-09 16:36:35,411 - INFO - 完整APP模板: ['黑白', '动物', '特色', '饮料', '节日', '食物', '日记', '自然', '运动', '旅行']
2025-06-09 16:36:36,458 - INFO - 执行返回
2025-06-09 16:36:37,464 - INFO - 执行返回
2025-06-09 16:36:37,464 - INFO - 设备 PM220 处理完成
2025-06-09 16:36:37,464 - INFO - 设备 PM220 测试完成
2025-06-09 16:36:53,035 - INFO - 元素 ('xpath', '//androidx.recyclerview.widget.RecyclerView[@resource-id="com.nelko.printer:id/act_ai_category_rcv"]') 超时未找到
2025-06-09 16:36:53,036 - INFO - 执行第二个测试用例
2025-06-09 16:36:53,036 - INFO - 测试结束 - 设备: R5CT31Y438P , 版本: 14. 结果: 1错误, 0失败
