2025-04-25 15:00:14,977 - INFO - 测试开始 - 设备: a12b830d, 版本: 11
2025-04-25 15:00:30,081 - INFO - 开始测试设备: P21
2025-04-25 15:00:30,081 - INFO - 开始处理设备: P21
2025-04-25 15:00:30,081 - INFO - 正在选择设备: P21
2025-04-25 15:00:30,154 - INFO - 点击P21    =>定位值: com.nelko.printer:id/tv_printer_model, 
2025-04-25 15:00:31,213 - INFO - 点击P21    =>定位值: //android.widget.TextView[@resource-id="com.nelko.printer:id/text_device_name" and @text="P21"], 
2025-04-25 15:00:31,946 - INFO - 点击确定    =>定位值: com.nelko.printer:id/tv_ok, 
2025-04-25 15:00:31,982 - INFO - 设备 P21 选择完成
2025-04-25 15:00:33,018 - INFO - 点击AI打印    =>定位值: //android.widget.TextView[@resource-id="com.nelko.printer:id/view_menu_title" and @text="AI打印"], 
2025-04-25 15:00:33,822 - INFO - 点击AI图库    =>定位值: //android.widget.TextView[@text="AI图库"], 
2025-04-25 15:00:37,347 - INFO - P21完整API模板: ['黑白', '动物', '特色', '饮料', '节日', '食物', '日记', '自然', '运动', '旅行']
2025-04-25 15:00:37,347 - INFO - P21完整APP模板: ['黑白', '动物', '特色', '饮料', '节日', '食物', '日记', '自然', '运动', '旅行']
2025-04-25 15:00:38,656 - INFO - 执行返回
2025-04-25 15:00:39,162 - INFO - 设备 P21 处理完成
2025-04-25 15:00:39,162 - INFO - 设备 P21 测试完成
2025-04-25 15:00:39,162 - INFO - 开始测试设备: P31S
2025-04-25 15:00:39,162 - INFO - 开始处理设备: P31S
2025-04-25 15:00:39,162 - INFO - 正在选择设备: P31S
2025-04-25 15:00:45,097 - INFO - 点击P21    =>定位值: com.nelko.printer:id/tv_printer_model, 
2025-04-25 15:00:46,144 - INFO - 点击P31S    =>定位值: //android.widget.TextView[@resource-id="com.nelko.printer:id/text_device_name" and @text="P31S"], 
2025-04-25 15:00:46,815 - INFO - 点击确定    =>定位值: com.nelko.printer:id/tv_ok, 
2025-04-25 15:00:46,853 - INFO - 设备 P31S 选择完成
2025-04-25 15:00:48,114 - INFO - 点击AI打印    =>定位值: //android.widget.TextView[@resource-id="com.nelko.printer:id/view_menu_title" and @text="AI打印"], 
2025-04-25 15:00:58,504 - INFO - 点击AI图库    =>定位值: //android.widget.TextView[@text="AI图库"], 
2025-04-25 15:01:01,486 - INFO - P31S完整API模板: ['黑白', '动物', '特色', '饮料', '节日', '食物', '日记', '自然', '运动', '旅行']
2025-04-25 15:01:01,486 - INFO - P31S完整APP模板: ['黑白', '动物', '特色', '饮料', '节日', '食物', '日记', '自然', '运动', '旅行']
2025-04-25 15:01:02,796 - INFO - 执行返回
2025-04-25 15:01:03,307 - INFO - 设备 P31S 处理完成
2025-04-25 15:01:03,307 - INFO - 设备 P31S 测试完成
2025-04-25 15:01:03,307 - INFO - 开始测试设备: PM220
2025-04-25 15:01:03,307 - INFO - 开始处理设备: PM220
2025-04-25 15:01:03,307 - INFO - 正在选择设备: PM220
2025-04-25 15:01:04,524 - INFO - 点击P31S    =>定位值: com.nelko.printer:id/tv_printer_model, 
2025-04-25 15:01:05,633 - INFO - 点击PM220    =>定位值: //android.widget.TextView[@resource-id="com.nelko.printer:id/text_device_name" and @text="PM220"], 
2025-04-25 15:01:06,311 - INFO - 点击确定    =>定位值: com.nelko.printer:id/tv_ok, 
2025-04-25 15:01:06,346 - INFO - 设备 PM220 选择完成
2025-04-25 15:01:08,017 - INFO - 点击AI打印    =>定位值: //android.widget.TextView[@resource-id="com.nelko.printer:id/view_menu_title" and @text="AI打印"], 
2025-04-25 15:01:08,768 - INFO - 点击AI图库    =>定位值: //android.widget.TextView[@text="AI图库"], 
2025-04-25 15:01:11,729 - INFO - PM220完整API模板: ['黑白', '动物', '特色', '饮料', '节日', '食物', '日记', '自然', '运动', '旅行']
2025-04-25 15:01:11,730 - INFO - PM220完整APP模板: ['黑白', '动物', '特色', '饮料', '节日', '食物', '日记', '自然', '运动', '旅行']
2025-04-25 15:01:13,188 - INFO - 执行返回
2025-04-25 15:01:13,693 - INFO - 设备 PM220 处理完成
2025-04-25 15:01:13,693 - INFO - 设备 PM220 测试完成
2025-04-25 15:01:13,693 - INFO - 开始测试设备: PM220S
2025-04-25 15:01:13,693 - INFO - 开始处理设备: PM220S
2025-04-25 15:01:13,693 - INFO - 正在选择设备: PM220S
2025-04-25 15:01:15,941 - INFO - 点击PM220    =>定位值: com.nelko.printer:id/tv_printer_model, 
2025-04-25 15:01:16,953 - INFO - 点击PM220S    =>定位值: //android.widget.TextView[@resource-id="com.nelko.printer:id/text_device_name" and @text="PM220S"], 
