2025-04-29 13:52:56,251 - INFO - 测试开始 - 设备: a12b830d, 版本: 11
2025-04-29 13:53:11,379 - INFO - 开始测试设备: P21
2025-04-29 13:53:11,379 - INFO - 开始处理设备: P21
2025-04-29 13:53:11,379 - INFO - 正在选择设备: P21
2025-04-29 13:53:11,536 - INFO - 点击P21    =>定位值: com.nelko.printer:id/tv_printer_model, 
2025-04-29 13:53:12,581 - INFO - 点击P21    =>定位值: //android.widget.TextView[@resource-id="com.nelko.printer:id/text_device_name" and @text="P21"], 
2025-04-29 13:53:13,358 - INFO - 点击确定    =>定位值: com.nelko.printer:id/tv_ok, 
2025-04-29 13:53:13,404 - INFO - 设备 P21 选择完成
2025-04-29 13:53:14,362 - INFO - 点击AI打印    =>定位值: //android.widget.TextView[@resource-id="com.nelko.printer:id/view_menu_title" and @text="AI打印"], 
2025-04-29 13:53:15,238 - INFO - 点击AI图库    =>定位值: //android.widget.TextView[@text="AI图库"], 
2025-04-29 13:53:18,454 - INFO - P21完整API模板: ['黑白', '动物', '特色', '饮料', '节日', '食物', '日记', '自然', '运动', '旅行']
2025-04-29 13:53:18,455 - INFO - P21完整APP模板: ['黑白', '动物', '特色', '饮料', '节日', '食物', '日记', '自然', '运动', '旅行']
2025-04-29 13:53:18,773 - INFO - 点击收藏    =>定位值: //android.widget.TextView[@text="收藏"], 
2025-04-29 13:53:20,620 - INFO - 点击使用Email登录    =>定位值: //android.widget.TextView[@text="使用Email登录"], 
2025-04-29 13:53:21,998 - INFO - 点击邮箱    =>定位值: com.nelko.printer:id/edit_email, 
2025-04-29 13:53:26,048 - INFO - 点击密码    =>定位值: com.nelko.printer:id/edit_password, 
2025-04-29 13:53:27,631 - INFO - 执行返回
2025-04-29 13:53:28,574 - INFO - 点击[无可见文本]    =>定位值: com.nelko.printer:id/checkBox_agreement, 
2025-04-29 13:53:29,340 - INFO - 点击登录    =>定位值: com.nelko.printer:id/sign_in, 
2025-04-29 13:53:29,384 - INFO - 开始测试设备: P31S
2025-04-29 13:53:29,384 - INFO - 开始处理设备: P31S
2025-04-29 13:53:29,384 - INFO - 正在选择设备: P31S
2025-04-29 13:53:31,531 - INFO - 点击P21    =>定位值: com.nelko.printer:id/tv_printer_model, 
2025-04-29 13:53:32,609 - INFO - 点击P31S    =>定位值: //android.widget.TextView[@resource-id="com.nelko.printer:id/text_device_name" and @text="P31S"], 
2025-04-29 13:53:33,359 - INFO - 点击确定    =>定位值: com.nelko.printer:id/tv_ok, 
2025-04-29 13:53:33,418 - INFO - 设备 P31S 选择完成
