2025-07-09 10:33:06,332 - INFO - Driver initialized, starting test cases
2025-07-09 10:33:09,127 - INFO - 保存接口返回的第1个图片
2025-07-09 10:33:09,445 - INFO - 保存接口返回的第2个图片
2025-07-09 10:33:09,774 - INFO - 保存接口返回的第3个图片
2025-07-09 10:33:10,116 - INFO - 保存接口返回的第4个图片
2025-07-09 10:33:10,511 - INFO - 保存接口返回的第5个图片
2025-07-09 10:33:11,015 - INFO - 保存接口返回的第6个图片
2025-07-09 10:33:11,016 - INFO - 一共6张图片
2025-07-09 10:33:12,508 - INFO - 成功保存截图到：D:\huan\Print_APP\screenshots\app_banner\banner_1752028392.png
2025-07-09 10:33:16,010 - INFO - 成功保存截图到：D:\huan\Print_APP\screenshots\app_banner\banner_1752028395.png
2025-07-09 10:33:19,578 - INFO - 成功保存截图到：D:\huan\Print_APP\screenshots\app_banner\banner_1752028399.png
2025-07-09 10:33:23,184 - INFO - 成功保存截图到：D:\huan\Print_APP\screenshots\app_banner\banner_1752028402.png
2025-07-09 10:33:26,738 - INFO - 成功保存截图到：D:\huan\Print_APP\screenshots\app_banner\banner_1752028406.png
2025-07-09 10:33:30,128 - INFO - 成功保存截图到：D:\huan\Print_APP\screenshots\app_banner\banner_1752028409.png
2025-07-09 10:33:32,138 - INFO - 共截取并保存了 6 张唯一的banner截图。
2025-07-09 10:33:32,177 - INFO - APP保存的图片与接口返回的图片有95%以上相似，无需手动确认
2025-07-09 10:33:32,201 - INFO - APP保存的图片与接口返回的图片有95%以上相似，无需手动确认
2025-07-09 10:33:32,315 - INFO - APP保存的图片与接口返回的图片有95%以上相似，无需手动确认
2025-07-09 10:33:32,336 - INFO - APP保存的图片与接口返回的图片有95%以上相似，无需手动确认
2025-07-09 10:33:32,644 - INFO - APP保存的图片与接口返回的图片有95%以上相似，无需手动确认
2025-07-09 10:33:32,811 - INFO - APP保存的图片与接口返回的图片有95%以上相似，无需手动确认
2025-07-09 10:33:33,111 - INFO - APP保存的图片与接口返回的图片有95%以上相似，无需手动确认
2025-07-09 10:33:33,254 - INFO - APP保存的图片与接口返回的图片有95%以上相似，无需手动确认
2025-07-09 10:33:33,313 - INFO - APP保存的图片与接口返回的图片有95%以上相似，无需手动确认
2025-07-09 10:33:33,729 - INFO - 点击未连接    =>定位值: ('id', 'com.nelko.printer:id/tv_connect'), 
2025-07-09 10:33:37,812 - ERROR - 找不到PM230--11:FB:AF:F5:6F:52进入else
2025-07-09 10:33:38,103 - INFO - 点击刷新    =>定位值: ('xpath', '//android.widget.TextView[@text="刷新"]'), 
2025-07-09 10:33:46,589 - ERROR - 找不到PM230--11:FB:AF:F5:6F:52进入else
2025-07-09 10:33:46,827 - INFO - 点击刷新    =>定位值: ('xpath', '//android.widget.TextView[@text="刷新"]'), 
2025-07-09 10:33:56,260 - ERROR - 找不到PM230--11:FB:AF:F5:6F:52进入else
2025-07-09 10:33:56,593 - INFO - 点击刷新    =>定位值: ('xpath', '//android.widget.TextView[@text="刷新"]'), 
2025-07-09 10:34:02,187 - INFO - 点击11:FB:AF:F5:6F:52    =>定位值: ('xpath', '//android.widget.TextView[@resource-id="com.nelko.printer:id/tv_ble_address" and @text="11:FB:AF:F5:6F:52"]'), 
2025-07-09 10:34:04,158 - INFO - 点击已连接    =>定位值: ('id', 'com.nelko.printer:id/tv_connect'), 
2025-07-09 10:34:05,799 - INFO - 点击断开连接    =>定位值: ('id', 'com.nelko.printer:id/act_two_inch_bt_disconnect_tv'), 
2025-07-09 10:34:06,426 - INFO - 点击确定    =>定位值: ('id', 'com.nelko.printer:id/tv_sure'), 
2025-07-09 10:34:07,797 - ERROR - 执行返回
2025-07-09 10:34:07,978 - INFO - 点击未连接    =>定位值: ('id', 'com.nelko.printer:id/tv_connect'), 
2025-07-09 10:34:09,278 - INFO - 点击31:9D:6D:1A:51:BF    =>定位值: ('xpath', '//android.widget.TextView[@resource-id="com.nelko.printer:id/tv_ble_address" and @text="31:9D:6D:1A:51:BF"]'), 
2025-07-09 10:34:10,969 - INFO - 点击已连接    =>定位值: ('id', 'com.nelko.printer:id/tv_connect'), 
2025-07-09 10:34:12,514 - INFO - 点击断开连接    =>定位值: ('id', 'com.nelko.printer:id/act_two_inch_bt_disconnect_tv'), 
2025-07-09 10:34:13,131 - INFO - 点击确定    =>定位值: ('id', 'com.nelko.printer:id/tv_sure'), 
2025-07-09 10:34:14,473 - ERROR - 执行返回
2025-07-09 10:34:14,732 - INFO - 点击未连接    =>定位值: ('id', 'com.nelko.printer:id/tv_connect'), 
2025-07-09 10:34:16,685 - INFO - 点击43:2C:42:48:63:5F    =>定位值: ('xpath', '//android.widget.TextView[@resource-id="com.nelko.printer:id/tv_ble_address" and @text="43:2C:42:48:63:5F"]'), 
2025-07-09 10:34:19,860 - INFO - 点击已连接    =>定位值: ('id', 'com.nelko.printer:id/tv_connect'), 
2025-07-09 10:34:21,255 - INFO - 点击断开连接    =>定位值: ('id', 'com.nelko.printer:id/act_two_inch_bt_disconnect_tv'), 
2025-07-09 10:34:21,890 - INFO - 点击确定    =>定位值: ('id', 'com.nelko.printer:id/tv_sure'), 
2025-07-09 10:34:25,790 - ERROR - 执行返回
2025-07-09 10:34:25,790 - INFO - Test case execution finished
