2025-07-09 15:26:45,397 - INFO - Driver initialized, starting test cases
2025-07-09 15:26:46,344 - INFO - 开始测试设备: P21
2025-07-09 15:26:46,344 - INFO - 开始处理设备: P21
2025-07-09 15:26:46,344 - INFO - 正在选择设备: P21
2025-07-09 15:26:49,169 - INFO - 点击P21    =>定位值: ('id', 'com.nelko.printer:id/tv_printer_model'), 
2025-07-09 15:26:51,064 - INFO - 点击P21    =>定位值: ('xpath', '//android.widget.TextView[@resource-id="com.nelko.printer:id/text_device_name" and @text="P21"]'), 
2025-07-09 15:26:51,919 - INFO - 点击确定    =>定位值: ('id', 'com.nelko.printer:id/tv_ok'), 
2025-07-09 15:26:51,966 - INFO - 设备 P21 选择完成
2025-07-09 15:26:57,066 - ERROR - 元素 ('xpath', '//android.widget.TextView[@resource-id="com.nelko.printer:id/view_menu_title" and @text="AI打印"]') 超时未找到
2025-07-09 15:26:57,066 - INFO - 获取位置失败 ('xpath', '//android.widget.TextView[@resource-id="com.nelko.printer:id/view_menu_title" and @text="AI打印"]'), 点击事件执行失败
2025-07-09 15:26:57,071 - INFO - 开始测试设备: P31S
2025-07-09 15:26:57,071 - INFO - 开始处理设备: P31S
2025-07-09 15:26:57,071 - INFO - 正在选择设备: P31S
2025-07-09 15:26:57,288 - INFO - 点击P21    =>定位值: ('id', 'com.nelko.printer:id/tv_printer_model'), 
2025-07-09 15:26:58,577 - INFO - 点击P31S    =>定位值: ('xpath', '//android.widget.TextView[@resource-id="com.nelko.printer:id/text_device_name" and @text="P31S"]'), 
2025-07-09 15:26:59,341 - INFO - 点击确定    =>定位值: ('id', 'com.nelko.printer:id/tv_ok'), 
2025-07-09 15:26:59,387 - INFO - 设备 P31S 选择完成
2025-07-09 15:27:04,915 - ERROR - 元素 ('xpath', '//android.widget.TextView[@resource-id="com.nelko.printer:id/view_menu_title" and @text="AI打印"]') 超时未找到
2025-07-09 15:27:04,915 - INFO - 获取位置失败 ('xpath', '//android.widget.TextView[@resource-id="com.nelko.printer:id/view_menu_title" and @text="AI打印"]'), 点击事件执行失败
2025-07-09 15:27:04,917 - INFO - 开始测试设备: PM220
2025-07-09 15:27:04,917 - INFO - 开始处理设备: PM220
2025-07-09 15:27:04,917 - INFO - 正在选择设备: PM220
2025-07-09 15:27:05,189 - INFO - 点击P31S    =>定位值: ('id', 'com.nelko.printer:id/tv_printer_model'), 
2025-07-09 15:27:06,606 - INFO - 点击PM220    =>定位值: ('xpath', '//android.widget.TextView[@resource-id="com.nelko.printer:id/text_device_name" and @text="PM220"]'), 
2025-07-09 15:27:07,434 - INFO - 点击确定    =>定位值: ('id', 'com.nelko.printer:id/tv_ok'), 
2025-07-09 15:27:07,476 - INFO - 设备 PM220 选择完成
2025-07-09 15:27:09,588 - INFO - 点击AI打印    =>定位值: ('xpath', '//android.widget.TextView[@resource-id="com.nelko.printer:id/view_menu_title" and @text="AI打印"]'), 
