2025-06-09 16:42:15,093 - INFO - 测试开始 - 设备: 6ebb6b77, 版本: 12
2025-06-09 16:42:30,672 - INFO - P21
2025-06-09 16:42:31,800 - INFO - 点击PM220    =>定位值: com.nelko.printer:id/tv_printer_model, 
2025-06-09 16:42:45,864 - INFO - 元素 ('xpath', '//android.widget.TextView[@resource-id="com.nelko.printer:id/text_device_name" and @text="P21"]') 超时未找到
2025-06-09 16:42:45,864 - ERROR - 获取位置失败 //android.widget.TextView[@resource-id="com.nelko.printer:id/text_device_name" and @text="P21"], 点击事件执行失败
2025-06-09 16:42:45,864 - ERROR - 测试失败: 获取位置失败 //android.widget.TextView[@resource-id="com.nelko.printer:id/text_device_name" and @text="P21"], 点击事件执行失败
2025-06-09 16:42:45,870 - INFO - PM220
2025-06-09 16:42:46,295 - INFO - 点击P21    =>定位值: com.nelko.printer:id/tv_printer_model, 
2025-06-09 16:42:47,743 - INFO - 点击PM220    =>定位值: //android.widget.TextView[@resource-id="com.nelko.printer:id/text_device_name" and @text="PM220"], 
2025-06-09 16:42:48,466 - INFO - 点击确定    =>定位值: com.nelko.printer:id/tv_ok, 
2025-06-09 16:42:50,245 - INFO - 点击模板    =>定位值: //android.widget.TextView[@resource-id="com.nelko.printer:id/view_menu_title" and @text="模板"], 
2025-06-09 16:42:53,155 - INFO - PM220完整API模板: ['存储', '零售', '工作', '名片', '学习', '名字', '医疗', '祝福', '条码', '地址', 'DIY', '家居']
2025-06-09 16:42:53,155 - INFO - PM220完整APP模板: ['存储', '零售', '工作', '名片', '学习', '名字', '医疗', '祝福', '条码', '地址', 'DIY', '家居']
2025-06-09 16:42:53,305 - INFO - 点击全部尺寸    =>定位值: com.nelko.printer:id/text_size, 
2025-06-09 16:42:55,744 - INFO - PM220接口返回尺寸: ['30x20', '30x40', '30x50', '31x31', '40x30', '40x60', '50x30', '50x50', '50x80', '51x51', '80x50']
2025-06-09 16:42:55,744 - INFO - PM220APP展示尺寸: ['30x20', '30x40', '30x50', '31x31', '40x30', '40x60', '50x30', '50x50', '50x80', '51x51', '80x50']
2025-06-09 16:42:56,647 - INFO - 执行返回
2025-06-09 16:42:57,454 - INFO - 点击搜索    =>定位值: com.nelko.printer:id/view_et_content, 
2025-06-09 16:42:58,922 - INFO - 点击请输入搜索内容    =>定位值: com.nelko.printer:id/view_et_content, 
2025-06-09 16:43:04,255 - INFO - 点击全部尺寸    =>定位值: com.nelko.printer:id/text_size, 
2025-06-09 16:43:05,676 - INFO - 点击80x50    =>定位值: //android.widget.CheckBox[@text="80x50"], 
2025-06-09 16:43:06,404 - INFO - 点击确定    =>定位值: com.nelko.printer:id/btn_selected, 
2025-06-09 16:43:09,029 - INFO - 执行返回
2025-06-09 16:43:11,226 - INFO - 执行返回
2025-06-09 16:43:13,310 - INFO - 执行返回
2025-06-09 16:43:13,310 - INFO - PM230
2025-06-09 16:43:13,986 - INFO - 点击PM220    =>定位值: com.nelko.printer:id/tv_printer_model, 
2025-06-09 16:43:15,539 - INFO - 点击PM230    =>定位值: //android.widget.TextView[@resource-id="com.nelko.printer:id/text_device_name" and @text="PM230"], 
2025-06-09 16:43:16,276 - INFO - 点击确定    =>定位值: com.nelko.printer:id/tv_ok, 
2025-06-09 16:43:32,105 - INFO - 点击模板    =>定位值: //android.widget.TextView[@resource-id="com.nelko.printer:id/view_menu_title" and @text="模板"], 
2025-06-09 16:43:35,372 - INFO - PM230完整API模板: ['存储', '零售', '工作', '名片', '待办清单', '艺术', '学习', '自然植物', '食物']
2025-06-09 16:43:35,372 - INFO - PM230完整APP模板: ['存储', '零售', '工作', '名片', '待办清单', '艺术', '学习', '自然植物', '食物']
2025-06-09 16:43:35,914 - INFO - 点击全部尺寸    =>定位值: com.nelko.printer:id/text_size, 
2025-06-09 16:43:39,268 - ERROR - PM230接口返回但APP未展示的尺寸: 54x87, 54x90, 86x54, 54x85, 80x54, 64x54
2025-06-09 16:43:39,269 - INFO - PM230接口返回尺寸: ['100x54', '110x54', '115x54', '120x54', '130x54', '54x104', '54x110', '54x166', '54x24', '54x31', '54x35', '54x36', '54x37', '54x38', '54x41', '54x46', '54x47', '54x48', '54x50', '54x52', '54x54', '54x56', '54x58', '54x60', '54x62', '54x64', '54x67', '54x68', '54x70', '54x73', '54x74', '54x75', '54x76', '54x77', '54x79', '54x80', '54x85', '54x87', '54x90', '64x54', '80x54', '86x54']
2025-06-09 16:43:39,269 - INFO - PM230APP展示尺寸: ['100x54', '110x54', '115x54', '120x54', '130x54', '54x104', '54x110', '54x166', '54x24', '54x31', '54x35', '54x36', '54x37', '54x38', '54x41', '54x46', '54x47', '54x48', '54x50', '54x52', '54x54', '54x56', '54x58', '54x60', '54x62', '54x64', '54x67', '54x68', '54x70', '54x73', '54x74', '54x75', '54x76', '54x77', '54x79', '54x80']
2025-06-09 16:43:40,308 - INFO - 执行返回
2025-06-09 16:43:40,901 - INFO - 点击搜索    =>定位值: com.nelko.printer:id/view_et_content, 
2025-06-09 16:43:42,802 - INFO - 点击请输入搜索内容    =>定位值: com.nelko.printer:id/view_et_content, 
2025-06-09 16:43:48,521 - INFO - 点击全部尺寸    =>定位值: com.nelko.printer:id/text_size, 
2025-06-09 16:44:04,263 - INFO - 元素 ('xpath', '//android.widget.CheckBox[@text="64x54"]') 超时未找到
2025-06-09 16:44:04,263 - ERROR - 获取位置失败 //android.widget.CheckBox[@text="64x54"], 点击事件执行失败
2025-06-09 16:44:04,263 - ERROR - 测试失败: 获取位置失败 //android.widget.CheckBox[@text="64x54"], 点击事件执行失败
2025-06-09 16:44:04,264 - INFO - 测试结束 - 设备: 6ebb6b77, 版本: 12. 结果: 0错误, 2失败
