2025-05-27 13:35:54,897 - INFO - 测试开始 - 设备: 6ebb6b77, 版本: 12
2025-05-27 13:36:10,172 - INFO - P21
2025-05-27 13:36:10,317 - INFO - 点击P21    =>定位值: com.nelko.printer:id/tv_printer_model, 
2025-05-27 13:36:11,811 - INFO - 点击P21    =>定位值: //android.widget.TextView[@resource-id="com.nelko.printer:id/text_device_name" and @text="P21"], 
2025-05-27 13:36:12,566 - INFO - 点击确定    =>定位值: com.nelko.printer:id/tv_ok, 
2025-05-27 13:36:14,102 - INFO - 点击模板    =>定位值: //android.widget.TextView[@resource-id="com.nelko.printer:id/view_menu_title" and @text="模板"], 
2025-05-27 13:36:17,552 - INFO - P21完整API模板: ['存储', '零售', '工作', '学习', '名字', '医疗', '祝福', '开关', '地址', '其他']
2025-05-27 13:36:17,557 - INFO - P21完整APP模板: ['存储', '零售', '工作', '学习', '名字', '医疗', '祝福', '开关', '地址', '其他']
2025-05-27 13:36:17,668 - INFO - 点击全部尺寸    =>定位值: com.nelko.printer:id/text_size, 
2025-05-27 13:36:20,253 - INFO - P21接口返回尺寸: ['14x40', '40x14', '40x15', '75x14']
2025-05-27 13:36:20,253 - INFO - P21APP展示尺寸: ['14x40', '40x14', '40x15', '75x14']
2025-05-27 13:36:21,182 - INFO - 执行返回
2025-05-27 13:36:21,518 - INFO - 点击搜索    =>定位值: com.nelko.printer:id/view_et_content, 
2025-05-27 13:36:22,687 - INFO - 点击请输入搜索内容    =>定位值: com.nelko.printer:id/view_et_content, 
2025-05-27 13:36:28,113 - INFO - 点击全部尺寸    =>定位值: com.nelko.printer:id/text_size, 
2025-05-27 13:36:30,111 - INFO - 点击40x14    =>定位值: //android.widget.CheckBox[@text="40x14"], 
2025-05-27 13:36:31,337 - INFO - 点击确定    =>定位值: com.nelko.printer:id/btn_selected, 
2025-05-27 13:36:33,093 - INFO - 执行返回
2025-05-27 13:36:35,328 - INFO - 执行返回
2025-05-27 13:36:36,498 - INFO - 执行返回
2025-05-27 13:36:36,498 - INFO - PM220
2025-05-27 13:36:36,636 - INFO - 点击P21    =>定位值: com.nelko.printer:id/tv_printer_model, 
2025-05-27 13:36:37,890 - INFO - 点击PM220    =>定位值: //android.widget.TextView[@resource-id="com.nelko.printer:id/text_device_name" and @text="PM220"], 
2025-05-27 13:36:39,043 - INFO - 点击确定    =>定位值: com.nelko.printer:id/tv_ok, 
2025-05-27 13:36:40,564 - INFO - 点击模板    =>定位值: //android.widget.TextView[@resource-id="com.nelko.printer:id/view_menu_title" and @text="模板"], 
2025-05-27 13:36:42,547 - INFO - PM220完整API模板: ['存储', '零售', '工作', '学习', '名字', '医疗', '祝福', '条码', '地址', 'DIY', '家居']
2025-05-27 13:36:42,547 - INFO - PM220完整APP模板: ['存储', '零售', '工作', '学习', '名字', '医疗', '祝福', '条码', '地址', 'DIY', '家居']
2025-05-27 13:36:42,594 - INFO - 点击全部尺寸    =>定位值: com.nelko.printer:id/text_size, 
2025-05-27 13:36:45,097 - INFO - PM220接口返回尺寸: ['30x20', '30x40', '30x50', '31x31', '40x30', '40x60', '50x30', '50x50', '50x80', '51x51', '80x50']
2025-05-27 13:36:45,097 - INFO - PM220APP展示尺寸: ['30x20', '30x40', '30x50', '31x31', '40x30', '40x60', '50x30', '50x50', '50x80', '51x51', '80x50']
2025-05-27 13:36:46,042 - INFO - 执行返回
2025-05-27 13:36:46,416 - INFO - 点击搜索    =>定位值: com.nelko.printer:id/view_et_content, 
2025-05-27 13:36:48,083 - INFO - 点击请输入搜索内容    =>定位值: com.nelko.printer:id/view_et_content, 
2025-05-27 13:36:53,920 - INFO - 点击全部尺寸    =>定位值: com.nelko.printer:id/text_size, 
2025-05-27 13:36:55,268 - INFO - 点击50x30    =>定位值: //android.widget.CheckBox[@text="50x30"], 
2025-05-27 13:36:56,007 - INFO - 点击确定    =>定位值: com.nelko.printer:id/btn_selected, 
2025-05-27 13:36:57,756 - INFO - 执行返回
2025-05-27 13:36:58,984 - INFO - 执行返回
2025-05-27 13:37:00,182 - INFO - 执行返回
2025-05-27 13:37:00,182 - INFO - PM230
2025-05-27 13:37:00,713 - INFO - 点击PM220    =>定位值: com.nelko.printer:id/tv_printer_model, 
2025-05-27 13:37:01,870 - INFO - 点击PM230    =>定位值: //android.widget.TextView[@resource-id="com.nelko.printer:id/text_device_name" and @text="PM230"], 
2025-05-27 13:37:02,621 - INFO - 点击确定    =>定位值: com.nelko.printer:id/tv_ok, 
2025-05-27 13:37:18,040 - INFO - 点击模板    =>定位值: //android.widget.TextView[@resource-id="com.nelko.printer:id/view_menu_title" and @text="模板"], 
2025-05-27 13:37:19,960 - INFO - PM230完整API模板: ['存储', '零售', '工作', '名片', '待办清单', '便利贴', '艺术', '自然植物']
2025-05-27 13:37:19,960 - INFO - PM230完整APP模板: ['存储', '零售', '工作', '名片', '待办清单', '便利贴', '艺术', '自然植物']
2025-05-27 13:37:20,003 - INFO - 点击全部尺寸    =>定位值: com.nelko.printer:id/text_size, 
2025-05-27 13:37:23,245 - INFO - PM230接口返回尺寸: ['115x54', '54x166', '54x24', '54x31', '54x35', '54x36', '54x37', '54x38', '54x41', '54x46', '54x47', '54x48', '54x50', '54x52', '54x54', '54x56', '54x58', '54x60', '54x62', '54x64', '54x67', '54x68', '54x70', '54x73', '54x74', '54x75', '54x76', '54x77', '54x79', '54x80', '54x85', '54x87', '54x90', '86x54']
2025-05-27 13:37:23,245 - INFO - PM230APP展示尺寸: ['115x54', '54x166', '54x24', '54x31', '54x35', '54x36', '54x37', '54x38', '54x41', '54x46', '54x47', '54x48', '54x50', '54x52', '54x54', '54x56', '54x58', '54x60', '54x62', '54x64', '54x67', '54x68', '54x70', '54x73', '54x74', '54x75', '54x76', '54x77', '54x79', '54x80', '54x85', '54x87', '54x90', '86x54']
2025-05-27 13:37:24,184 - INFO - 执行返回
2025-05-27 13:37:24,781 - INFO - 点击搜索    =>定位值: com.nelko.printer:id/view_et_content, 
2025-05-27 13:37:25,967 - INFO - 点击请输入搜索内容    =>定位值: com.nelko.printer:id/view_et_content, 
2025-05-27 13:37:32,115 - INFO - 点击全部尺寸    =>定位值: com.nelko.printer:id/text_size, 
2025-05-27 13:37:33,558 - INFO - 点击115x54    =>定位值: //android.widget.CheckBox[@text="115x54"], 
2025-05-27 13:37:49,424 - INFO - 元素 ('id', 'com.nelko.printer:id/btn_selected') 超时未找到
2025-05-27 13:37:49,424 - ERROR - 获取位置失败 com.nelko.printer:id/btn_selected, 点击事件执行失败
2025-05-27 13:37:49,424 - ERROR - 测试失败: 获取位置失败 com.nelko.printer:id/btn_selected, 点击事件执行失败
2025-05-27 13:37:49,426 - INFO - 测试结束 - 设备: 6ebb6b77, 版本: 12. 结果: 0错误, 1失败
