2025-07-09 10:22:59,963 - INFO - Driver initialized, starting test cases
2025-07-09 10:23:03,743 - INFO - 点击未连接    =>定位值: ('id', 'com.nelko.printer:id/tv_connect'), 
2025-07-09 10:23:11,689 - ERROR - 元素 ('xpath', '//android.widget.TextView[@resource-id="com.nelko.printer:id/tv_title"]') 超时未找到
2025-07-09 10:23:11,712 - ERROR - 找不到PM230--11:FB:AF:F5:6F:52进入else
2025-07-09 10:23:14,524 - INFO - 点击刷新    =>定位值: ('xpath', '//android.widget.TextView[@text="刷新"]'), 
2025-07-09 10:23:18,291 - INFO - 点击11:FB:AF:F5:6F:52    =>定位值: ('xpath', '//android.widget.TextView[@resource-id="com.nelko.printer:id/tv_ble_address" and @text="11:FB:AF:F5:6F:52"]'), 
2025-07-09 10:23:20,301 - INFO - 点击已连接    =>定位值: ('id', 'com.nelko.printer:id/tv_connect'), 
2025-07-09 10:23:22,217 - INFO - 点击断开连接    =>定位值: ('id', 'com.nelko.printer:id/act_two_inch_bt_disconnect_tv'), 
2025-07-09 10:23:22,876 - INFO - 点击确定    =>定位值: ('id', 'com.nelko.printer:id/tv_sure'), 
2025-07-09 10:23:25,500 - ERROR - 执行返回
2025-07-09 10:23:25,597 - ERROR - 找不到PM230--11:FB:AF:F5:6F:52进入else
2025-07-09 10:23:31,116 - ERROR - 元素 ('xpath', '//android.widget.TextView[@text="刷新"]') 超时未找到
2025-07-09 10:23:31,116 - INFO - 获取位置失败 ('xpath', '//android.widget.TextView[@text="刷新"]'), 点击事件执行失败
2025-07-09 10:23:31,510 - INFO - 点击未连接    =>定位值: ('id', 'com.nelko.printer:id/tv_connect'), 
2025-07-09 10:23:32,964 - INFO - 点击31:9D:6D:1A:51:BF    =>定位值: ('xpath', '//android.widget.TextView[@resource-id="com.nelko.printer:id/tv_ble_address" and @text="31:9D:6D:1A:51:BF"]'), 
2025-07-09 10:23:38,347 - ERROR - 元素 ('id', 'com.nelko.printer:id/tv_connect') 超时未找到
2025-07-09 10:23:38,347 - INFO - 获取位置失败 ('id', 'com.nelko.printer:id/tv_connect'), 点击事件执行失败
2025-07-09 10:23:40,419 - INFO - 点击已连接    =>定位值: ('id', 'com.nelko.printer:id/tv_connect'), 
2025-07-09 10:23:42,075 - ERROR - 找不到P21--43:2C:42:48:63:5F进入else
2025-07-09 10:23:42,237 - INFO - 点击刷新    =>定位值: ('xpath', '//android.widget.TextView[@text="刷新"]'), 
2025-07-09 10:23:44,828 - INFO - Test case execution finished
