2025-06-09 16:42:11,658 - INFO - 测试开始 - 设备: 34021JEHN00888, 版本: 16
2025-06-09 16:42:26,949 - INFO - 点击未连接    =>定位值: com.nelko.printer:id/tv_connect, 
2025-06-09 16:43:19,241 - ERROR - 找不到PM230--98:E0:00:97:D3:1C进入else
2025-06-09 16:43:19,416 - INFO - 点击刷新    =>定位值: //android.widget.TextView[@text="刷新"], 
2025-06-09 16:43:59,327 - ERROR - 找不到PM230--98:E0:00:97:D3:1C进入else
2025-06-09 16:43:59,477 - INFO - 点击刷新    =>定位值: //android.widget.TextView[@text="刷新"], 
2025-06-09 16:44:38,135 - ERROR - 找不到PM230--98:E0:00:97:D3:1C进入else
2025-06-09 16:44:38,272 - INFO - 点击刷新    =>定位值: //android.widget.TextView[@text="刷新"], 
2025-06-09 16:45:18,618 - ERROR - 找不到PM230--98:E0:00:97:D3:1C进入else
2025-06-09 16:45:18,749 - INFO - 点击刷新    =>定位值: //android.widget.TextView[@text="刷新"], 
2025-06-09 16:45:57,660 - ERROR - 找不到PM230--98:E0:00:97:D3:1C进入else
2025-06-09 16:45:57,796 - INFO - 点击刷新    =>定位值: //android.widget.TextView[@text="刷新"], 
2025-06-09 16:46:37,532 - ERROR - 找不到PM230--98:E0:00:97:D3:1C进入else
2025-06-09 16:46:37,681 - INFO - 点击刷新    =>定位值: //android.widget.TextView[@text="刷新"], 
2025-06-09 16:47:17,427 - ERROR - 找不到PM230--98:E0:00:97:D3:1C进入else
2025-06-09 16:47:17,560 - INFO - 点击刷新    =>定位值: //android.widget.TextView[@text="刷新"], 
2025-06-09 16:47:56,777 - ERROR - 找不到PM230--98:E0:00:97:D3:1C进入else
2025-06-09 16:47:56,908 - INFO - 点击刷新    =>定位值: //android.widget.TextView[@text="刷新"], 
2025-06-09 16:48:34,654 - ERROR - 找不到PM230--98:E0:00:97:D3:1C进入else
2025-06-09 16:48:34,761 - INFO - 点击刷新    =>定位值: //android.widget.TextView[@text="刷新"], 
2025-06-09 16:49:13,875 - ERROR - 找不到PM230--98:E0:00:97:D3:1C进入else
2025-06-09 16:49:14,010 - INFO - 点击刷新    =>定位值: //android.widget.TextView[@text="刷新"], 
2025-06-09 16:49:53,186 - ERROR - 找不到PM230--98:E0:00:97:D3:1C进入else
2025-06-09 16:49:53,307 - INFO - 点击刷新    =>定位值: //android.widget.TextView[@text="刷新"], 
2025-06-09 16:50:32,698 - ERROR - 找不到PM230--98:E0:00:97:D3:1C进入else
2025-06-09 16:50:32,830 - INFO - 点击刷新    =>定位值: //android.widget.TextView[@text="刷新"], 
2025-06-09 16:51:12,145 - ERROR - 找不到PM230--98:E0:00:97:D3:1C进入else
2025-06-09 16:51:12,263 - INFO - 点击刷新    =>定位值: //android.widget.TextView[@text="刷新"], 
2025-06-09 16:51:51,626 - ERROR - 找不到PM230--98:E0:00:97:D3:1C进入else
2025-06-09 16:51:51,754 - INFO - 点击刷新    =>定位值: //android.widget.TextView[@text="刷新"], 
2025-06-09 16:52:30,487 - ERROR - 找不到PM230--98:E0:00:97:D3:1C进入else
2025-06-09 16:52:30,606 - INFO - 点击刷新    =>定位值: //android.widget.TextView[@text="刷新"], 
2025-06-09 16:53:09,627 - ERROR - 找不到PM230--98:E0:00:97:D3:1C进入else
2025-06-09 16:53:09,722 - INFO - 点击刷新    =>定位值: //android.widget.TextView[@text="刷新"], 
2025-06-09 16:53:48,776 - ERROR - 找不到PM230--98:E0:00:97:D3:1C进入else
2025-06-09 16:53:48,898 - INFO - 点击刷新    =>定位值: //android.widget.TextView[@text="刷新"], 
2025-06-09 16:54:28,168 - ERROR - 找不到PM230--98:E0:00:97:D3:1C进入else
2025-06-09 16:54:28,279 - INFO - 点击刷新    =>定位值: //android.widget.TextView[@text="刷新"], 
2025-06-09 16:55:09,153 - ERROR - 找不到PM230--98:E0:00:97:D3:1C进入else
2025-06-09 16:55:09,263 - INFO - 点击刷新    =>定位值: //android.widget.TextView[@text="刷新"], 
2025-06-09 16:55:48,053 - ERROR - 找不到PM230--98:E0:00:97:D3:1C进入else
2025-06-09 16:55:48,163 - INFO - 点击刷新    =>定位值: //android.widget.TextView[@text="刷新"], 
2025-06-09 16:56:27,491 - ERROR - 找不到PM230--98:E0:00:97:D3:1C进入else
2025-06-09 16:56:27,620 - INFO - 点击刷新    =>定位值: //android.widget.TextView[@text="刷新"], 
2025-06-09 16:57:07,359 - ERROR - 找不到PM230--98:E0:00:97:D3:1C进入else
2025-06-09 16:57:07,483 - INFO - 点击刷新    =>定位值: //android.widget.TextView[@text="刷新"], 
2025-06-09 16:57:46,209 - ERROR - 找不到PM230--98:E0:00:97:D3:1C进入else
2025-06-09 16:57:46,334 - INFO - 点击刷新    =>定位值: //android.widget.TextView[@text="刷新"], 
2025-06-09 16:58:25,417 - ERROR - 找不到PM230--98:E0:00:97:D3:1C进入else
2025-06-09 16:58:25,536 - INFO - 点击刷新    =>定位值: //android.widget.TextView[@text="刷新"], 
2025-06-09 16:59:06,475 - ERROR - 找不到PM230--98:E0:00:97:D3:1C进入else
2025-06-09 16:59:06,594 - INFO - 点击刷新    =>定位值: //android.widget.TextView[@text="刷新"], 
2025-06-09 16:59:46,132 - ERROR - 找不到PM230--98:E0:00:97:D3:1C进入else
2025-06-09 16:59:46,256 - INFO - 点击刷新    =>定位值: //android.widget.TextView[@text="刷新"], 
2025-06-09 17:00:25,059 - ERROR - 找不到PM230--98:E0:00:97:D3:1C进入else
2025-06-09 17:00:25,178 - INFO - 点击刷新    =>定位值: //android.widget.TextView[@text="刷新"], 
2025-06-09 17:01:04,014 - ERROR - 找不到PM230--98:E0:00:97:D3:1C进入else
2025-06-09 17:01:04,143 - INFO - 点击刷新    =>定位值: //android.widget.TextView[@text="刷新"], 
2025-06-09 17:01:34,019 - INFO - 测试结束 - 设备: 34021JEHN00888, 版本: 16. 结果: 3错误, 0失败
