2025-07-15 17:59:09,221 - INFO - Driver initialized, starting test cases
2025-07-15 17:59:09,677 - ERROR - P21
2025-07-15 17:59:12,945 - INFO - 点击P21    =>定位值: ('id', 'com.nelko.printer:id/tv_printer_model'), 
2025-07-15 17:59:14,125 - INFO - 点击P21    =>定位值: ('xpath', '//android.widget.TextView[@resource-id="com.nelko.printer:id/text_device_name" and @text="P21"]'), 
2025-07-15 17:59:14,927 - INFO - 点击确定    =>定位值: ('id', 'com.nelko.printer:id/tv_ok'), 
2025-07-15 17:59:16,432 - INFO - 点击模板    =>定位值: ('xpath', '//android.widget.TextView[@resource-id="com.nelko.printer:id/view_menu_title" and @text="模板"]'), 
2025-07-15 17:59:17,148 - ERROR - P21模板类型在接口但不在APP中: 学习, 免费, 零售, 名字, 工作, 开关, 存储, 祝福, 地址, 日常生活, 其他, 医疗
2025-07-15 17:59:17,148 - INFO - P21完整API模板: ['免费', '存储', '零售', '工作', '学习', '名字', '医疗', '祝福', '开关', '地址', '日常生活', '其他']
2025-07-15 17:59:17,148 - INFO - P21完整APP模板: []
2025-07-15 17:59:17,214 - INFO - 点击全部尺寸    =>定位值: ('id', 'com.nelko.printer:id/text_size'), 
2025-07-15 17:59:20,490 - INFO - P21接口返回尺寸: ['14x40', '30x14', '40x12', '40x14', '40x15', '50x14', '75x14']
2025-07-15 17:59:20,490 - INFO - P21APP展示尺寸: ['14x40', '30x14', '40x12', '40x14', '40x15', '50x14', '75x14']
2025-07-15 17:59:21,398 - ERROR - 执行返回
2025-07-15 17:59:21,693 - INFO - 点击搜索    =>定位值: ('id', 'com.nelko.printer:id/view_et_content'), 
2025-07-15 17:59:22,849 - INFO - 点击请输入搜索内容    =>定位值: ('id', 'com.nelko.printer:id/view_et_content'), 
2025-07-15 17:59:27,824 - INFO - 点击全部尺寸    =>定位值: ('id', 'com.nelko.printer:id/text_size'), 
2025-07-15 17:59:29,691 - INFO - 点击40x14    =>定位值: ('xpath', '//android.widget.CheckBox[@text="40x14"]'), 
2025-07-15 17:59:30,414 - INFO - 点击确定    =>定位值: ('id', 'com.nelko.printer:id/btn_selected'), 
2025-07-15 17:59:32,097 - ERROR - 执行返回
2025-07-15 17:59:34,327 - ERROR - 执行返回
2025-07-15 17:59:36,487 - ERROR - 执行返回
2025-07-15 17:59:36,487 - ERROR - PM220
2025-07-15 17:59:36,754 - INFO - 点击P21    =>定位值: ('id', 'com.nelko.printer:id/tv_printer_model'), 
2025-07-15 17:59:37,997 - INFO - 点击PM220    =>定位值: ('xpath', '//android.widget.TextView[@resource-id="com.nelko.printer:id/text_device_name" and @text="PM220"]'), 
2025-07-15 17:59:39,193 - INFO - 点击确定    =>定位值: ('id', 'com.nelko.printer:id/tv_ok'), 
2025-07-15 17:59:41,381 - INFO - 点击模板    =>定位值: ('xpath', '//android.widget.TextView[@resource-id="com.nelko.printer:id/view_menu_title" and @text="模板"]'), 
2025-07-15 17:59:44,363 - INFO - PM220完整API模板: ['免费', '存储', '零售', '工作', '名片', '学习', '名字', '医疗', '祝福', '条码', '地址', 'DIY', '家居']
2025-07-15 17:59:44,363 - INFO - PM220完整APP模板: ['免费', '存储', '零售', '工作', '名片', '学习', '名字', '医疗', '祝福', '条码', '地址', 'DIY', '家居']
2025-07-15 17:59:44,547 - INFO - 点击全部尺寸    =>定位值: ('id', 'com.nelko.printer:id/text_size'), 
2025-07-15 17:59:47,833 - INFO - PM220接口返回尺寸: ['30x20', '30x40', '30x50', '31x31', '40x30', '40x60', '50x30', '50x50', '50x80', '51x51', '80x50']
2025-07-15 17:59:47,833 - INFO - PM220APP展示尺寸: ['30x20', '30x40', '30x50', '31x31', '40x30', '40x60', '50x30', '50x50', '50x80', '51x51', '80x50']
2025-07-15 17:59:48,712 - ERROR - 执行返回
2025-07-15 17:59:48,939 - INFO - 点击搜索    =>定位值: ('id', 'com.nelko.printer:id/view_et_content'), 
2025-07-15 17:59:50,109 - INFO - 点击请输入搜索内容    =>定位值: ('id', 'com.nelko.printer:id/view_et_content'), 
2025-07-15 17:59:55,690 - INFO - 点击全部尺寸    =>定位值: ('id', 'com.nelko.printer:id/text_size'), 
2025-07-15 17:59:58,223 - INFO - 点击50x30    =>定位值: ('xpath', '//android.widget.CheckBox[@text="50x30"]'), 
2025-07-15 17:59:59,013 - INFO - 点击确定    =>定位值: ('id', 'com.nelko.printer:id/btn_selected'), 
2025-07-15 18:00:00,715 - ERROR - 执行返回
2025-07-15 18:00:02,965 - ERROR - 执行返回
2025-07-15 18:00:04,113 - ERROR - 执行返回
2025-07-15 18:00:04,113 - ERROR - PM230
2025-07-15 18:00:04,350 - INFO - 点击PM220    =>定位值: ('id', 'com.nelko.printer:id/tv_printer_model'), 
2025-07-15 18:00:05,509 - INFO - 点击PM230    =>定位值: ('xpath', '//android.widget.TextView[@resource-id="com.nelko.printer:id/text_device_name" and @text="PM230"]'), 
2025-07-15 18:00:06,334 - INFO - 点击确定    =>定位值: ('id', 'com.nelko.printer:id/tv_ok'), 
2025-07-15 18:00:08,391 - INFO - 点击模板    =>定位值: ('xpath', '//android.widget.TextView[@resource-id="com.nelko.printer:id/view_menu_title" and @text="模板"]'), 
2025-07-15 18:00:10,890 - INFO - PM230完整API模板: ['免费', '存储', '零售', '工作', '名片', '待办清单', '艺术', '学习', '自然植物', '食物']
2025-07-15 18:00:10,890 - INFO - PM230完整APP模板: ['免费', '存储', '零售', '工作', '名片', '待办清单', '艺术', '学习', '自然植物', '食物']
2025-07-15 18:00:11,037 - INFO - 点击全部尺寸    =>定位值: ('id', 'com.nelko.printer:id/text_size'), 
2025-07-15 18:00:14,124 - ERROR - PM230接口返回但APP未展示的尺寸: 54x80, 54x85, 86x54, 54x79, 54x87, 80x54, 54x90, 64x54
2025-07-15 18:00:14,124 - INFO - PM230接口返回尺寸: ['100x54', '110x54', '115x54', '120x54', '130x54', '54x104', '54x110', '54x166', '54x24', '54x31', '54x35', '54x36', '54x37', '54x38', '54x41', '54x45', '54x47', '54x50', '54x52', '54x54', '54x56', '54x58', '54x60', '54x62', '54x64', '54x67', '54x68', '54x70', '54x73', '54x74', '54x75', '54x76', '54x77', '54x79', '54x80', '54x85', '54x87', '54x90', '64x54', '80x54', '86x54']
2025-07-15 18:00:14,124 - INFO - PM230APP展示尺寸: ['100x54', '110x54', '115x54', '120x54', '130x54', '54x104', '54x110', '54x166', '54x24', '54x31', '54x35', '54x36', '54x37', '54x38', '54x41', '54x45', '54x47', '54x50', '54x52', '54x54', '54x56', '54x58', '54x60', '54x62', '54x64', '54x67', '54x68', '54x70', '54x73', '54x74', '54x75', '54x76', '54x77']
2025-07-15 18:00:15,011 - ERROR - 执行返回
2025-07-15 18:00:15,236 - INFO - 点击搜索    =>定位值: ('id', 'com.nelko.printer:id/view_et_content'), 
2025-07-15 18:00:16,362 - INFO - 点击请输入搜索内容    =>定位值: ('id', 'com.nelko.printer:id/view_et_content'), 
2025-07-15 18:00:21,818 - INFO - 点击全部尺寸    =>定位值: ('id', 'com.nelko.printer:id/text_size'), 
2025-07-15 18:00:23,022 - INFO - 点击54x50    =>定位值: ('xpath', '//android.widget.CheckBox[@text="54x50"]'), 
2025-07-15 18:00:23,867 - INFO - 点击确定    =>定位值: ('id', 'com.nelko.printer:id/btn_selected'), 
2025-07-15 18:00:25,548 - ERROR - 执行返回
2025-07-15 18:00:27,781 - ERROR - 执行返回
2025-07-15 18:00:29,926 - ERROR - 执行返回
2025-07-15 18:00:29,927 - INFO - Test case execution finished
