2025-07-15 17:57:59,699 - INFO - Driver initialized, starting test cases
2025-07-15 17:58:00,150 - ERROR - P21
2025-07-15 17:58:03,918 - INFO - 点击P21    =>定位值: ('id', 'com.nelko.printer:id/tv_printer_model'), 
2025-07-15 17:58:05,053 - INFO - 点击P21    =>定位值: ('xpath', '//android.widget.TextView[@resource-id="com.nelko.printer:id/text_device_name" and @text="P21"]'), 
2025-07-15 17:58:05,867 - INFO - 点击确定    =>定位值: ('id', 'com.nelko.printer:id/tv_ok'), 
2025-07-15 17:58:07,397 - INFO - 点击模板    =>定位值: ('xpath', '//android.widget.TextView[@resource-id="com.nelko.printer:id/view_menu_title" and @text="模板"]'), 
2025-07-15 17:58:09,455 - INFO - P21完整API模板: ['免费', '存储', '零售', '工作', '学习', '名字', '医疗', '祝福', '开关', '地址', '日常生活', '其他']
2025-07-15 17:58:09,455 - INFO - P21完整APP模板: ['免费', '存储', '零售', '工作', '学习', '名字', '医疗', '祝福', '开关', '地址', '日常生活', '其他']
2025-07-15 17:58:10,294 - INFO - 点击全部尺寸    =>定位值: ('id', 'com.nelko.printer:id/text_size'), 
2025-07-15 17:58:13,671 - INFO - P21接口返回尺寸: ['14x40', '30x14', '40x12', '40x14', '40x15', '50x14', '75x14']
2025-07-15 17:58:13,671 - INFO - P21APP展示尺寸: ['14x40', '30x14', '40x12', '40x14', '40x15', '50x14', '75x14']
2025-07-15 17:58:14,557 - ERROR - 执行返回
2025-07-15 17:58:14,868 - INFO - 点击搜索    =>定位值: ('id', 'com.nelko.printer:id/view_et_content'), 
2025-07-15 17:58:16,024 - INFO - 点击请输入搜索内容    =>定位值: ('id', 'com.nelko.printer:id/view_et_content'), 
2025-07-15 17:58:21,629 - INFO - 点击全部尺寸    =>定位值: ('id', 'com.nelko.printer:id/text_size'), 
2025-07-15 17:58:23,506 - INFO - 点击40x14    =>定位值: ('xpath', '//android.widget.CheckBox[@text="40x14"]'), 
2025-07-15 17:58:24,358 - INFO - 点击确定    =>定位值: ('id', 'com.nelko.printer:id/btn_selected'), 
2025-07-15 17:58:27,070 - ERROR - 执行返回
2025-07-15 17:58:29,226 - ERROR - 执行返回
2025-07-15 17:58:30,361 - ERROR - 执行返回
2025-07-15 17:58:30,361 - INFO - Test case execution finished
